{"/Users/caugello/Dev/macmac/frontend/.eslintrc.cjs": {"path":"/Users/caugello/Dev/macmac/frontend/.eslintrc.cjs","all":true,"statementMap":{"0":{"start":{"line":1,"column":0},"end":{"line":1,"column":18}},"1":{"start":{"line":2,"column":0},"end":{"line":2,"column":13}},"2":{"start":{"line":3,"column":0},"end":{"line":3,"column":39}},"3":{"start":{"line":4,"column":0},"end":{"line":4,"column":12}},"4":{"start":{"line":5,"column":0},"end":{"line":5,"column":25}},"5":{"start":{"line":6,"column":0},"end":{"line":6,"column":44}},"6":{"start":{"line":7,"column":0},"end":{"line":7,"column":37}},"7":{"start":{"line":8,"column":0},"end":{"line":8,"column":31}},"8":{"start":{"line":9,"column":0},"end":{"line":9,"column":31}},"9":{"start":{"line":10,"column":0},"end":{"line":10,"column":4}},"10":{"start":{"line":11,"column":0},"end":{"line":11,"column":62}},"11":{"start":{"line":12,"column":0},"end":{"line":12,"column":38}},"12":{"start":{"line":13,"column":0},"end":{"line":13,"column":18}},"13":{"start":{"line":14,"column":0},"end":{"line":14,"column":26}},"14":{"start":{"line":15,"column":0},"end":{"line":15,"column":25}},"15":{"start":{"line":16,"column":0},"end":{"line":16,"column":19}},"16":{"start":{"line":17,"column":0},"end":{"line":17,"column":16}},"17":{"start":{"line":18,"column":0},"end":{"line":18,"column":6}},"18":{"start":{"line":19,"column":0},"end":{"line":19,"column":4}},"19":{"start":{"line":20,"column":0},"end":{"line":20,"column":60}},"20":{"start":{"line":21,"column":0},"end":{"line":21,"column":10}},"21":{"start":{"line":22,"column":0},"end":{"line":22,"column":45}},"22":{"start":{"line":23,"column":0},"end":{"line":23,"column":13}},"23":{"start":{"line":24,"column":0},"end":{"line":24,"column":36}},"24":{"start":{"line":25,"column":0},"end":{"line":25,"column":6}},"25":{"start":{"line":26,"column":0},"end":{"line":26,"column":42}},"26":{"start":{"line":27,"column":0},"end":{"line":27,"column":14}},"27":{"start":{"line":28,"column":0},"end":{"line":28,"column":59}},"28":{"start":{"line":29,"column":0},"end":{"line":29,"column":6}},"29":{"start":{"line":30,"column":0},"end":{"line":30,"column":49}},"30":{"start":{"line":31,"column":0},"end":{"line":31,"column":71}},"31":{"start":{"line":32,"column":0},"end":{"line":32,"column":57}},"32":{"start":{"line":33,"column":0},"end":{"line":33,"column":4}},"33":{"start":{"line":34,"column":0},"end":{"line":34,"column":13}},"34":{"start":{"line":35,"column":0},"end":{"line":35,"column":12}},"35":{"start":{"line":36,"column":0},"end":{"line":36,"column":24}},"36":{"start":{"line":37,"column":0},"end":{"line":37,"column":6}},"37":{"start":{"line":38,"column":0},"end":{"line":38,"column":4}},"38":{"start":{"line":39,"column":0},"end":{"line":39,"column":1}}},"s":{"0":0,"1":0,"2":0,"3":0,"4":0,"5":0,"6":0,"7":0,"8":0,"9":0,"10":0,"11":0,"12":0,"13":0,"14":0,"15":0,"16":0,"17":0,"18":0,"19":0,"20":0,"21":0,"22":0,"23":0,"24":0,"25":0,"26":0,"27":0,"28":0,"29":0,"30":0,"31":0,"32":0,"33":0,"34":0,"35":0,"36":0,"37":0,"38":0},"branchMap":{"0":{"type":"branch","line":1,"loc":{"start":{"line":1,"column":1038},"end":{"line":39,"column":1}},"locations":[{"start":{"line":1,"column":1038},"end":{"line":39,"column":1}}]}},"b":{"0":[0]},"fnMap":{"0":{"name":"(empty-report)","decl":{"start":{"line":1,"column":1038},"end":{"line":39,"column":1}},"loc":{"start":{"line":1,"column":1038},"end":{"line":39,"column":1}},"line":1}},"f":{"0":0}}
,"/Users/caugello/Dev/macmac/frontend/vitest.polyfill.js": {"path":"/Users/caugello/Dev/macmac/frontend/vitest.polyfill.js","all":true,"statementMap":{"0":{"start":{"line":1,"column":0},"end":{"line":1,"column":34}},"1":{"start":{"line":2,"column":0},"end":{"line":2,"column":0}},"2":{"start":{"line":3,"column":0},"end":{"line":3,"column":25}},"3":{"start":{"line":4,"column":0},"end":{"line":4,"column":31}},"4":{"start":{"line":5,"column":0},"end":{"line":5,"column":1}}},"s":{"0":0,"1":0,"2":0,"3":0,"4":0},"branchMap":{"0":{"type":"branch","line":1,"loc":{"start":{"line":1,"column":0},"end":{"line":5,"column":-60}},"locations":[{"start":{"line":1,"column":0},"end":{"line":5,"column":-60}}]}},"b":{"0":[0]},"fnMap":{"0":{"name":"(empty-report)","decl":{"start":{"line":1,"column":0},"end":{"line":5,"column":-60}},"loc":{"start":{"line":1,"column":0},"end":{"line":5,"column":-60}},"line":1}},"f":{"0":0}}
,"/Users/caugello/Dev/macmac/frontend/src/App.test.tsx": {"path":"/Users/caugello/Dev/macmac/frontend/src/App.test.tsx","all":false,"statementMap":{"0":{"start":{"line":1,"column":0},"end":{"line":1,"column":55}},"1":{"start":{"line":2,"column":0},"end":{"line":2,"column":61}},"53":{"start":{"line":54,"column":0},"end":{"line":54,"column":33}},"54":{"start":{"line":55,"column":0},"end":{"line":55,"column":20}},"55":{"start":{"line":56,"column":0},"end":{"line":56,"column":22}},"56":{"start":{"line":57,"column":0},"end":{"line":57,"column":4}},"58":{"start":{"line":59,"column":0},"end":{"line":59,"column":46}},"59":{"start":{"line":60,"column":0},"end":{"line":60,"column":19}},"61":{"start":{"line":62,"column":0},"end":{"line":62,"column":38}},"62":{"start":{"line":63,"column":0},"end":{"line":63,"column":4}},"64":{"start":{"line":65,"column":0},"end":{"line":65,"column":56}},"65":{"start":{"line":66,"column":0},"end":{"line":66,"column":46}},"66":{"start":{"line":67,"column":0},"end":{"line":67,"column":19}},"67":{"start":{"line":68,"column":0},"end":{"line":68,"column":62}},"68":{"start":{"line":69,"column":0},"end":{"line":69,"column":4}},"70":{"start":{"line":71,"column":0},"end":{"line":71,"column":56}},"71":{"start":{"line":72,"column":0},"end":{"line":72,"column":41}},"73":{"start":{"line":74,"column":0},"end":{"line":74,"column":34}},"74":{"start":{"line":75,"column":0},"end":{"line":75,"column":4}},"76":{"start":{"line":77,"column":0},"end":{"line":77,"column":50}},"77":{"start":{"line":78,"column":0},"end":{"line":78,"column":41}},"79":{"start":{"line":80,"column":0},"end":{"line":80,"column":34}},"80":{"start":{"line":81,"column":0},"end":{"line":81,"column":4}},"82":{"start":{"line":83,"column":0},"end":{"line":83,"column":49}},"83":{"start":{"line":84,"column":0},"end":{"line":84,"column":41}},"85":{"start":{"line":86,"column":0},"end":{"line":86,"column":34}},"86":{"start":{"line":87,"column":0},"end":{"line":87,"column":4}},"87":{"start":{"line":88,"column":0},"end":{"line":88,"column":2}}},"s":{"0":1,"1":1,"53":1,"54":1,"55":5,"56":1,"58":1,"59":1,"61":1,"62":1,"64":1,"65":1,"66":1,"67":1,"68":1,"70":1,"71":1,"73":1,"74":1,"76":1,"77":1,"79":1,"80":1,"82":1,"83":1,"85":1,"86":1,"87":1},"branchMap":{"0":{"type":"branch","line":54,"loc":{"start":{"line":54,"column":26},"end":{"line":88,"column":2}},"locations":[{"start":{"line":54,"column":26},"end":{"line":88,"column":2}}]},"1":{"type":"branch","line":55,"loc":{"start":{"line":55,"column":13},"end":{"line":57,"column":3}},"locations":[{"start":{"line":55,"column":13},"end":{"line":57,"column":3}}]},"2":{"type":"branch","line":59,"loc":{"start":{"line":59,"column":39},"end":{"line":63,"column":3}},"locations":[{"start":{"line":59,"column":39},"end":{"line":63,"column":3}}]},"3":{"type":"branch","line":65,"loc":{"start":{"line":65,"column":49},"end":{"line":69,"column":3}},"locations":[{"start":{"line":65,"column":49},"end":{"line":69,"column":3}}]},"4":{"type":"branch","line":71,"loc":{"start":{"line":71,"column":49},"end":{"line":75,"column":3}},"locations":[{"start":{"line":71,"column":49},"end":{"line":75,"column":3}}]},"5":{"type":"branch","line":77,"loc":{"start":{"line":77,"column":43},"end":{"line":81,"column":3}},"locations":[{"start":{"line":77,"column":43},"end":{"line":81,"column":3}}]},"6":{"type":"branch","line":83,"loc":{"start":{"line":83,"column":42},"end":{"line":87,"column":3}},"locations":[{"start":{"line":83,"column":42},"end":{"line":87,"column":3}}]}},"b":{"0":[1],"1":[5],"2":[1],"3":[1],"4":[1],"5":[1],"6":[1]},"fnMap":{},"f":{}}
,"/Users/caugello/Dev/macmac/frontend/src/App.tsx": {"path":"/Users/caugello/Dev/macmac/frontend/src/App.tsx","all":false,"statementMap":{"0":{"start":{"line":1,"column":0},"end":{"line":1,"column":63}},"1":{"start":{"line":2,"column":0},"end":{"line":2,"column":72}},"2":{"start":{"line":3,"column":0},"end":{"line":3,"column":53}},"3":{"start":{"line":4,"column":0},"end":{"line":4,"column":60}},"4":{"start":{"line":5,"column":0},"end":{"line":5,"column":57}},"5":{"start":{"line":6,"column":0},"end":{"line":6,"column":41}},"6":{"start":{"line":7,"column":0},"end":{"line":7,"column":37}},"7":{"start":{"line":8,"column":0},"end":{"line":8,"column":39}},"8":{"start":{"line":9,"column":0},"end":{"line":9,"column":47}},"9":{"start":{"line":10,"column":0},"end":{"line":10,"column":47}},"10":{"start":{"line":11,"column":0},"end":{"line":11,"column":51}},"11":{"start":{"line":12,"column":0},"end":{"line":12,"column":49}},"12":{"start":{"line":13,"column":0},"end":{"line":13,"column":53}},"13":{"start":{"line":14,"column":0},"end":{"line":14,"column":53}},"15":{"start":{"line":16,"column":0},"end":{"line":16,"column":37}},"16":{"start":{"line":17,"column":0},"end":{"line":17,"column":19}},"17":{"start":{"line":18,"column":0},"end":{"line":18,"column":14}},"18":{"start":{"line":19,"column":0},"end":{"line":19,"column":34}},"19":{"start":{"line":20,"column":0},"end":{"line":20,"column":15}},"20":{"start":{"line":21,"column":0},"end":{"line":21,"column":6}},"21":{"start":{"line":22,"column":0},"end":{"line":22,"column":4}},"22":{"start":{"line":23,"column":0},"end":{"line":23,"column":2}},"24":{"start":{"line":25,"column":0},"end":{"line":25,"column":16}},"25":{"start":{"line":26,"column":0},"end":{"line":26,"column":10}},"26":{"start":{"line":27,"column":0},"end":{"line":27,"column":46}},"27":{"start":{"line":28,"column":0},"end":{"line":28,"column":21}},"28":{"start":{"line":29,"column":0},"end":{"line":29,"column":22}},"29":{"start":{"line":30,"column":0},"end":{"line":30,"column":18}},"30":{"start":{"line":31,"column":0},"end":{"line":31,"column":55}},"31":{"start":{"line":32,"column":0},"end":{"line":32,"column":18}},"32":{"start":{"line":33,"column":0},"end":{"line":33,"column":22}},"33":{"start":{"line":34,"column":0},"end":{"line":34,"column":23}},"34":{"start":{"line":35,"column":0},"end":{"line":35,"column":32}},"35":{"start":{"line":36,"column":0},"end":{"line":36,"column":29}},"36":{"start":{"line":37,"column":0},"end":{"line":37,"column":31}},"37":{"start":{"line":38,"column":0},"end":{"line":38,"column":30}},"38":{"start":{"line":39,"column":0},"end":{"line":39,"column":33}},"40":{"start":{"line":41,"column":0},"end":{"line":41,"column":14}},"41":{"start":{"line":42,"column":0},"end":{"line":42,"column":18}},"42":{"start":{"line":43,"column":0},"end":{"line":43,"column":29}},"43":{"start":{"line":44,"column":0},"end":{"line":44,"column":23}},"44":{"start":{"line":45,"column":0},"end":{"line":45,"column":32}},"45":{"start":{"line":46,"column":0},"end":{"line":46,"column":29}},"46":{"start":{"line":47,"column":0},"end":{"line":47,"column":34}},"47":{"start":{"line":48,"column":0},"end":{"line":48,"column":30}},"48":{"start":{"line":49,"column":0},"end":{"line":49,"column":33}},"50":{"start":{"line":51,"column":0},"end":{"line":51,"column":14}},"51":{"start":{"line":52,"column":0},"end":{"line":52,"column":18}},"52":{"start":{"line":53,"column":0},"end":{"line":53,"column":33}},"53":{"start":{"line":54,"column":0},"end":{"line":54,"column":23}},"54":{"start":{"line":55,"column":0},"end":{"line":55,"column":32}},"55":{"start":{"line":56,"column":0},"end":{"line":56,"column":29}},"56":{"start":{"line":57,"column":0},"end":{"line":57,"column":34}},"57":{"start":{"line":58,"column":0},"end":{"line":58,"column":30}},"58":{"start":{"line":59,"column":0},"end":{"line":59,"column":33}},"60":{"start":{"line":61,"column":0},"end":{"line":61,"column":14}},"61":{"start":{"line":62,"column":0},"end":{"line":62,"column":18}},"62":{"start":{"line":63,"column":0},"end":{"line":63,"column":38}},"63":{"start":{"line":64,"column":0},"end":{"line":64,"column":23}},"64":{"start":{"line":65,"column":0},"end":{"line":65,"column":32}},"65":{"start":{"line":66,"column":0},"end":{"line":66,"column":29}},"66":{"start":{"line":67,"column":0},"end":{"line":67,"column":34}},"67":{"start":{"line":68,"column":0},"end":{"line":68,"column":30}},"68":{"start":{"line":69,"column":0},"end":{"line":69,"column":33}},"70":{"start":{"line":71,"column":0},"end":{"line":71,"column":14}},"71":{"start":{"line":72,"column":0},"end":{"line":72,"column":18}},"72":{"start":{"line":73,"column":0},"end":{"line":73,"column":33}},"73":{"start":{"line":74,"column":0},"end":{"line":74,"column":23}},"74":{"start":{"line":75,"column":0},"end":{"line":75,"column":32}},"75":{"start":{"line":76,"column":0},"end":{"line":76,"column":29}},"76":{"start":{"line":77,"column":0},"end":{"line":77,"column":36}},"77":{"start":{"line":78,"column":0},"end":{"line":78,"column":30}},"78":{"start":{"line":79,"column":0},"end":{"line":79,"column":33}},"80":{"start":{"line":81,"column":0},"end":{"line":81,"column":14}},"81":{"start":{"line":82,"column":0},"end":{"line":82,"column":18}},"82":{"start":{"line":83,"column":0},"end":{"line":83,"column":29}},"83":{"start":{"line":84,"column":0},"end":{"line":84,"column":23}},"84":{"start":{"line":85,"column":0},"end":{"line":85,"column":32}},"85":{"start":{"line":86,"column":0},"end":{"line":86,"column":29}},"86":{"start":{"line":87,"column":0},"end":{"line":87,"column":35}},"87":{"start":{"line":88,"column":0},"end":{"line":88,"column":30}},"88":{"start":{"line":89,"column":0},"end":{"line":89,"column":33}},"90":{"start":{"line":91,"column":0},"end":{"line":91,"column":14}},"91":{"start":{"line":92,"column":0},"end":{"line":92,"column":18}},"92":{"start":{"line":93,"column":0},"end":{"line":93,"column":33}},"93":{"start":{"line":94,"column":0},"end":{"line":94,"column":23}},"94":{"start":{"line":95,"column":0},"end":{"line":95,"column":32}},"95":{"start":{"line":96,"column":0},"end":{"line":96,"column":29}},"96":{"start":{"line":97,"column":0},"end":{"line":97,"column":37}},"97":{"start":{"line":98,"column":0},"end":{"line":98,"column":30}},"98":{"start":{"line":99,"column":0},"end":{"line":99,"column":33}},"100":{"start":{"line":101,"column":0},"end":{"line":101,"column":14}},"101":{"start":{"line":102,"column":0},"end":{"line":102,"column":18}},"102":{"start":{"line":103,"column":0},"end":{"line":103,"column":32}},"103":{"start":{"line":104,"column":0},"end":{"line":104,"column":23}},"104":{"start":{"line":105,"column":0},"end":{"line":105,"column":32}},"105":{"start":{"line":106,"column":0},"end":{"line":106,"column":29}},"106":{"start":{"line":107,"column":0},"end":{"line":107,"column":37}},"107":{"start":{"line":108,"column":0},"end":{"line":108,"column":30}},"108":{"start":{"line":109,"column":0},"end":{"line":109,"column":33}},"110":{"start":{"line":111,"column":0},"end":{"line":111,"column":14}},"111":{"start":{"line":112,"column":0},"end":{"line":112,"column":18}},"112":{"start":{"line":113,"column":0},"end":{"line":113,"column":28}},"113":{"start":{"line":114,"column":0},"end":{"line":114,"column":23}},"114":{"start":{"line":115,"column":0},"end":{"line":115,"column":32}},"115":{"start":{"line":116,"column":0},"end":{"line":116,"column":29}},"116":{"start":{"line":117,"column":0},"end":{"line":117,"column":30}},"117":{"start":{"line":118,"column":0},"end":{"line":118,"column":30}},"118":{"start":{"line":119,"column":0},"end":{"line":119,"column":33}},"120":{"start":{"line":121,"column":0},"end":{"line":121,"column":14}},"121":{"start":{"line":122,"column":0},"end":{"line":122,"column":19}},"122":{"start":{"line":123,"column":0},"end":{"line":123,"column":23}},"123":{"start":{"line":124,"column":0},"end":{"line":124,"column":22}},"124":{"start":{"line":125,"column":0},"end":{"line":125,"column":26}},"126":{"start":{"line":127,"column":0},"end":{"line":127,"column":1}},"128":{"start":{"line":129,"column":0},"end":{"line":129,"column":18}}},"s":{"0":1,"1":1,"2":1,"3":1,"4":1,"5":1,"6":1,"7":1,"8":1,"9":1,"10":1,"11":1,"12":1,"13":1,"15":1,"16":1,"17":1,"18":1,"19":1,"20":1,"21":1,"22":1,"24":5,"25":5,"26":5,"27":5,"28":5,"29":5,"30":5,"31":5,"32":5,"33":5,"34":5,"35":5,"36":5,"37":5,"38":5,"40":5,"41":5,"42":5,"43":5,"44":5,"45":5,"46":5,"47":5,"48":5,"50":5,"51":5,"52":5,"53":5,"54":5,"55":5,"56":5,"57":5,"58":5,"60":5,"61":5,"62":5,"63":5,"64":5,"65":5,"66":5,"67":5,"68":5,"70":5,"71":5,"72":5,"73":5,"74":5,"75":5,"76":5,"77":5,"78":5,"80":5,"81":5,"82":5,"83":5,"84":5,"85":5,"86":5,"87":5,"88":5,"90":5,"91":5,"92":5,"93":5,"94":5,"95":5,"96":5,"97":5,"98":5,"100":5,"101":5,"102":5,"103":5,"104":5,"105":5,"106":5,"107":5,"108":5,"110":5,"111":5,"112":5,"113":5,"114":5,"115":5,"116":5,"117":5,"118":5,"120":5,"121":5,"122":5,"123":5,"124":5,"126":5,"128":1},"branchMap":{"0":{"type":"branch","line":25,"loc":{"start":{"line":25,"column":0},"end":{"line":127,"column":1}},"locations":[{"start":{"line":25,"column":0},"end":{"line":127,"column":1}}]}},"b":{"0":[5]},"fnMap":{"0":{"name":"App","decl":{"start":{"line":25,"column":0},"end":{"line":127,"column":1}},"loc":{"start":{"line":25,"column":0},"end":{"line":127,"column":1}},"line":25}},"f":{"0":5}}
,"/Users/caugello/Dev/macmac/frontend/src/main.tsx": {"path":"/Users/caugello/Dev/macmac/frontend/src/main.tsx","all":true,"statementMap":{"0":{"start":{"line":1,"column":0},"end":{"line":1,"column":34}},"1":{"start":{"line":2,"column":0},"end":{"line":2,"column":45}},"2":{"start":{"line":3,"column":0},"end":{"line":3,"column":20}},"3":{"start":{"line":4,"column":0},"end":{"line":4,"column":23}},"5":{"start":{"line":6,"column":0},"end":{"line":6,"column":52}},"6":{"start":{"line":7,"column":0},"end":{"line":7,"column":14}},"7":{"start":{"line":8,"column":0},"end":{"line":8,"column":11}},"8":{"start":{"line":9,"column":0},"end":{"line":9,"column":15}},"9":{"start":{"line":10,"column":0},"end":{"line":10,"column":1}}},"s":{"0":0,"1":0,"2":0,"3":0,"5":0,"6":0,"7":0,"8":0,"9":0},"branchMap":{"0":{"type":"branch","line":1,"loc":{"start":{"line":1,"column":224},"end":{"line":10,"column":1}},"locations":[{"start":{"line":1,"column":224},"end":{"line":10,"column":1}}]}},"b":{"0":[0]},"fnMap":{"0":{"name":"(empty-report)","decl":{"start":{"line":1,"column":224},"end":{"line":10,"column":1}},"loc":{"start":{"line":1,"column":224},"end":{"line":10,"column":1}},"line":1}},"f":{"0":0}}
,"/Users/caugello/Dev/macmac/frontend/src/api/auth.test.ts": {"path":"/Users/caugello/Dev/macmac/frontend/src/api/auth.test.ts","all":false,"statementMap":{"0":{"start":{"line":1,"column":0},"end":{"line":1,"column":61}},"13":{"start":{"line":14,"column":0},"end":{"line":14,"column":27}},"14":{"start":{"line":15,"column":0},"end":{"line":15,"column":20}},"15":{"start":{"line":16,"column":0},"end":{"line":16,"column":22}},"16":{"start":{"line":17,"column":0},"end":{"line":17,"column":4}},"18":{"start":{"line":19,"column":0},"end":{"line":19,"column":27}},"19":{"start":{"line":20,"column":0},"end":{"line":20,"column":69}},"20":{"start":{"line":21,"column":0},"end":{"line":21,"column":28}},"21":{"start":{"line":22,"column":0},"end":{"line":22,"column":15}},"22":{"start":{"line":23,"column":0},"end":{"line":23,"column":36}},"23":{"start":{"line":24,"column":0},"end":{"line":24,"column":31}},"24":{"start":{"line":25,"column":0},"end":{"line":25,"column":17}},"25":{"start":{"line":26,"column":0},"end":{"line":26,"column":20}},"26":{"start":{"line":27,"column":0},"end":{"line":27,"column":33}},"27":{"start":{"line":28,"column":0},"end":{"line":28,"column":38}},"28":{"start":{"line":29,"column":0},"end":{"line":29,"column":23}},"29":{"start":{"line":30,"column":0},"end":{"line":30,"column":12}},"30":{"start":{"line":31,"column":0},"end":{"line":31,"column":10}},"31":{"start":{"line":32,"column":0},"end":{"line":32,"column":7}},"33":{"start":{"line":34,"column":0},"end":{"line":34,"column":63}},"35":{"start":{"line":36,"column":0},"end":{"line":36,"column":88}},"37":{"start":{"line":38,"column":0},"end":{"line":38,"column":66}},"38":{"start":{"line":39,"column":0},"end":{"line":39,"column":29}},"39":{"start":{"line":40,"column":0},"end":{"line":40,"column":29}},"40":{"start":{"line":41,"column":0},"end":{"line":41,"column":8}},"41":{"start":{"line":42,"column":0},"end":{"line":42,"column":47}},"42":{"start":{"line":43,"column":0},"end":{"line":43,"column":6}},"44":{"start":{"line":45,"column":0},"end":{"line":45,"column":59}},"45":{"start":{"line":46,"column":0},"end":{"line":46,"column":56}},"46":{"start":{"line":47,"column":0},"end":{"line":47,"column":60}},"48":{"start":{"line":49,"column":0},"end":{"line":49,"column":19}},"49":{"start":{"line":50,"column":0},"end":{"line":50,"column":63}},"50":{"start":{"line":51,"column":0},"end":{"line":51,"column":46}},"51":{"start":{"line":52,"column":0},"end":{"line":52,"column":6}},"52":{"start":{"line":53,"column":0},"end":{"line":53,"column":4}},"54":{"start":{"line":55,"column":0},"end":{"line":55,"column":24}},"55":{"start":{"line":56,"column":0},"end":{"line":56,"column":48}},"56":{"start":{"line":57,"column":0},"end":{"line":57,"column":28}},"57":{"start":{"line":58,"column":0},"end":{"line":58,"column":15}},"58":{"start":{"line":59,"column":0},"end":{"line":59,"column":18}},"59":{"start":{"line":60,"column":0},"end":{"line":60,"column":31}},"60":{"start":{"line":61,"column":0},"end":{"line":61,"column":36}},"61":{"start":{"line":62,"column":0},"end":{"line":62,"column":29}},"62":{"start":{"line":63,"column":0},"end":{"line":63,"column":10}},"63":{"start":{"line":64,"column":0},"end":{"line":64,"column":7}},"65":{"start":{"line":66,"column":0},"end":{"line":66,"column":62}},"67":{"start":{"line":68,"column":0},"end":{"line":68,"column":39}},"69":{"start":{"line":70,"column":0},"end":{"line":70,"column":60}},"70":{"start":{"line":71,"column":0},"end":{"line":71,"column":47}},"71":{"start":{"line":72,"column":0},"end":{"line":72,"column":6}},"72":{"start":{"line":73,"column":0},"end":{"line":73,"column":4}},"74":{"start":{"line":75,"column":0},"end":{"line":75,"column":33}},"75":{"start":{"line":76,"column":0},"end":{"line":76,"column":69}},"76":{"start":{"line":77,"column":0},"end":{"line":77,"column":28}},"77":{"start":{"line":78,"column":0},"end":{"line":78,"column":15}},"78":{"start":{"line":79,"column":0},"end":{"line":79,"column":26}},"79":{"start":{"line":80,"column":0},"end":{"line":80,"column":25}},"80":{"start":{"line":81,"column":0},"end":{"line":81,"column":29}},"81":{"start":{"line":82,"column":0},"end":{"line":82,"column":26}},"82":{"start":{"line":83,"column":0},"end":{"line":83,"column":10}},"83":{"start":{"line":84,"column":0},"end":{"line":84,"column":7}},"85":{"start":{"line":86,"column":0},"end":{"line":86,"column":63}},"87":{"start":{"line":88,"column":0},"end":{"line":88,"column":66}},"89":{"start":{"line":90,"column":0},"end":{"line":90,"column":85}},"90":{"start":{"line":91,"column":0},"end":{"line":91,"column":47}},"91":{"start":{"line":92,"column":0},"end":{"line":92,"column":6}},"92":{"start":{"line":93,"column":0},"end":{"line":93,"column":4}},"94":{"start":{"line":95,"column":0},"end":{"line":95,"column":32}},"95":{"start":{"line":96,"column":0},"end":{"line":96,"column":52}},"96":{"start":{"line":97,"column":0},"end":{"line":97,"column":28}},"97":{"start":{"line":98,"column":0},"end":{"line":98,"column":15}},"98":{"start":{"line":99,"column":0},"end":{"line":99,"column":19}},"99":{"start":{"line":100,"column":0},"end":{"line":100,"column":17}},"100":{"start":{"line":101,"column":0},"end":{"line":101,"column":74}},"101":{"start":{"line":102,"column":0},"end":{"line":102,"column":75}},"102":{"start":{"line":103,"column":0},"end":{"line":103,"column":12}},"103":{"start":{"line":104,"column":0},"end":{"line":104,"column":10}},"104":{"start":{"line":105,"column":0},"end":{"line":105,"column":7}},"106":{"start":{"line":107,"column":0},"end":{"line":107,"column":62}},"108":{"start":{"line":109,"column":0},"end":{"line":109,"column":47}},"110":{"start":{"line":111,"column":0},"end":{"line":111,"column":64}},"111":{"start":{"line":112,"column":0},"end":{"line":112,"column":47}},"112":{"start":{"line":113,"column":0},"end":{"line":113,"column":6}},"113":{"start":{"line":114,"column":0},"end":{"line":114,"column":4}},"115":{"start":{"line":116,"column":0},"end":{"line":116,"column":31}},"116":{"start":{"line":117,"column":0},"end":{"line":117,"column":79}},"117":{"start":{"line":118,"column":0},"end":{"line":118,"column":54}},"119":{"start":{"line":120,"column":0},"end":{"line":120,"column":63}},"121":{"start":{"line":122,"column":0},"end":{"line":122,"column":82}},"123":{"start":{"line":124,"column":0},"end":{"line":124,"column":85}},"124":{"start":{"line":125,"column":0},"end":{"line":125,"column":28}},"125":{"start":{"line":126,"column":0},"end":{"line":126,"column":8}},"126":{"start":{"line":127,"column":0},"end":{"line":127,"column":47}},"127":{"start":{"line":128,"column":0},"end":{"line":128,"column":6}},"128":{"start":{"line":129,"column":0},"end":{"line":129,"column":4}},"130":{"start":{"line":131,"column":0},"end":{"line":131,"column":34}},"131":{"start":{"line":132,"column":0},"end":{"line":132,"column":75}},"132":{"start":{"line":133,"column":0},"end":{"line":133,"column":54}},"134":{"start":{"line":135,"column":0},"end":{"line":135,"column":65}},"136":{"start":{"line":137,"column":0},"end":{"line":137,"column":72}},"138":{"start":{"line":139,"column":0},"end":{"line":139,"column":94}},"139":{"start":{"line":140,"column":0},"end":{"line":140,"column":47}},"140":{"start":{"line":141,"column":0},"end":{"line":141,"column":6}},"141":{"start":{"line":142,"column":0},"end":{"line":142,"column":4}},"142":{"start":{"line":143,"column":0},"end":{"line":143,"column":2}}},"s":{"0":1,"13":1,"14":1,"15":7,"16":1,"18":1,"19":1,"20":1,"21":1,"22":1,"23":1,"24":1,"25":1,"26":1,"27":1,"28":1,"29":1,"30":1,"31":1,"33":1,"35":1,"37":1,"38":1,"39":1,"40":1,"41":1,"42":1,"44":1,"45":1,"46":1,"48":1,"49":1,"50":1,"51":1,"52":1,"54":1,"55":1,"56":1,"57":1,"58":1,"59":1,"60":1,"61":1,"62":1,"63":1,"65":1,"67":1,"69":1,"70":1,"71":1,"72":1,"74":1,"75":1,"76":1,"77":1,"78":1,"79":1,"80":1,"81":1,"82":1,"83":1,"85":1,"87":1,"89":1,"90":1,"91":1,"92":1,"94":1,"95":1,"96":1,"97":1,"98":1,"99":1,"100":1,"101":1,"102":1,"103":1,"104":1,"106":1,"108":1,"110":1,"111":1,"112":1,"113":1,"115":1,"116":1,"117":1,"119":1,"121":1,"123":1,"124":1,"125":1,"126":1,"127":1,"128":1,"130":1,"131":1,"132":1,"134":1,"136":1,"138":1,"139":1,"140":1,"141":1,"142":1},"branchMap":{"0":{"type":"branch","line":14,"loc":{"start":{"line":14,"column":20},"end":{"line":143,"column":2}},"locations":[{"start":{"line":14,"column":20},"end":{"line":143,"column":2}}]},"1":{"type":"branch","line":15,"loc":{"start":{"line":15,"column":13},"end":{"line":17,"column":3}},"locations":[{"start":{"line":15,"column":13},"end":{"line":17,"column":3}}]},"2":{"type":"branch","line":19,"loc":{"start":{"line":19,"column":20},"end":{"line":53,"column":3}},"locations":[{"start":{"line":19,"column":20},"end":{"line":53,"column":3}}]},"3":{"type":"branch","line":20,"loc":{"start":{"line":20,"column":56},"end":{"line":43,"column":5}},"locations":[{"start":{"line":20,"column":56},"end":{"line":43,"column":5}}]},"4":{"type":"branch","line":45,"loc":{"start":{"line":45,"column":46},"end":{"line":52,"column":5}},"locations":[{"start":{"line":45,"column":46},"end":{"line":52,"column":5}}]},"5":{"type":"branch","line":55,"loc":{"start":{"line":55,"column":17},"end":{"line":73,"column":3}},"locations":[{"start":{"line":55,"column":17},"end":{"line":73,"column":3}}]},"6":{"type":"branch","line":56,"loc":{"start":{"line":56,"column":35},"end":{"line":72,"column":5}},"locations":[{"start":{"line":56,"column":35},"end":{"line":72,"column":5}}]},"7":{"type":"branch","line":75,"loc":{"start":{"line":75,"column":26},"end":{"line":93,"column":3}},"locations":[{"start":{"line":75,"column":26},"end":{"line":93,"column":3}}]},"8":{"type":"branch","line":76,"loc":{"start":{"line":76,"column":56},"end":{"line":92,"column":5}},"locations":[{"start":{"line":76,"column":56},"end":{"line":92,"column":5}}]},"9":{"type":"branch","line":95,"loc":{"start":{"line":95,"column":25},"end":{"line":114,"column":3}},"locations":[{"start":{"line":95,"column":25},"end":{"line":114,"column":3}}]},"10":{"type":"branch","line":96,"loc":{"start":{"line":96,"column":39},"end":{"line":113,"column":5}},"locations":[{"start":{"line":96,"column":39},"end":{"line":113,"column":5}}]},"11":{"type":"branch","line":116,"loc":{"start":{"line":116,"column":24},"end":{"line":129,"column":3}},"locations":[{"start":{"line":116,"column":24},"end":{"line":129,"column":3}}]},"12":{"type":"branch","line":117,"loc":{"start":{"line":117,"column":66},"end":{"line":128,"column":5}},"locations":[{"start":{"line":117,"column":66},"end":{"line":128,"column":5}}]},"13":{"type":"branch","line":131,"loc":{"start":{"line":131,"column":27},"end":{"line":142,"column":3}},"locations":[{"start":{"line":131,"column":27},"end":{"line":142,"column":3}}]},"14":{"type":"branch","line":132,"loc":{"start":{"line":132,"column":62},"end":{"line":141,"column":5}},"locations":[{"start":{"line":132,"column":62},"end":{"line":141,"column":5}}]}},"b":{"0":[1],"1":[7],"2":[1],"3":[1],"4":[1],"5":[1],"6":[1],"7":[1],"8":[1],"9":[1],"10":[1],"11":[1],"12":[1],"13":[1],"14":[1]},"fnMap":{},"f":{}}
,"/Users/caugello/Dev/macmac/frontend/src/api/auth.ts": {"path":"/Users/caugello/Dev/macmac/frontend/src/api/auth.ts","all":false,"statementMap":{"0":{"start":{"line":1,"column":0},"end":{"line":1,"column":36}},"40":{"start":{"line":41,"column":0},"end":{"line":41,"column":24}},"41":{"start":{"line":42,"column":0},"end":{"line":42,"column":32}},"42":{"start":{"line":43,"column":0},"end":{"line":43,"column":79}},"44":{"start":{"line":45,"column":0},"end":{"line":45,"column":11}},"45":{"start":{"line":46,"column":0},"end":{"line":46,"column":60}},"47":{"start":{"line":48,"column":0},"end":{"line":48,"column":37}},"48":{"start":{"line":49,"column":0},"end":{"line":49,"column":72}},"50":{"start":{"line":51,"column":0},"end":{"line":51,"column":19}},"51":{"start":{"line":52,"column":0},"end":{"line":52,"column":77}},"53":{"start":{"line":54,"column":0},"end":{"line":54,"column":57}},"54":{"start":{"line":55,"column":0},"end":{"line":55,"column":84}},"56":{"start":{"line":57,"column":0},"end":{"line":57,"column":52}},"57":{"start":{"line":58,"column":0},"end":{"line":58,"column":90}},"58":{"start":{"line":59,"column":0},"end":{"line":59,"column":1}}},"s":{"0":1,"40":1,"41":1,"42":2,"44":1,"45":1,"47":1,"48":1,"50":1,"51":1,"53":1,"54":1,"56":1,"57":1,"58":1},"branchMap":{"0":{"type":"branch","line":42,"loc":{"start":{"line":42,"column":9},"end":{"line":43,"column":79}},"locations":[{"start":{"line":42,"column":9},"end":{"line":43,"column":79}}]},"1":{"type":"branch","line":43,"loc":{"start":{"line":43,"column":60},"end":{"line":43,"column":77}},"locations":[{"start":{"line":43,"column":60},"end":{"line":43,"column":77}}]},"2":{"type":"branch","line":45,"loc":{"start":{"line":45,"column":6},"end":{"line":46,"column":60}},"locations":[{"start":{"line":45,"column":6},"end":{"line":46,"column":60}}]},"3":{"type":"branch","line":46,"loc":{"start":{"line":46,"column":41},"end":{"line":46,"column":58}},"locations":[{"start":{"line":46,"column":41},"end":{"line":46,"column":58}}]},"4":{"type":"branch","line":48,"loc":{"start":{"line":48,"column":15},"end":{"line":49,"column":72}},"locations":[{"start":{"line":48,"column":15},"end":{"line":49,"column":72}}]},"5":{"type":"branch","line":49,"loc":{"start":{"line":49,"column":53},"end":{"line":49,"column":70}},"locations":[{"start":{"line":49,"column":53},"end":{"line":49,"column":70}}]},"6":{"type":"branch","line":51,"loc":{"start":{"line":51,"column":14},"end":{"line":52,"column":77}},"locations":[{"start":{"line":51,"column":14},"end":{"line":52,"column":77}}]},"7":{"type":"branch","line":52,"loc":{"start":{"line":52,"column":58},"end":{"line":52,"column":75}},"locations":[{"start":{"line":52,"column":58},"end":{"line":52,"column":75}}]},"8":{"type":"branch","line":54,"loc":{"start":{"line":54,"column":13},"end":{"line":55,"column":84}},"locations":[{"start":{"line":54,"column":13},"end":{"line":55,"column":84}}]},"9":{"type":"branch","line":55,"loc":{"start":{"line":55,"column":65},"end":{"line":55,"column":82}},"locations":[{"start":{"line":55,"column":65},"end":{"line":55,"column":82}}]},"10":{"type":"branch","line":57,"loc":{"start":{"line":57,"column":16},"end":{"line":58,"column":90}},"locations":[{"start":{"line":57,"column":16},"end":{"line":58,"column":90}}]},"11":{"type":"branch","line":58,"loc":{"start":{"line":58,"column":71},"end":{"line":58,"column":88}},"locations":[{"start":{"line":58,"column":71},"end":{"line":58,"column":88}}]}},"b":{"0":[2],"1":[1],"2":[1],"3":[1],"4":[1],"5":[1],"6":[1],"7":[1],"8":[1],"9":[1],"10":[1],"11":[1]},"fnMap":{"0":{"name":"login","decl":{"start":{"line":42,"column":9},"end":{"line":43,"column":79}},"loc":{"start":{"line":42,"column":9},"end":{"line":43,"column":79}},"line":42},"1":{"name":"me","decl":{"start":{"line":45,"column":6},"end":{"line":46,"column":60}},"loc":{"start":{"line":45,"column":6},"end":{"line":46,"column":60}},"line":45},"2":{"name":"createGroup","decl":{"start":{"line":48,"column":15},"end":{"line":49,"column":72}},"loc":{"start":{"line":48,"column":15},"end":{"line":49,"column":72}},"line":48},"3":{"name":"listGroups","decl":{"start":{"line":51,"column":14},"end":{"line":52,"column":77}},"loc":{"start":{"line":51,"column":14},"end":{"line":52,"column":77}},"line":51},"4":{"name":"addMember","decl":{"start":{"line":54,"column":13},"end":{"line":55,"column":84}},"loc":{"start":{"line":54,"column":13},"end":{"line":55,"column":84}},"line":54},"5":{"name":"removeMember","decl":{"start":{"line":57,"column":16},"end":{"line":58,"column":90}},"loc":{"start":{"line":57,"column":16},"end":{"line":58,"column":90}},"line":57}},"f":{"0":2,"1":1,"2":1,"3":1,"4":1,"5":1}}
,"/Users/caugello/Dev/macmac/frontend/src/api/catalog.test.ts": {"path":"/Users/caugello/Dev/macmac/frontend/src/api/catalog.test.ts","all":false,"statementMap":{"0":{"start":{"line":1,"column":0},"end":{"line":1,"column":61}},"10":{"start":{"line":11,"column":0},"end":{"line":11,"column":30}},"11":{"start":{"line":12,"column":0},"end":{"line":12,"column":20}},"12":{"start":{"line":13,"column":0},"end":{"line":13,"column":22}},"13":{"start":{"line":14,"column":0},"end":{"line":14,"column":4}},"15":{"start":{"line":16,"column":0},"end":{"line":16,"column":26}},"16":{"start":{"line":17,"column":0},"end":{"line":17,"column":63}},"17":{"start":{"line":18,"column":0},"end":{"line":18,"column":28}},"18":{"start":{"line":19,"column":0},"end":{"line":19,"column":15}},"19":{"start":{"line":20,"column":0},"end":{"line":20,"column":21}},"20":{"start":{"line":21,"column":0},"end":{"line":21,"column":20}},"21":{"start":{"line":22,"column":0},"end":{"line":22,"column":20}},"22":{"start":{"line":23,"column":0},"end":{"line":23,"column":19}},"23":{"start":{"line":24,"column":0},"end":{"line":24,"column":10}},"24":{"start":{"line":25,"column":0},"end":{"line":25,"column":7}},"26":{"start":{"line":27,"column":0},"end":{"line":27,"column":62}},"28":{"start":{"line":29,"column":0},"end":{"line":29,"column":44}},"30":{"start":{"line":31,"column":0},"end":{"line":31,"column":83}},"31":{"start":{"line":32,"column":0},"end":{"line":32,"column":47}},"32":{"start":{"line":33,"column":0},"end":{"line":33,"column":6}},"34":{"start":{"line":35,"column":0},"end":{"line":35,"column":66}},"35":{"start":{"line":36,"column":0},"end":{"line":36,"column":28}},"36":{"start":{"line":37,"column":0},"end":{"line":37,"column":15}},"37":{"start":{"line":38,"column":0},"end":{"line":38,"column":20}},"38":{"start":{"line":39,"column":0},"end":{"line":39,"column":20}},"39":{"start":{"line":40,"column":0},"end":{"line":40,"column":20}},"40":{"start":{"line":41,"column":0},"end":{"line":41,"column":19}},"41":{"start":{"line":42,"column":0},"end":{"line":42,"column":10}},"42":{"start":{"line":43,"column":0},"end":{"line":43,"column":7}},"44":{"start":{"line":45,"column":0},"end":{"line":45,"column":62}},"46":{"start":{"line":47,"column":0},"end":{"line":47,"column":22}},"47":{"start":{"line":48,"column":0},"end":{"line":48,"column":18}},"48":{"start":{"line":49,"column":0},"end":{"line":49,"column":18}},"49":{"start":{"line":50,"column":0},"end":{"line":50,"column":25}},"50":{"start":{"line":51,"column":0},"end":{"line":51,"column":35}},"51":{"start":{"line":52,"column":0},"end":{"line":52,"column":7}},"53":{"start":{"line":54,"column":0},"end":{"line":54,"column":35}},"55":{"start":{"line":56,"column":0},"end":{"line":56,"column":72}},"56":{"start":{"line":57,"column":0},"end":{"line":57,"column":6}},"57":{"start":{"line":58,"column":0},"end":{"line":58,"column":4}},"59":{"start":{"line":60,"column":0},"end":{"line":60,"column":25}},"60":{"start":{"line":61,"column":0},"end":{"line":61,"column":52}},"61":{"start":{"line":62,"column":0},"end":{"line":62,"column":24}},"62":{"start":{"line":63,"column":0},"end":{"line":63,"column":15}},"63":{"start":{"line":64,"column":0},"end":{"line":64,"column":33}},"64":{"start":{"line":65,"column":0},"end":{"line":65,"column":37}},"65":{"start":{"line":66,"column":0},"end":{"line":66,"column":35}},"66":{"start":{"line":67,"column":0},"end":{"line":67,"column":27}},"67":{"start":{"line":68,"column":0},"end":{"line":68,"column":32}},"68":{"start":{"line":69,"column":0},"end":{"line":69,"column":35}},"69":{"start":{"line":70,"column":0},"end":{"line":70,"column":35}},"70":{"start":{"line":71,"column":0},"end":{"line":71,"column":10}},"71":{"start":{"line":72,"column":0},"end":{"line":72,"column":7}},"73":{"start":{"line":74,"column":0},"end":{"line":74,"column":58}},"75":{"start":{"line":76,"column":0},"end":{"line":76,"column":61}},"77":{"start":{"line":78,"column":0},"end":{"line":78,"column":77}},"78":{"start":{"line":79,"column":0},"end":{"line":79,"column":43}},"79":{"start":{"line":80,"column":0},"end":{"line":80,"column":6}},"80":{"start":{"line":81,"column":0},"end":{"line":81,"column":4}},"81":{"start":{"line":82,"column":0},"end":{"line":82,"column":2}}},"s":{"0":1,"10":1,"11":1,"12":3,"13":1,"15":1,"16":1,"17":1,"18":1,"19":1,"20":1,"21":1,"22":1,"23":1,"24":1,"26":1,"28":1,"30":1,"31":1,"32":1,"34":1,"35":1,"36":1,"37":1,"38":1,"39":1,"40":1,"41":1,"42":1,"44":1,"46":1,"47":1,"48":1,"49":1,"50":1,"51":1,"53":1,"55":1,"56":1,"57":1,"59":1,"60":1,"61":1,"62":1,"63":1,"64":1,"65":1,"66":1,"67":1,"68":1,"69":1,"70":1,"71":1,"73":1,"75":1,"77":1,"78":1,"79":1,"80":1,"81":1},"branchMap":{"0":{"type":"branch","line":11,"loc":{"start":{"line":11,"column":23},"end":{"line":82,"column":2}},"locations":[{"start":{"line":11,"column":23},"end":{"line":82,"column":2}}]},"1":{"type":"branch","line":12,"loc":{"start":{"line":12,"column":13},"end":{"line":14,"column":3}},"locations":[{"start":{"line":12,"column":13},"end":{"line":14,"column":3}}]},"2":{"type":"branch","line":16,"loc":{"start":{"line":16,"column":19},"end":{"line":58,"column":3}},"locations":[{"start":{"line":16,"column":19},"end":{"line":58,"column":3}}]},"3":{"type":"branch","line":17,"loc":{"start":{"line":17,"column":50},"end":{"line":33,"column":5}},"locations":[{"start":{"line":17,"column":50},"end":{"line":33,"column":5}}]},"4":{"type":"branch","line":35,"loc":{"start":{"line":35,"column":53},"end":{"line":57,"column":5}},"locations":[{"start":{"line":35,"column":53},"end":{"line":57,"column":5}}]},"5":{"type":"branch","line":60,"loc":{"start":{"line":60,"column":18},"end":{"line":81,"column":3}},"locations":[{"start":{"line":60,"column":18},"end":{"line":81,"column":3}}]},"6":{"type":"branch","line":61,"loc":{"start":{"line":61,"column":39},"end":{"line":80,"column":5}},"locations":[{"start":{"line":61,"column":39},"end":{"line":80,"column":5}}]}},"b":{"0":[1],"1":[3],"2":[1],"3":[1],"4":[1],"5":[1],"6":[1]},"fnMap":{},"f":{}}
,"/Users/caugello/Dev/macmac/frontend/src/api/catalog.ts": {"path":"/Users/caugello/Dev/macmac/frontend/src/api/catalog.ts","all":false,"statementMap":{"0":{"start":{"line":1,"column":0},"end":{"line":1,"column":36}},"3":{"start":{"line":4,"column":0},"end":{"line":4,"column":27}},"4":{"start":{"line":5,"column":0},"end":{"line":5,"column":89}},"5":{"start":{"line":6,"column":0},"end":{"line":6,"column":91}},"7":{"start":{"line":8,"column":0},"end":{"line":8,"column":22}},"8":{"start":{"line":9,"column":0},"end":{"line":9,"column":76}},"9":{"start":{"line":10,"column":0},"end":{"line":10,"column":1}}},"s":{"0":1,"3":1,"4":1,"5":2,"7":1,"8":1,"9":1},"branchMap":{"0":{"type":"branch","line":5,"loc":{"start":{"line":5,"column":8},"end":{"line":6,"column":91}},"locations":[{"start":{"line":5,"column":8},"end":{"line":6,"column":91}}]},"1":{"type":"branch","line":6,"loc":{"start":{"line":6,"column":72},"end":{"line":6,"column":89}},"locations":[{"start":{"line":6,"column":72},"end":{"line":6,"column":89}}]},"2":{"type":"branch","line":8,"loc":{"start":{"line":8,"column":7},"end":{"line":9,"column":76}},"locations":[{"start":{"line":8,"column":7},"end":{"line":9,"column":76}}]},"3":{"type":"branch","line":9,"loc":{"start":{"line":9,"column":57},"end":{"line":9,"column":74}},"locations":[{"start":{"line":9,"column":57},"end":{"line":9,"column":74}}]}},"b":{"0":[2],"1":[2],"2":[1],"3":[1]},"fnMap":{"0":{"name":"list","decl":{"start":{"line":5,"column":8},"end":{"line":6,"column":91}},"loc":{"start":{"line":5,"column":8},"end":{"line":6,"column":91}},"line":5},"1":{"name":"get","decl":{"start":{"line":8,"column":7},"end":{"line":9,"column":76}},"loc":{"start":{"line":8,"column":7},"end":{"line":9,"column":76}},"line":8}},"f":{"0":2,"1":1}}
,"/Users/caugello/Dev/macmac/frontend/src/api/client.test.ts": {"path":"/Users/caugello/Dev/macmac/frontend/src/api/client.test.ts","all":false,"statementMap":{"0":{"start":{"line":1,"column":0},"end":{"line":1,"column":57}},"2":{"start":{"line":3,"column":0},"end":{"line":3,"column":29}},"3":{"start":{"line":4,"column":0},"end":{"line":4,"column":20}},"4":{"start":{"line":5,"column":0},"end":{"line":5,"column":24}},"6":{"start":{"line":7,"column":0},"end":{"line":7,"column":35}},"7":{"start":{"line":8,"column":0},"end":{"line":8,"column":41}},"8":{"start":{"line":9,"column":0},"end":{"line":9,"column":4}},"10":{"start":{"line":11,"column":0},"end":{"line":11,"column":63}},"11":{"start":{"line":12,"column":0},"end":{"line":12,"column":50}},"12":{"start":{"line":13,"column":0},"end":{"line":13,"column":54}},"13":{"start":{"line":14,"column":0},"end":{"line":14,"column":4}},"15":{"start":{"line":16,"column":0},"end":{"line":16,"column":71}},"16":{"start":{"line":17,"column":0},"end":{"line":17,"column":50}},"17":{"start":{"line":18,"column":0},"end":{"line":18,"column":79}},"18":{"start":{"line":19,"column":0},"end":{"line":19,"column":4}},"20":{"start":{"line":21,"column":0},"end":{"line":21,"column":87}},"21":{"start":{"line":22,"column":0},"end":{"line":22,"column":34}},"22":{"start":{"line":23,"column":0},"end":{"line":23,"column":45}},"24":{"start":{"line":25,"column":0},"end":{"line":25,"column":50}},"25":{"start":{"line":26,"column":0},"end":{"line":26,"column":41}},"26":{"start":{"line":27,"column":0},"end":{"line":27,"column":85}},"27":{"start":{"line":28,"column":0},"end":{"line":28,"column":38}},"29":{"start":{"line":30,"column":0},"end":{"line":30,"column":64}},"30":{"start":{"line":31,"column":0},"end":{"line":31,"column":4}},"32":{"start":{"line":33,"column":0},"end":{"line":33,"column":83}},"33":{"start":{"line":34,"column":0},"end":{"line":34,"column":50}},"34":{"start":{"line":35,"column":0},"end":{"line":35,"column":41}},"35":{"start":{"line":36,"column":0},"end":{"line":36,"column":85}},"36":{"start":{"line":37,"column":0},"end":{"line":37,"column":38}},"38":{"start":{"line":39,"column":0},"end":{"line":39,"column":56}},"39":{"start":{"line":40,"column":0},"end":{"line":40,"column":4}},"41":{"start":{"line":42,"column":0},"end":{"line":42,"column":62}},"42":{"start":{"line":43,"column":0},"end":{"line":43,"column":50}},"43":{"start":{"line":44,"column":0},"end":{"line":44,"column":66}},"44":{"start":{"line":45,"column":0},"end":{"line":45,"column":86}},"45":{"start":{"line":46,"column":0},"end":{"line":46,"column":40}},"47":{"start":{"line":48,"column":0},"end":{"line":48,"column":33}},"48":{"start":{"line":49,"column":0},"end":{"line":49,"column":4}},"50":{"start":{"line":51,"column":0},"end":{"line":51,"column":93}},"51":{"start":{"line":52,"column":0},"end":{"line":52,"column":52}},"52":{"start":{"line":53,"column":0},"end":{"line":53,"column":84}},"54":{"start":{"line":55,"column":0},"end":{"line":55,"column":50}},"55":{"start":{"line":56,"column":0},"end":{"line":56,"column":19}},"56":{"start":{"line":57,"column":0},"end":{"line":57,"column":17}},"57":{"start":{"line":58,"column":0},"end":{"line":58,"column":20}},"58":{"start":{"line":59,"column":0},"end":{"line":59,"column":41}},"59":{"start":{"line":60,"column":0},"end":{"line":60,"column":8}},"60":{"start":{"line":61,"column":0},"end":{"line":61,"column":5}},"62":{"start":{"line":63,"column":0},"end":{"line":63,"column":85}},"64":{"start":{"line":65,"column":0},"end":{"line":65,"column":54}},"66":{"start":{"line":67,"column":0},"end":{"line":67,"column":57}},"67":{"start":{"line":68,"column":0},"end":{"line":68,"column":56}},"68":{"start":{"line":69,"column":0},"end":{"line":69,"column":47}},"69":{"start":{"line":70,"column":0},"end":{"line":70,"column":4}},"71":{"start":{"line":72,"column":0},"end":{"line":72,"column":59}},"72":{"start":{"line":73,"column":0},"end":{"line":73,"column":50}},"73":{"start":{"line":74,"column":0},"end":{"line":74,"column":19}},"74":{"start":{"line":75,"column":0},"end":{"line":75,"column":17}},"75":{"start":{"line":76,"column":0},"end":{"line":76,"column":20}},"76":{"start":{"line":77,"column":0},"end":{"line":77,"column":50}},"77":{"start":{"line":78,"column":0},"end":{"line":78,"column":8}},"78":{"start":{"line":79,"column":0},"end":{"line":79,"column":5}},"80":{"start":{"line":81,"column":0},"end":{"line":81,"column":85}},"82":{"start":{"line":83,"column":0},"end":{"line":83,"column":54}},"83":{"start":{"line":84,"column":0},"end":{"line":84,"column":41}},"84":{"start":{"line":85,"column":0},"end":{"line":85,"column":4}},"86":{"start":{"line":87,"column":0},"end":{"line":87,"column":67}},"87":{"start":{"line":88,"column":0},"end":{"line":88,"column":50}},"88":{"start":{"line":89,"column":0},"end":{"line":89,"column":19}},"89":{"start":{"line":90,"column":0},"end":{"line":90,"column":31}},"90":{"start":{"line":91,"column":0},"end":{"line":91,"column":5}},"92":{"start":{"line":93,"column":0},"end":{"line":93,"column":85}},"94":{"start":{"line":95,"column":0},"end":{"line":95,"column":54}},"95":{"start":{"line":96,"column":0},"end":{"line":96,"column":4}},"96":{"start":{"line":97,"column":0},"end":{"line":97,"column":2}}},"s":{"0":1,"2":1,"3":1,"4":8,"6":8,"7":8,"8":1,"10":1,"11":1,"12":1,"13":1,"15":1,"16":1,"17":1,"18":1,"20":1,"21":1,"22":1,"24":1,"25":1,"26":1,"27":1,"29":1,"30":1,"32":1,"33":1,"34":1,"35":1,"36":1,"38":1,"39":1,"41":1,"42":1,"43":1,"44":1,"45":1,"47":1,"48":1,"50":1,"51":1,"52":1,"54":1,"55":1,"56":1,"57":1,"58":1,"59":1,"60":1,"62":1,"64":1,"66":1,"67":1,"68":1,"69":1,"71":1,"72":1,"73":1,"74":1,"75":1,"76":1,"77":1,"78":1,"80":1,"82":1,"83":1,"84":1,"86":1,"87":1,"88":1,"89":1,"90":1,"92":1,"94":1,"95":1,"96":1},"branchMap":{"0":{"type":"branch","line":3,"loc":{"start":{"line":3,"column":22},"end":{"line":97,"column":2}},"locations":[{"start":{"line":3,"column":22},"end":{"line":97,"column":2}}]},"1":{"type":"branch","line":4,"loc":{"start":{"line":4,"column":13},"end":{"line":9,"column":3}},"locations":[{"start":{"line":4,"column":13},"end":{"line":9,"column":3}}]},"2":{"type":"branch","line":11,"loc":{"start":{"line":11,"column":50},"end":{"line":14,"column":3}},"locations":[{"start":{"line":11,"column":50},"end":{"line":14,"column":3}}]},"3":{"type":"branch","line":16,"loc":{"start":{"line":16,"column":58},"end":{"line":19,"column":3}},"locations":[{"start":{"line":16,"column":58},"end":{"line":19,"column":3}}]},"4":{"type":"branch","line":21,"loc":{"start":{"line":21,"column":74},"end":{"line":31,"column":3}},"locations":[{"start":{"line":21,"column":74},"end":{"line":31,"column":3}}]},"5":{"type":"branch","line":33,"loc":{"start":{"line":33,"column":70},"end":{"line":40,"column":3}},"locations":[{"start":{"line":33,"column":70},"end":{"line":40,"column":3}}]},"6":{"type":"branch","line":42,"loc":{"start":{"line":42,"column":49},"end":{"line":49,"column":3}},"locations":[{"start":{"line":42,"column":49},"end":{"line":49,"column":3}}]},"7":{"type":"branch","line":51,"loc":{"start":{"line":51,"column":80},"end":{"line":70,"column":3}},"locations":[{"start":{"line":51,"column":80},"end":{"line":70,"column":3}}]},"8":{"type":"branch","line":72,"loc":{"start":{"line":72,"column":46},"end":{"line":85,"column":3}},"locations":[{"start":{"line":72,"column":46},"end":{"line":85,"column":3}}]},"9":{"type":"branch","line":87,"loc":{"start":{"line":87,"column":54},"end":{"line":96,"column":3}},"locations":[{"start":{"line":87,"column":54},"end":{"line":96,"column":3}}]}},"b":{"0":[1],"1":[8],"2":[1],"3":[1],"4":[1],"5":[1],"6":[1],"7":[1],"8":[1],"9":[1]},"fnMap":{},"f":{}}
,"/Users/caugello/Dev/macmac/frontend/src/api/client.ts": {"path":"/Users/caugello/Dev/macmac/frontend/src/api/client.ts","all":false,"statementMap":{"0":{"start":{"line":1,"column":0},"end":{"line":1,"column":25}},"2":{"start":{"line":3,"column":0},"end":{"line":3,"column":39}},"3":{"start":{"line":4,"column":0},"end":{"line":4,"column":21}},"4":{"start":{"line":5,"column":0},"end":{"line":5,"column":12}},"5":{"start":{"line":6,"column":0},"end":{"line":6,"column":39}},"6":{"start":{"line":7,"column":0},"end":{"line":7,"column":4}},"7":{"start":{"line":8,"column":0},"end":{"line":8,"column":2}},"10":{"start":{"line":11,"column":0},"end":{"line":11,"column":35}},"11":{"start":{"line":12,"column":0},"end":{"line":12,"column":15}},"12":{"start":{"line":13,"column":0},"end":{"line":13,"column":52}},"13":{"start":{"line":14,"column":0},"end":{"line":14,"column":16}},"14":{"start":{"line":15,"column":0},"end":{"line":15,"column":54}},"15":{"start":{"line":16,"column":0},"end":{"line":16,"column":5}},"16":{"start":{"line":17,"column":0},"end":{"line":17,"column":17}},"17":{"start":{"line":18,"column":0},"end":{"line":18,"column":4}},"18":{"start":{"line":19,"column":0},"end":{"line":19,"column":14}},"19":{"start":{"line":20,"column":0},"end":{"line":20,"column":32}},"20":{"start":{"line":21,"column":0},"end":{"line":21,"column":3}},"21":{"start":{"line":22,"column":0},"end":{"line":22,"column":1}},"24":{"start":{"line":25,"column":0},"end":{"line":25,"column":36}},"25":{"start":{"line":26,"column":0},"end":{"line":26,"column":25}},"26":{"start":{"line":27,"column":0},"end":{"line":27,"column":14}},"27":{"start":{"line":28,"column":0},"end":{"line":28,"column":70}},"30":{"start":{"line":31,"column":0},"end":{"line":31,"column":41}},"31":{"start":{"line":32,"column":0},"end":{"line":32,"column":43}},"32":{"start":{"line":33,"column":0},"end":{"line":33,"column":42}},"33":{"start":{"line":34,"column":0},"end":{"line":34,"column":37}},"34":{"start":{"line":35,"column":0},"end":{"line":35,"column":5}},"36":{"start":{"line":37,"column":0},"end":{"line":37,"column":32}},"37":{"start":{"line":38,"column":0},"end":{"line":38,"column":3}},"38":{"start":{"line":39,"column":0},"end":{"line":39,"column":1}}},"s":{"0":1,"2":1,"3":1,"4":1,"5":1,"6":1,"7":1,"10":1,"11":1,"12":2,"13":2,"14":1,"15":1,"16":2,"17":2,"18":1,"19":0,"20":0,"21":1,"24":1,"25":1,"26":1,"27":3,"30":3,"31":1,"32":1,"33":1,"34":1,"36":3,"37":3,"38":1},"branchMap":{"0":{"type":"branch","line":12,"loc":{"start":{"line":12,"column":2},"end":{"line":18,"column":4}},"locations":[{"start":{"line":12,"column":2},"end":{"line":18,"column":4}}]},"1":{"type":"branch","line":14,"loc":{"start":{"line":14,"column":15},"end":{"line":16,"column":5}},"locations":[{"start":{"line":14,"column":15},"end":{"line":16,"column":5}}]},"2":{"type":"branch","line":26,"loc":{"start":{"line":26,"column":2},"end":{"line":26,"column":25}},"locations":[{"start":{"line":26,"column":2},"end":{"line":26,"column":25}}]},"3":{"type":"branch","line":27,"loc":{"start":{"line":27,"column":2},"end":{"line":38,"column":3}},"locations":[{"start":{"line":27,"column":2},"end":{"line":38,"column":3}}]},"4":{"type":"branch","line":28,"loc":{"start":{"line":28,"column":38},"end":{"line":28,"column":56}},"locations":[{"start":{"line":28,"column":38},"end":{"line":28,"column":56}}]},"5":{"type":"branch","line":28,"loc":{"start":{"line":28,"column":48},"end":{"line":28,"column":69}},"locations":[{"start":{"line":28,"column":48},"end":{"line":28,"column":69}}]},"6":{"type":"branch","line":31,"loc":{"start":{"line":31,"column":14},"end":{"line":31,"column":35}},"locations":[{"start":{"line":31,"column":14},"end":{"line":31,"column":35}}]},"7":{"type":"branch","line":31,"loc":{"start":{"line":31,"column":40},"end":{"line":35,"column":5}},"locations":[{"start":{"line":31,"column":40},"end":{"line":35,"column":5}}]}},"b":{"0":[2],"1":[1],"2":[1],"3":[3],"4":[2],"5":[1],"6":[2],"7":[1]},"fnMap":{},"f":{}}
,"/Users/caugello/Dev/macmac/frontend/src/api/mealPlans.test.ts": {"path":"/Users/caugello/Dev/macmac/frontend/src/api/mealPlans.test.ts","all":false,"statementMap":{"0":{"start":{"line":1,"column":0},"end":{"line":1,"column":61}},"13":{"start":{"line":14,"column":0},"end":{"line":14,"column":32}},"14":{"start":{"line":15,"column":0},"end":{"line":15,"column":20}},"15":{"start":{"line":16,"column":0},"end":{"line":16,"column":22}},"16":{"start":{"line":17,"column":0},"end":{"line":17,"column":4}},"18":{"start":{"line":19,"column":0},"end":{"line":19,"column":26}},"19":{"start":{"line":20,"column":0},"end":{"line":20,"column":66}},"20":{"start":{"line":21,"column":0},"end":{"line":21,"column":28}},"21":{"start":{"line":22,"column":0},"end":{"line":22,"column":15}},"22":{"start":{"line":23,"column":0},"end":{"line":23,"column":19}},"23":{"start":{"line":24,"column":0},"end":{"line":24,"column":20}},"24":{"start":{"line":25,"column":0},"end":{"line":25,"column":20}},"25":{"start":{"line":26,"column":0},"end":{"line":26,"column":19}},"26":{"start":{"line":27,"column":0},"end":{"line":27,"column":10}},"27":{"start":{"line":28,"column":0},"end":{"line":28,"column":7}},"29":{"start":{"line":30,"column":0},"end":{"line":30,"column":62}},"31":{"start":{"line":32,"column":0},"end":{"line":32,"column":46}},"33":{"start":{"line":34,"column":0},"end":{"line":34,"column":86}},"34":{"start":{"line":35,"column":0},"end":{"line":35,"column":47}},"35":{"start":{"line":36,"column":0},"end":{"line":36,"column":6}},"37":{"start":{"line":38,"column":0},"end":{"line":38,"column":74}},"38":{"start":{"line":39,"column":0},"end":{"line":39,"column":28}},"39":{"start":{"line":40,"column":0},"end":{"line":40,"column":15}},"40":{"start":{"line":41,"column":0},"end":{"line":41,"column":19}},"41":{"start":{"line":42,"column":0},"end":{"line":42,"column":20}},"42":{"start":{"line":43,"column":0},"end":{"line":43,"column":20}},"43":{"start":{"line":44,"column":0},"end":{"line":44,"column":19}},"44":{"start":{"line":45,"column":0},"end":{"line":45,"column":10}},"45":{"start":{"line":46,"column":0},"end":{"line":46,"column":7}},"47":{"start":{"line":48,"column":0},"end":{"line":48,"column":62}},"49":{"start":{"line":50,"column":0},"end":{"line":50,"column":22}},"50":{"start":{"line":51,"column":0},"end":{"line":51,"column":33}},"51":{"start":{"line":52,"column":0},"end":{"line":52,"column":31}},"52":{"start":{"line":53,"column":0},"end":{"line":53,"column":7}},"54":{"start":{"line":55,"column":0},"end":{"line":55,"column":37}},"56":{"start":{"line":57,"column":0},"end":{"line":57,"column":75}},"57":{"start":{"line":58,"column":0},"end":{"line":58,"column":6}},"58":{"start":{"line":59,"column":0},"end":{"line":59,"column":4}},"60":{"start":{"line":61,"column":0},"end":{"line":61,"column":25}},"61":{"start":{"line":62,"column":0},"end":{"line":62,"column":55}},"62":{"start":{"line":63,"column":0},"end":{"line":63,"column":28}},"63":{"start":{"line":64,"column":0},"end":{"line":64,"column":15}},"64":{"start":{"line":65,"column":0},"end":{"line":65,"column":30}},"65":{"start":{"line":66,"column":0},"end":{"line":66,"column":29}},"66":{"start":{"line":67,"column":0},"end":{"line":67,"column":30}},"67":{"start":{"line":68,"column":0},"end":{"line":68,"column":34}},"68":{"start":{"line":69,"column":0},"end":{"line":69,"column":35}},"69":{"start":{"line":70,"column":0},"end":{"line":70,"column":35}},"70":{"start":{"line":71,"column":0},"end":{"line":71,"column":10}},"71":{"start":{"line":72,"column":0},"end":{"line":72,"column":7}},"73":{"start":{"line":74,"column":0},"end":{"line":74,"column":62}},"75":{"start":{"line":76,"column":0},"end":{"line":76,"column":60}},"77":{"start":{"line":78,"column":0},"end":{"line":78,"column":77}},"78":{"start":{"line":79,"column":0},"end":{"line":79,"column":47}},"79":{"start":{"line":80,"column":0},"end":{"line":80,"column":6}},"80":{"start":{"line":81,"column":0},"end":{"line":81,"column":4}},"82":{"start":{"line":83,"column":0},"end":{"line":83,"column":28}},"83":{"start":{"line":84,"column":0},"end":{"line":84,"column":72}},"84":{"start":{"line":85,"column":0},"end":{"line":85,"column":27}},"85":{"start":{"line":86,"column":0},"end":{"line":86,"column":27}},"86":{"start":{"line":87,"column":0},"end":{"line":87,"column":27}},"87":{"start":{"line":88,"column":0},"end":{"line":88,"column":32}},"88":{"start":{"line":89,"column":0},"end":{"line":89,"column":7}},"90":{"start":{"line":91,"column":0},"end":{"line":91,"column":28}},"91":{"start":{"line":92,"column":0},"end":{"line":92,"column":15}},"92":{"start":{"line":93,"column":0},"end":{"line":93,"column":33}},"93":{"start":{"line":94,"column":0},"end":{"line":94,"column":25}},"94":{"start":{"line":95,"column":0},"end":{"line":95,"column":35}},"95":{"start":{"line":96,"column":0},"end":{"line":96,"column":35}},"96":{"start":{"line":97,"column":0},"end":{"line":97,"column":10}},"97":{"start":{"line":98,"column":0},"end":{"line":98,"column":7}},"99":{"start":{"line":100,"column":0},"end":{"line":100,"column":63}},"101":{"start":{"line":102,"column":0},"end":{"line":102,"column":59}},"103":{"start":{"line":104,"column":0},"end":{"line":104,"column":77}},"104":{"start":{"line":105,"column":0},"end":{"line":105,"column":47}},"105":{"start":{"line":106,"column":0},"end":{"line":106,"column":6}},"106":{"start":{"line":107,"column":0},"end":{"line":107,"column":4}},"108":{"start":{"line":109,"column":0},"end":{"line":109,"column":28}},"109":{"start":{"line":110,"column":0},"end":{"line":110,"column":74}},"110":{"start":{"line":111,"column":0},"end":{"line":111,"column":26}},"111":{"start":{"line":112,"column":0},"end":{"line":112,"column":35}},"112":{"start":{"line":113,"column":0},"end":{"line":113,"column":7}},"114":{"start":{"line":115,"column":0},"end":{"line":115,"column":28}},"115":{"start":{"line":116,"column":0},"end":{"line":116,"column":15}},"116":{"start":{"line":117,"column":0},"end":{"line":117,"column":30}},"117":{"start":{"line":118,"column":0},"end":{"line":118,"column":29}},"118":{"start":{"line":119,"column":0},"end":{"line":119,"column":30}},"119":{"start":{"line":120,"column":0},"end":{"line":120,"column":37}},"120":{"start":{"line":121,"column":0},"end":{"line":121,"column":35}},"121":{"start":{"line":122,"column":0},"end":{"line":122,"column":35}},"122":{"start":{"line":123,"column":0},"end":{"line":123,"column":10}},"123":{"start":{"line":124,"column":0},"end":{"line":124,"column":7}},"125":{"start":{"line":126,"column":0},"end":{"line":126,"column":64}},"127":{"start":{"line":128,"column":0},"end":{"line":128,"column":75}},"129":{"start":{"line":130,"column":0},"end":{"line":130,"column":91}},"130":{"start":{"line":131,"column":0},"end":{"line":131,"column":47}},"131":{"start":{"line":132,"column":0},"end":{"line":132,"column":6}},"132":{"start":{"line":133,"column":0},"end":{"line":133,"column":4}},"134":{"start":{"line":135,"column":0},"end":{"line":135,"column":28}},"135":{"start":{"line":136,"column":0},"end":{"line":136,"column":58}},"136":{"start":{"line":137,"column":0},"end":{"line":137,"column":28}},"137":{"start":{"line":138,"column":0},"end":{"line":138,"column":15}},"138":{"start":{"line":139,"column":0},"end":{"line":139,"column":52}},"139":{"start":{"line":140,"column":0},"end":{"line":140,"column":10}},"140":{"start":{"line":141,"column":0},"end":{"line":141,"column":7}},"142":{"start":{"line":143,"column":0},"end":{"line":143,"column":65}},"144":{"start":{"line":145,"column":0},"end":{"line":145,"column":63}},"146":{"start":{"line":147,"column":0},"end":{"line":147,"column":80}},"147":{"start":{"line":148,"column":0},"end":{"line":148,"column":47}},"148":{"start":{"line":149,"column":0},"end":{"line":149,"column":6}},"149":{"start":{"line":150,"column":0},"end":{"line":150,"column":4}},"151":{"start":{"line":152,"column":0},"end":{"line":152,"column":29}},"152":{"start":{"line":153,"column":0},"end":{"line":153,"column":76}},"153":{"start":{"line":154,"column":0},"end":{"line":154,"column":24}},"154":{"start":{"line":155,"column":0},"end":{"line":155,"column":34}},"155":{"start":{"line":156,"column":0},"end":{"line":156,"column":34}},"156":{"start":{"line":157,"column":0},"end":{"line":157,"column":7}},"158":{"start":{"line":159,"column":0},"end":{"line":159,"column":28}},"159":{"start":{"line":160,"column":0},"end":{"line":160,"column":15}},"160":{"start":{"line":161,"column":0},"end":{"line":161,"column":45}},"161":{"start":{"line":162,"column":0},"end":{"line":162,"column":26}},"162":{"start":{"line":163,"column":0},"end":{"line":163,"column":10}},"163":{"start":{"line":164,"column":0},"end":{"line":164,"column":7}},"165":{"start":{"line":166,"column":0},"end":{"line":166,"column":63}},"167":{"start":{"line":168,"column":0},"end":{"line":168,"column":57}},"169":{"start":{"line":170,"column":0},"end":{"line":170,"column":83}},"170":{"start":{"line":171,"column":0},"end":{"line":171,"column":47}},"171":{"start":{"line":172,"column":0},"end":{"line":172,"column":6}},"172":{"start":{"line":173,"column":0},"end":{"line":173,"column":4}},"174":{"start":{"line":175,"column":0},"end":{"line":175,"column":30}},"175":{"start":{"line":176,"column":0},"end":{"line":176,"column":77}},"176":{"start":{"line":177,"column":0},"end":{"line":177,"column":24}},"177":{"start":{"line":178,"column":0},"end":{"line":178,"column":40}},"178":{"start":{"line":179,"column":0},"end":{"line":179,"column":40}},"179":{"start":{"line":180,"column":0},"end":{"line":180,"column":7}},"181":{"start":{"line":182,"column":0},"end":{"line":182,"column":28}},"182":{"start":{"line":183,"column":0},"end":{"line":183,"column":15}},"183":{"start":{"line":184,"column":0},"end":{"line":184,"column":46}},"184":{"start":{"line":185,"column":0},"end":{"line":185,"column":27}},"185":{"start":{"line":186,"column":0},"end":{"line":186,"column":10}},"186":{"start":{"line":187,"column":0},"end":{"line":187,"column":7}},"188":{"start":{"line":189,"column":0},"end":{"line":189,"column":63}},"190":{"start":{"line":191,"column":0},"end":{"line":191,"column":58}},"192":{"start":{"line":193,"column":0},"end":{"line":193,"column":84}},"193":{"start":{"line":194,"column":0},"end":{"line":194,"column":47}},"194":{"start":{"line":195,"column":0},"end":{"line":195,"column":6}},"195":{"start":{"line":196,"column":0},"end":{"line":196,"column":4}},"197":{"start":{"line":198,"column":0},"end":{"line":198,"column":42}},"198":{"start":{"line":199,"column":0},"end":{"line":199,"column":82}},"199":{"start":{"line":200,"column":0},"end":{"line":200,"column":27}},"200":{"start":{"line":201,"column":0},"end":{"line":201,"column":33}},"201":{"start":{"line":202,"column":0},"end":{"line":202,"column":31}},"202":{"start":{"line":203,"column":0},"end":{"line":203,"column":7}},"204":{"start":{"line":205,"column":0},"end":{"line":205,"column":28}},"205":{"start":{"line":206,"column":0},"end":{"line":206,"column":15}},"206":{"start":{"line":207,"column":0},"end":{"line":207,"column":18}},"207":{"start":{"line":208,"column":0},"end":{"line":208,"column":13}},"208":{"start":{"line":209,"column":0},"end":{"line":209,"column":40}},"209":{"start":{"line":210,"column":0},"end":{"line":210,"column":42}},"210":{"start":{"line":211,"column":0},"end":{"line":211,"column":29}},"211":{"start":{"line":212,"column":0},"end":{"line":212,"column":25}},"212":{"start":{"line":213,"column":0},"end":{"line":213,"column":14}},"213":{"start":{"line":214,"column":0},"end":{"line":214,"column":12}},"214":{"start":{"line":215,"column":0},"end":{"line":215,"column":10}},"215":{"start":{"line":216,"column":0},"end":{"line":216,"column":7}},"217":{"start":{"line":218,"column":0},"end":{"line":218,"column":63}},"219":{"start":{"line":220,"column":0},"end":{"line":220,"column":73}},"221":{"start":{"line":222,"column":0},"end":{"line":222,"column":91}},"222":{"start":{"line":223,"column":0},"end":{"line":223,"column":47}},"223":{"start":{"line":224,"column":0},"end":{"line":224,"column":6}},"224":{"start":{"line":225,"column":0},"end":{"line":225,"column":4}},"225":{"start":{"line":226,"column":0},"end":{"line":226,"column":2}}},"s":{"0":1,"13":1,"14":1,"15":9,"16":1,"18":1,"19":1,"20":1,"21":1,"22":1,"23":1,"24":1,"25":1,"26":1,"27":1,"29":1,"31":1,"33":1,"34":1,"35":1,"37":1,"38":1,"39":1,"40":1,"41":1,"42":1,"43":1,"44":1,"45":1,"47":1,"49":1,"50":1,"51":1,"52":1,"54":1,"56":1,"57":1,"58":1,"60":1,"61":1,"62":1,"63":1,"64":1,"65":1,"66":1,"67":1,"68":1,"69":1,"70":1,"71":1,"73":1,"75":1,"77":1,"78":1,"79":1,"80":1,"82":1,"83":1,"84":1,"85":1,"86":1,"87":1,"88":1,"90":1,"91":1,"92":1,"93":1,"94":1,"95":1,"96":1,"97":1,"99":1,"101":1,"103":1,"104":1,"105":1,"106":1,"108":1,"109":1,"110":1,"111":1,"112":1,"114":1,"115":1,"116":1,"117":1,"118":1,"119":1,"120":1,"121":1,"122":1,"123":1,"125":1,"127":1,"129":1,"130":1,"131":1,"132":1,"134":1,"135":1,"136":1,"137":1,"138":1,"139":1,"140":1,"142":1,"144":1,"146":1,"147":1,"148":1,"149":1,"151":1,"152":1,"153":1,"154":1,"155":1,"156":1,"158":1,"159":1,"160":1,"161":1,"162":1,"163":1,"165":1,"167":1,"169":1,"170":1,"171":1,"172":1,"174":1,"175":1,"176":1,"177":1,"178":1,"179":1,"181":1,"182":1,"183":1,"184":1,"185":1,"186":1,"188":1,"190":1,"192":1,"193":1,"194":1,"195":1,"197":1,"198":1,"199":1,"200":1,"201":1,"202":1,"204":1,"205":1,"206":1,"207":1,"208":1,"209":1,"210":1,"211":1,"212":1,"213":1,"214":1,"215":1,"217":1,"219":1,"221":1,"222":1,"223":1,"224":1,"225":1},"branchMap":{"0":{"type":"branch","line":14,"loc":{"start":{"line":14,"column":25},"end":{"line":226,"column":2}},"locations":[{"start":{"line":14,"column":25},"end":{"line":226,"column":2}}]},"1":{"type":"branch","line":15,"loc":{"start":{"line":15,"column":13},"end":{"line":17,"column":3}},"locations":[{"start":{"line":15,"column":13},"end":{"line":17,"column":3}}]},"2":{"type":"branch","line":19,"loc":{"start":{"line":19,"column":19},"end":{"line":59,"column":3}},"locations":[{"start":{"line":19,"column":19},"end":{"line":59,"column":3}}]},"3":{"type":"branch","line":20,"loc":{"start":{"line":20,"column":53},"end":{"line":36,"column":5}},"locations":[{"start":{"line":20,"column":53},"end":{"line":36,"column":5}}]},"4":{"type":"branch","line":38,"loc":{"start":{"line":38,"column":61},"end":{"line":58,"column":5}},"locations":[{"start":{"line":38,"column":61},"end":{"line":58,"column":5}}]},"5":{"type":"branch","line":61,"loc":{"start":{"line":61,"column":18},"end":{"line":81,"column":3}},"locations":[{"start":{"line":61,"column":18},"end":{"line":81,"column":3}}]},"6":{"type":"branch","line":62,"loc":{"start":{"line":62,"column":42},"end":{"line":80,"column":5}},"locations":[{"start":{"line":62,"column":42},"end":{"line":80,"column":5}}]},"7":{"type":"branch","line":83,"loc":{"start":{"line":83,"column":21},"end":{"line":107,"column":3}},"locations":[{"start":{"line":83,"column":21},"end":{"line":107,"column":3}}]},"8":{"type":"branch","line":84,"loc":{"start":{"line":84,"column":59},"end":{"line":106,"column":5}},"locations":[{"start":{"line":84,"column":59},"end":{"line":106,"column":5}}]},"9":{"type":"branch","line":109,"loc":{"start":{"line":109,"column":21},"end":{"line":133,"column":3}},"locations":[{"start":{"line":109,"column":21},"end":{"line":133,"column":3}}]},"10":{"type":"branch","line":110,"loc":{"start":{"line":110,"column":61},"end":{"line":132,"column":5}},"locations":[{"start":{"line":110,"column":61},"end":{"line":132,"column":5}}]},"11":{"type":"branch","line":135,"loc":{"start":{"line":135,"column":21},"end":{"line":150,"column":3}},"locations":[{"start":{"line":135,"column":21},"end":{"line":150,"column":3}}]},"12":{"type":"branch","line":136,"loc":{"start":{"line":136,"column":45},"end":{"line":149,"column":5}},"locations":[{"start":{"line":136,"column":45},"end":{"line":149,"column":5}}]},"13":{"type":"branch","line":152,"loc":{"start":{"line":152,"column":22},"end":{"line":173,"column":3}},"locations":[{"start":{"line":152,"column":22},"end":{"line":173,"column":3}}]},"14":{"type":"branch","line":153,"loc":{"start":{"line":153,"column":63},"end":{"line":172,"column":5}},"locations":[{"start":{"line":153,"column":63},"end":{"line":172,"column":5}}]},"15":{"type":"branch","line":175,"loc":{"start":{"line":175,"column":23},"end":{"line":196,"column":3}},"locations":[{"start":{"line":175,"column":23},"end":{"line":196,"column":3}}]},"16":{"type":"branch","line":176,"loc":{"start":{"line":176,"column":64},"end":{"line":195,"column":5}},"locations":[{"start":{"line":176,"column":64},"end":{"line":195,"column":5}}]},"17":{"type":"branch","line":198,"loc":{"start":{"line":198,"column":35},"end":{"line":225,"column":3}},"locations":[{"start":{"line":198,"column":35},"end":{"line":225,"column":3}}]},"18":{"type":"branch","line":199,"loc":{"start":{"line":199,"column":69},"end":{"line":224,"column":5}},"locations":[{"start":{"line":199,"column":69},"end":{"line":224,"column":5}}]}},"b":{"0":[1],"1":[9],"2":[1],"3":[1],"4":[1],"5":[1],"6":[1],"7":[1],"8":[1],"9":[1],"10":[1],"11":[1],"12":[1],"13":[1],"14":[1],"15":[1],"16":[1],"17":[1],"18":[1]},"fnMap":{},"f":{}}
,"/Users/caugello/Dev/macmac/frontend/src/api/mealPlans.ts": {"path":"/Users/caugello/Dev/macmac/frontend/src/api/mealPlans.ts","all":false,"statementMap":{"0":{"start":{"line":1,"column":0},"end":{"line":1,"column":36}},"14":{"start":{"line":15,"column":0},"end":{"line":15,"column":29}},"15":{"start":{"line":16,"column":0},"end":{"line":16,"column":64}},"16":{"start":{"line":17,"column":0},"end":{"line":17,"column":91}},"18":{"start":{"line":19,"column":0},"end":{"line":19,"column":95}},"20":{"start":{"line":21,"column":0},"end":{"line":21,"column":35}},"21":{"start":{"line":22,"column":0},"end":{"line":22,"column":77}},"23":{"start":{"line":24,"column":0},"end":{"line":24,"column":47}},"24":{"start":{"line":25,"column":0},"end":{"line":25,"column":84}},"26":{"start":{"line":27,"column":0},"end":{"line":27,"column":25}},"27":{"start":{"line":28,"column":0},"end":{"line":28,"column":82}},"29":{"start":{"line":30,"column":0},"end":{"line":30,"column":36}},"30":{"start":{"line":31,"column":0},"end":{"line":31,"column":87}},"32":{"start":{"line":33,"column":0},"end":{"line":33,"column":38}},"33":{"start":{"line":34,"column":0},"end":{"line":34,"column":88}},"35":{"start":{"line":36,"column":0},"end":{"line":36,"column":54}},"36":{"start":{"line":37,"column":0},"end":{"line":37,"column":13}},"37":{"start":{"line":38,"column":0},"end":{"line":38,"column":68}},"38":{"start":{"line":39,"column":0},"end":{"line":39,"column":31}},"39":{"start":{"line":40,"column":0},"end":{"line":40,"column":1}}},"s":{"0":1,"14":1,"15":1,"16":2,"18":1,"20":1,"21":1,"23":1,"24":1,"26":1,"27":1,"29":1,"30":1,"32":1,"33":1,"35":1,"36":1,"37":1,"38":1,"39":1},"branchMap":{"0":{"type":"branch","line":16,"loc":{"start":{"line":16,"column":8},"end":{"line":17,"column":91}},"locations":[{"start":{"line":16,"column":8},"end":{"line":17,"column":91}}]},"1":{"type":"branch","line":17,"loc":{"start":{"line":17,"column":72},"end":{"line":17,"column":89}},"locations":[{"start":{"line":17,"column":72},"end":{"line":17,"column":89}}]},"2":{"type":"branch","line":19,"loc":{"start":{"line":19,"column":7},"end":{"line":19,"column":95}},"locations":[{"start":{"line":19,"column":7},"end":{"line":19,"column":95}}]},"3":{"type":"branch","line":19,"loc":{"start":{"line":19,"column":76},"end":{"line":19,"column":93}},"locations":[{"start":{"line":19,"column":76},"end":{"line":19,"column":93}}]},"4":{"type":"branch","line":21,"loc":{"start":{"line":21,"column":10},"end":{"line":22,"column":77}},"locations":[{"start":{"line":21,"column":10},"end":{"line":22,"column":77}}]},"5":{"type":"branch","line":22,"loc":{"start":{"line":22,"column":58},"end":{"line":22,"column":75}},"locations":[{"start":{"line":22,"column":58},"end":{"line":22,"column":75}}]},"6":{"type":"branch","line":24,"loc":{"start":{"line":24,"column":10},"end":{"line":25,"column":84}},"locations":[{"start":{"line":24,"column":10},"end":{"line":25,"column":84}}]},"7":{"type":"branch","line":25,"loc":{"start":{"line":25,"column":65},"end":{"line":25,"column":82}},"locations":[{"start":{"line":25,"column":65},"end":{"line":25,"column":82}}]},"8":{"type":"branch","line":27,"loc":{"start":{"line":27,"column":10},"end":{"line":28,"column":82}},"locations":[{"start":{"line":27,"column":10},"end":{"line":28,"column":82}}]},"9":{"type":"branch","line":28,"loc":{"start":{"line":28,"column":63},"end":{"line":28,"column":80}},"locations":[{"start":{"line":28,"column":63},"end":{"line":28,"column":80}}]},"10":{"type":"branch","line":30,"loc":{"start":{"line":30,"column":11},"end":{"line":31,"column":87}},"locations":[{"start":{"line":30,"column":11},"end":{"line":31,"column":87}}]},"11":{"type":"branch","line":31,"loc":{"start":{"line":31,"column":68},"end":{"line":31,"column":85}},"locations":[{"start":{"line":31,"column":68},"end":{"line":31,"column":85}}]},"12":{"type":"branch","line":33,"loc":{"start":{"line":33,"column":12},"end":{"line":34,"column":88}},"locations":[{"start":{"line":33,"column":12},"end":{"line":34,"column":88}}]},"13":{"type":"branch","line":34,"loc":{"start":{"line":34,"column":69},"end":{"line":34,"column":86}},"locations":[{"start":{"line":34,"column":69},"end":{"line":34,"column":86}}]},"14":{"type":"branch","line":36,"loc":{"start":{"line":36,"column":24},"end":{"line":39,"column":31}},"locations":[{"start":{"line":36,"column":24},"end":{"line":39,"column":31}}]},"15":{"type":"branch","line":39,"loc":{"start":{"line":39,"column":12},"end":{"line":39,"column":29}},"locations":[{"start":{"line":39,"column":12},"end":{"line":39,"column":29}}]}},"b":{"0":[2],"1":[2],"2":[1],"3":[1],"4":[1],"5":[1],"6":[1],"7":[1],"8":[1],"9":[1],"10":[1],"11":[1],"12":[1],"13":[1],"14":[1],"15":[1]},"fnMap":{"0":{"name":"list","decl":{"start":{"line":16,"column":8},"end":{"line":17,"column":91}},"loc":{"start":{"line":16,"column":8},"end":{"line":17,"column":91}},"line":16},"1":{"name":"get","decl":{"start":{"line":19,"column":7},"end":{"line":19,"column":95}},"loc":{"start":{"line":19,"column":7},"end":{"line":19,"column":95}},"line":19},"2":{"name":"create","decl":{"start":{"line":21,"column":10},"end":{"line":22,"column":77}},"loc":{"start":{"line":21,"column":10},"end":{"line":22,"column":77}},"line":21},"3":{"name":"update","decl":{"start":{"line":24,"column":10},"end":{"line":25,"column":84}},"loc":{"start":{"line":24,"column":10},"end":{"line":25,"column":84}},"line":24},"4":{"name":"delete","decl":{"start":{"line":27,"column":10},"end":{"line":28,"column":82}},"loc":{"start":{"line":27,"column":10},"end":{"line":28,"column":82}},"line":27},"5":{"name":"copyDay","decl":{"start":{"line":30,"column":11},"end":{"line":31,"column":87}},"loc":{"start":{"line":30,"column":11},"end":{"line":31,"column":87}},"line":30},"6":{"name":"copyWeek","decl":{"start":{"line":33,"column":12},"end":{"line":34,"column":88}},"loc":{"start":{"line":33,"column":12},"end":{"line":34,"column":88}},"line":33},"7":{"name":"generateShoppingList","decl":{"start":{"line":36,"column":24},"end":{"line":39,"column":31}},"loc":{"start":{"line":36,"column":24},"end":{"line":39,"column":31}},"line":36}},"f":{"0":2,"1":1,"2":1,"3":1,"4":1,"5":1,"6":1,"7":1}}
,"/Users/caugello/Dev/macmac/frontend/src/api/recipes.test.ts": {"path":"/Users/caugello/Dev/macmac/frontend/src/api/recipes.test.ts","all":false,"statementMap":{"0":{"start":{"line":1,"column":0},"end":{"line":1,"column":61}},"13":{"start":{"line":14,"column":0},"end":{"line":14,"column":30}},"14":{"start":{"line":15,"column":0},"end":{"line":15,"column":20}},"15":{"start":{"line":16,"column":0},"end":{"line":16,"column":22}},"16":{"start":{"line":17,"column":0},"end":{"line":17,"column":4}},"18":{"start":{"line":19,"column":0},"end":{"line":19,"column":26}},"19":{"start":{"line":20,"column":0},"end":{"line":20,"column":63}},"20":{"start":{"line":21,"column":0},"end":{"line":21,"column":28}},"21":{"start":{"line":22,"column":0},"end":{"line":22,"column":15}},"22":{"start":{"line":23,"column":0},"end":{"line":23,"column":20}},"23":{"start":{"line":24,"column":0},"end":{"line":24,"column":20}},"24":{"start":{"line":25,"column":0},"end":{"line":25,"column":20}},"25":{"start":{"line":26,"column":0},"end":{"line":26,"column":19}},"26":{"start":{"line":27,"column":0},"end":{"line":27,"column":10}},"27":{"start":{"line":28,"column":0},"end":{"line":28,"column":7}},"29":{"start":{"line":30,"column":0},"end":{"line":30,"column":62}},"31":{"start":{"line":32,"column":0},"end":{"line":32,"column":44}},"33":{"start":{"line":34,"column":0},"end":{"line":34,"column":83}},"34":{"start":{"line":35,"column":0},"end":{"line":35,"column":47}},"35":{"start":{"line":36,"column":0},"end":{"line":36,"column":6}},"37":{"start":{"line":38,"column":0},"end":{"line":38,"column":66}},"38":{"start":{"line":39,"column":0},"end":{"line":39,"column":81}},"39":{"start":{"line":40,"column":0},"end":{"line":40,"column":62}},"41":{"start":{"line":42,"column":0},"end":{"line":42,"column":22}},"42":{"start":{"line":43,"column":0},"end":{"line":43,"column":18}},"43":{"start":{"line":44,"column":0},"end":{"line":44,"column":18}},"44":{"start":{"line":45,"column":0},"end":{"line":45,"column":24}},"45":{"start":{"line":46,"column":0},"end":{"line":46,"column":29}},"46":{"start":{"line":47,"column":0},"end":{"line":47,"column":26}},"47":{"start":{"line":48,"column":0},"end":{"line":48,"column":7}},"49":{"start":{"line":50,"column":0},"end":{"line":50,"column":35}},"51":{"start":{"line":52,"column":0},"end":{"line":52,"column":72}},"52":{"start":{"line":53,"column":0},"end":{"line":53,"column":6}},"53":{"start":{"line":54,"column":0},"end":{"line":54,"column":4}},"55":{"start":{"line":56,"column":0},"end":{"line":56,"column":25}},"56":{"start":{"line":57,"column":0},"end":{"line":57,"column":52}},"57":{"start":{"line":58,"column":0},"end":{"line":58,"column":26}},"58":{"start":{"line":59,"column":0},"end":{"line":59,"column":15}},"59":{"start":{"line":60,"column":0},"end":{"line":60,"column":27}},"60":{"start":{"line":61,"column":0},"end":{"line":61,"column":31}},"61":{"start":{"line":62,"column":0},"end":{"line":62,"column":30}},"62":{"start":{"line":63,"column":0},"end":{"line":63,"column":26}},"63":{"start":{"line":64,"column":0},"end":{"line":64,"column":20}},"64":{"start":{"line":65,"column":0},"end":{"line":65,"column":35}},"65":{"start":{"line":66,"column":0},"end":{"line":66,"column":35}},"66":{"start":{"line":67,"column":0},"end":{"line":67,"column":10}},"67":{"start":{"line":68,"column":0
[...]
tart":{"line":179,"column":0},"end":{"line":179,"column":6}},"180":{"start":{"line":181,"column":0},"end":{"line":181,"column":59}},"181":{"start":{"line":182,"column":0},"end":{"line":182,"column":58}},"182":{"start":{"line":183,"column":0},"end":{"line":183,"column":73}},"183":{"start":{"line":184,"column":0},"end":{"line":184,"column":66}},"184":{"start":{"line":185,"column":0},"end":{"line":185,"column":6}},"186":{"start":{"line":187,"column":0},"end":{"line":187,"column":76}},"187":{"start":{"line":188,"column":0},"end":{"line":188,"column":58}},"189":{"start":{"line":190,"column":0},"end":{"line":190,"column":70}},"190":{"start":{"line":191,"column":0},"end":{"line":191,"column":6}},"192":{"start":{"line":193,"column":0},"end":{"line":193,"column":67}},"193":{"start":{"line":194,"column":0},"end":{"line":194,"column":38}},"194":{"start":{"line":195,"column":0},"end":{"line":195,"column":15}},"195":{"start":{"line":196,"column":0},"end":{"line":196,"column":78}},"196":{"start":{"line":197,"column":0},"end":{"line":197,"column":20}},"197":{"start":{"line":198,"column":0},"end":{"line":198,"column":10}},"198":{"start":{"line":199,"column":0},"end":{"line":199,"column":25}},"199":{"start":{"line":200,"column":0},"end":{"line":200,"column":20}},"200":{"start":{"line":201,"column":0},"end":{"line":201,"column":8}},"202":{"start":{"line":203,"column":0},"end":{"line":203,"column":58}},"203":{"start":{"line":204,"column":0},"end":{"line":204,"column":55}},"204":{"start":{"line":205,"column":0},"end":{"line":205,"column":55}},"205":{"start":{"line":206,"column":0},"end":{"line":206,"column":6}},"206":{"start":{"line":207,"column":0},"end":{"line":207,"column":4}},"208":{"start":{"line":209,"column":0},"end":{"line":209,"column":42}},"209":{"start":{"line":210,"column":0},"end":{"line":210,"column":63}},"210":{"start":{"line":211,"column":0},"end":{"line":211,"column":36}},"211":{"start":{"line":212,"column":0},"end":{"line":212,"column":38}},"212":{"start":{"line":213,"column":0},"end":{"line":213,"column":37}},"213":{"start":{"line":214,"column":0},"end":{"line":214,"column":25}},"214":{"start":{"line":215,"column":0},"end":{"line":215,"column":20}},"215":{"start":{"line":216,"column":0},"end":{"line":216,"column":8}},"217":{"start":{"line":218,"column":0},"end":{"line":218,"column":58}},"219":{"start":{"line":220,"column":0},"end":{"line":220,"column":74}},"220":{"start":{"line":221,"column":0},"end":{"line":221,"column":43}},"223":{"start":{"line":224,"column":0},"end":{"line":224,"column":20}},"224":{"start":{"line":225,"column":0},"end":{"line":225,"column":15}},"225":{"start":{"line":226,"column":0},"end":{"line":226,"column":54}},"226":{"start":{"line":227,"column":0},"end":{"line":227,"column":56}},"227":{"start":{"line":228,"column":0},"end":{"line":228,"column":11}},"228":{"start":{"line":229,"column":0},"end":{"line":229,"column":10}},"229":{"start":{"line":230,"column":0},"end":{"line":230,"column":25}},"230":{"start":{"line":231,"column":0},"end":{"line":231,"column":7}},"231":{"start":{"line":232,"column":0},"end":{"line":232,"column":6}},"232":{"start":{"line":233,"column":0},"end":{"line":233,"column":4}},"234":{"start":{"line":235,"column":0},"end":{"line":235,"column":32}},"235":{"start":{"line":236,"column":0},"end":{"line":236,"column":84}},"236":{"start":{"line":237,"column":0},"end":{"line":237,"column":36}},"237":{"start":{"line":238,"column":0},"end":{"line":238,"column":38}},"238":{"start":{"line":239,"column":0},"end":{"line":239,"column":15}},"239":{"start":{"line":240,"column":0},"end":{"line":240,"column":78}},"240":{"start":{"line":241,"column":0},"end":{"line":241,"column":20}},"241":{"start":{"line":242,"column":0},"end":{"line":242,"column":10}},"242":{"start":{"line":243,"column":0},"end":{"line":243,"column":25}},"243":{"start":{"line":244,"column":0},"end":{"line":244,"column":20}},"244":{"start":{"line":245,"column":0},"end":{"line":245,"column":8}},"246":{"start":{"line":247,"column":0},"end":{"line":247,"column":58}},"249":{"start":{"line":250,"column":0},"end":{"line":250,"column":47}},"250":{"start":{"line":251,"column":0},"end":{"line":251,"column":35}},"252":{"start":{"line":253,"column":0},"end":{"line":253,"column":27}},"253":{"start":{"line":254,"column":0},"end":{"line":254,"column":52}},"254":{"start":{"line":255,"column":0},"end":{"line":255,"column":49}},"255":{"start":{"line":256,"column":0},"end":{"line":256,"column":9}},"256":{"start":{"line":257,"column":0},"end":{"line":257,"column":8}},"257":{"start":{"line":258,"column":0},"end":{"line":258,"column":6}},"258":{"start":{"line":259,"column":0},"end":{"line":259,"column":4}},"259":{"start":{"line":260,"column":0},"end":{"line":260,"column":2}}},"s":{"0":1,"1":1,"2":1,"3":1,"4":1,"5":1,"6":1,"8":1,"10":1,"12":1,"13":17,"14":17,"15":17,"16":17,"17":17,"18":17,"19":17,"20":32,"21":32,"22":32,"24":17,"26":1,"27":1,"28":17,"29":1,"31":1,"32":1,"33":1,"34":1,"35":1,"36":1,"37":1,"39":1,"40":1,"41":1,"42":1,"44":1,"45":1,"46":1,"47":1,"48":1,"49":1,"50":1,"52":1,"53":1,"54":1,"55":1,"57":1,"58":1,"59":1,"60":1,"61":1,"62":1,"63":1,"65":1,"66":1,"67":1,"68":1,"69":1,"71":1,"72":1,"73":1,"74":1,"75":1,"76":1,"77":1,"78":1,"79":1,"80":1,"81":1,"82":1,"83":1,"84":1,"85":1,"86":1,"87":1,"88":1,"90":1,"91":12,"92":12,"93":12,"94":12,"95":12,"96":1,"98":1,"99":1,"100":1,"101":1,"103":1,"104":1,"105":1,"106":1,"108":1,"109":1,"110":1,"111":1,"113":1,"114":1,"115":1,"116":1,"117":1,"119":1,"120":1,"121":1,"122":1,"123":1,"125":1,"126":1,"127":1,"128":1,"129":1,"131":1,"132":1,"133":1,"134":1,"135":1,"136":1,"137":1,"138":1,"139":1,"140":1,"141":1,"142":1,"143":1,"144":1,"145":1,"147":1,"148":1,"149":1,"151":1,"152":1,"153":1,"154":1,"155":1,"156":1,"157":1,"158":1,"159":1,"160":1,"161":1,"162":1,"163":1,"164":1,"165":1,"166":1,"168":1,"169":1,"170":1,"172":1,"173":1,"174":1,"175":1,"176":1,"177":1,"178":1,"180":1,"181":1,"182":1,"183":1,"184":1,"186":1,"187":1,"189":1,"190":1,"192":1,"193":1,"194":1,"195":1,"196":1,"197":1,"198":1,"199":1,"200":1,"202":1,"203":1,"204":1,"205":1,"206":1,"208":1,"209":1,"210":1,"211":1,"212":1,"213":1,"214":1,"215":1,"217":1,"219":1,"220":1,"223":1,"224":1,"225":11,"226":11,"227":11,"228":11,"229":1,"230":1,"231":1,"232":1,"234":1,"235":1,"236":1,"237":1,"238":1,"239":1,"240":1,"241":1,"242":1,"243":1,"244":1,"246":1,"249":1,"250":1,"252":1,"253":1,"254":1,"255":1,"256":1,"257":1,"258":1,"259":1},"branchMap":{"0":{"type":"branch","line":13,"loc":{"start":{"line":13,"column":22},"end":{"line":25,"column":1}},"locations":[{"start":{"line":13,"column":22},"end":{"line":25,"column":1}}]},"1":{"type":"branch","line":20,"loc":{"start":{"line":20,"column":9},"end":{"line":23,"column":26}},"locations":[{"start":{"line":20,"column":9},"end":{"line":23,"column":26}}]},"2":{"type":"branch","line":27,"loc":{"start":{"line":27,"column":28},"end":{"line":260,"column":2}},"locations":[{"start":{"line":27,"column":28},"end":{"line":260,"column":2}}]},"3":{"type":"branch","line":28,"loc":{"start":{"line":28,"column":13},"end":{"line":30,"column":3}},"locations":[{"start":{"line":28,"column":13},"end":{"line":30,"column":3}}]},"4":{"type":"branch","line":32,"loc":{"start":{"line":32,"column":28},"end":{"line":43,"column":3}},"locations":[{"start":{"line":32,"column":28},"end":{"line":43,"column":3}}]},"5":{"type":"branch","line":33,"loc":{"start":{"line":33,"column":38},"end":{"line":42,"column":5}},"locations":[{"start":{"line":33,"column":38},"end":{"line":42,"column":5}}]},"6":{"type":"branch","line":45,"loc":{"start":{"line":45,"column":26},"end":{"line":56,"column":3}},"locations":[{"start":{"line":45,"column":26},"end":{"line":56,"column":3}}]},"7":{"type":"branch","line":46,"loc":{"start":{"line":46,"column":36},"end":{"line":55,"column":5}},"locations":[{"start":{"line":46,"column":36},"end":{"line":55,"column":5}}]},"8":{"type":"branch","line":58,"loc":{"start":{"line":58,"column":26},"end":{"line":70,"column":3}},"locations":[{"start":{"line":58,"column":26},"end":{"line":70,"column":3}}]},"9":{"type":"branch","line":59,"loc":{"start":{"line":59,"column":41},"end":{"line":69,"column":5}},"locations":[{"start":{"line":59,"column":41},"end":{"line":69,"column":5}}]},"10":{"type":"branch","line":72,"loc":{"start":{"line":72,"column":27},"end":{"line":207,"column":3}},"locations":[{"start":{"line":72,"column":27},"end":{"line":207,"column":3}}]},"11":{"type":"branch","line":91,"loc":{"start":{"line":91,"column":15},"end":{"line":97,"column":5}},"locations":[{"start":{"line":91,"column":15},"end":{"line":97,"column":5}}]},"12":{"type":"branch","line":99,"loc":{"start":{"line":99,"column":35},"end":{"line":102,"column":5}},"locations":[{"start":{"line":99,"column":35},"end":{"line":102,"column":5}}]},"13":{"type":"branch","line":104,"loc":{"start":{"line":104,"column":45},"end":{"line":107,"column":5}},"locations":[{"start":{"line":104,"column":45},"end":{"line":107,"column":5}}]},"14":{"type":"branch","line":109,"loc":{"start":{"line":109,"column":35},"end":{"line":112,"column":5}},"locations":[{"start":{"line":109,"column":35},"end":{"line":112,"column":5}}]},"15":{"type":"branch","line":114,"loc":{"start":{"line":114,"column":37},"end":{"line":118,"column":5}},"locations":[{"start":{"line":114,"column":37},"end":{"line":118,"column":5}}]},"16":{"type":"branch","line":120,"loc":{"start":{"line":120,"column":44},"end":{"line":124,"column":5}},"locations":[{"start":{"line":120,"column":44},"end":{"line":124,"column":5}}]},"17":{"type":"branch","line":126,"loc":{"start":{"line":126,"column":42},"end":{"line":130,"column":5}},"locations":[{"start":{"line":126,"column":42},"end":{"line":130,"column":5}}]},"18":{"type":"branch","line":132,"loc":{"start":{"line":132,"column":52},"end":{"line":150,"column":5}},"locations":[{"start":{"line":132,"column":52},"end":{"line":150,"column":5}}]},"19":{"type":"branch","line":152,"loc":{"start":{"line":152,"column":71},"end":{"line":171,"column":5}},"locations":[{"start":{"line":152,"column":71},"end":{"line":171,"column":5}}]},"20":{"type":"branch","line":173,"loc":{"start":{"line":173,"column":45},"end":{"line":179,"column":5}},"locations":[{"start":{"line":173,"column":45},"end":{"line":179,"column":5}}]},"21":{"type":"branch","line":181,"loc":{"start":{"line":181,"column":52},"end":{"line":185,"column":5}},"locations":[{"start":{"line":181,"column":52},"end":{"line":185,"column":5}}]},"22":{"type":"branch","line":187,"loc":{"start":{"line":187,"column":69},"end":{"line":191,"column":5}},"locations":[{"start":{"line":187,"column":69},"end":{"line":191,"column":5}}]},"23":{"type":"branch","line":193,"loc":{"start":{"line":193,"column":60},"end":{"line":206,"column":5}},"locations":[{"start":{"line":193,"column":60},"end":{"line":206,"column":5}}]},"24":{"type":"branch","line":209,"loc":{"start":{"line":209,"column":35},"end":{"line":233,"column":3}},"locations":[{"start":{"line":209,"column":35},"end":{"line":233,"column":3}}]},"25":{"type":"branch","line":210,"loc":{"start":{"line":210,"column":50},"end":{"line":232,"column":5}},"locations":[{"start":{"line":210,"column":50},"end":{"line":232,"column":5}}]},"26":{"type":"branch","line":225,"loc":{"start":{"line":225,"column":8},"end":{"line":229,"column":10}},"locations":[{"start":{"line":225,"column":8},"end":{"line":229,"column":10}}]},"27":{"type":"branch","line":235,"loc":{"start":{"line":235,"column":25},"end":{"line":259,"column":3}},"locations":[{"start":{"line":235,"column":25},"end":{"line":259,"column":3}}]},"28":{"type":"branch","line":236,"loc":{"start":{"line":236,"column":71},"end":{"line":258,"column":5}},"locations":[{"start":{"line":236,"column":71},"end":{"line":258,"column":5}}]},"29":{"type":"branch","line":253,"loc":{"start":{"line":253,"column":20},"end":{"line":257,"column":7}},"locations":[{"start":{"line":253,"column":20},"end":{"line":257,"column":7}}]}},"b":{"0":[17],"1":[32],"2":[1],"3":[17],"4":[1],"5":[1],"6":[1],"7":[1],"8":[1],"9":[1],"10":[1],"11":[12],"12":[1],"13":[1],"14":[1],"15":[1],"16":[1],"17":[1],"18":[1],"19":[1],"20":[1],"21":[1],"22":[1],"23":[1],"24":[1],"25":[1],"26":[11],"27":[1],"28":[1],"29":[1]},"fnMap":{"0":{"name":"createWrapper","decl":{"start":{"line":13,"column":22},"end":{"line":25,"column":1}},"loc":{"start":{"line":13,"column":22},"end":{"line":25,"column":1}},"line":13},"1":{"name":"__vite_ssr_import_1__.waitFor.timeout","decl":{"start":{"line":225,"column":8},"end":{"line":229,"column":10}},"loc":{"start":{"line":225,"column":8},"end":{"line":229,"column":10}},"line":225}},"f":{"0":17,"1":11}}
,"/Users/caugello/Dev/macmac/frontend/src/pages/RecipeList.tsx": {"path":"/Users/caugello/Dev/macmac/frontend/src/pages/RecipeList.tsx","all":false,"statementMap":{"0":{"start":{"line":1,"column":0},"end":{"line":1,"column":32}},"9":{"start":{"line":10,"column":0},"end":{"line":10,"column":33}},"10":{"start":{"line":11,"column":0},"end":{"line":11,"column":42}},"11":{"start":{"line":12,"column":0},"end":{"line":12,"column":37}},"12":{"start":{"line":13,"column":0},"end":{"line":13,"column":18}},"14":{"start":{"line":15,"column":0},"end":{"line":15,"column":88}},"16":{"start":{"line":17,"column":0},"end":{"line":17,"column":18}},"17":{"start":{"line":18,"column":0},"end":{"line":18,"column":12}},"18":{"start":{"line":19,"column":0},"end":{"line":19,"column":98}},"19":{"start":{"line":20,"column":0},"end":{"line":20,"column":59}},"20":{"start":{"line":21,"column":0},"end":{"line":21,"column":12}},"22":{"start":{"line":23,"column":0},"end":{"line":23,"column":3}},"24":{"start":{"line":25,"column":0},"end":{"line":25,"column":14}},"25":{"start":{"line":26,"column":0},"end":{"line":26,"column":12}},"26":{"start":{"line":27,"column":0},"end":{"line":27,"column":98}},"27":{"start":{"line":28,"column":0},"end":{"line":28,"column":80}},"28":{"start":{"line":29,"column":0},"end":{"line":29,"column":12}},"30":{"start":{"line":31,"column":0},"end":{"line":31,"column":3}},"32":{"start":{"line":33,"column":0},"end":{"line":33,"column":10}},"33":{"start":{"line":34,"column":0},"end":{"line":34,"column":59}},"34":{"start":{"line":35,"column":0},"end":{"line":35,"column":57}},"35":{"start":{"line":36,"column":0},"end":{"line":36,"column":66}},"36":{"start":{"line":37,"column":0},"end":{"line":37,"column":93}},"37":{"start":{"line":38,"column":0},"end":{"line":38,"column":34}},"38":{"start":{"line":39,"column":0},"end":{"line":39,"column":45}},"40":{"start":{"line":41,"column":0},"end":{"line":41,"column":17}},"41":{"start":{"line":42,"column":0},"end":{"line":42,"column":17}},"42":{"start":{"line":43,"column":0},"end":{"line":43,"column":12}},"44":{"start":{"line":45,"column":0},"end":{"line":45,"column":87}},"46":{"start":{"line":47,"column":0},"end":{"line":47,"column":41}},"47":{"start":{"line":48,"column":0},"end":{"line":48,"column":43}},"48":{"start":{"line":49,"column":0},"end":{"line":49,"column":65}},"49":{"start":{"line":50,"column":0},"end":{"line":50,"column":95}},"50":{"start":{"line":51,"column":0},"end":{"line":51,"column":67}},"51":{"start":{"line":52,"column":0},"end":{"line":52,"column":19}},"52":{"start":{"line":53,"column":0},"end":{"line":53,"column":14}},"54":{"start":{"line":55,"column":0},"end":{"line":55,"column":10}},"55":{"start":{"line":56,"column":0},"end":{"line":56,"column":80}},"56":{"start":{"line":57,"column":0},"end":{"line":57,"column":41}},"57":{"start":{"line":58,"column":0},"end":{"line":58,"column":65}},"58":{"start":{"line":59,"column":0},"end":{"line":59,"column":111}},"59":{"start":{"line":60,"column":0},"end":{"line":60,"column":30}},"60":{"start":{"line":61,"column":0},"end":{"line":61,"column":88}},"61":{"start":{"line":62,"column":0},"end":{"line":62,"column":76}},"62":{"start":{"line":63,"column":0},"end":{"line":63,"column":62}},"63":{"start":{"line":64,"column":0},"end":{"line":64,"column":38}},"64":{"start":{"line":65,"column":0},"end":{"line":65,"column":64}},"65":{"start":{"line":66,"column":0},"end":{"line":66,"column":104}},"66":{"start":{"line":67,"column":0},"end":{"line":67,"column":26}},"67":{"start":{"line":68,"column":0},"end":{"line":68,"column":31}},"68":{"start":{"line":69,"column":0},"end":{"line":69,"column":23}},"69":{"start":{"line":70,"column":0},"end":{"line":70,"column":21}},"70":{"start":{"line":71,"column":0},"end":{"line":71,"column":15}},"71":{"start":{"line":72,"column":0},"end":{"line":72,"column":16}},"73":{"start":{"line":74,"column":0},"end":{"line":74,"column":21}},"74":{"start":{"line":75,"column":0},"end":{"line":75,"column":36}},"75":{"start":{"line":76,"column":0},"end":{"line":76,"column":25}},"76":{"start":{"line":77,"column":0},"end":{"line":77,"column":23}},"77":{"start":{"line":78,"column":0},"end":{"line":78,"column":34}},"78":{"start":{"line":79,"column":0},"end":{"line":79,"column":12}},"79":{"start":{"line":80,"column":0},"end":{"line":80,"column":11}},"81":{"start":{"line":82,"column":0},"end":{"line":82,"column":10}},"83":{"start":{"line":84,"column":0},"end":{"line":84,"column":1}}},"s":{"0":1,"9":1,"10":20,"11":20,"12":20,"14":20,"16":20,"17":1,"18":1,"19":1,"20":1,"22":1,"24":20,"25":1,"26":1,"27":1,"28":1,"30":1,"32":17,"33":17,"34":17,"35":17,"36":17,"37":17,"38":17,"40":17,"41":17,"42":17,"44":17,"46":17,"47":3,"48":3,"49":3,"50":3,"51":3,"52":3,"54":14,"55":14,"56":14,"57":80,"58":80,"59":80,"60":80,"61":80,"62":80,"63":80,"64":80,"65":80,"66":80,"67":80,"68":80,"69":80,"70":14,"71":14,"73":14,"74":14,"75":14,"76":14,"77":14,"78":14,"79":14,"81":20,"83":20},"branchMap":{"0":{"type":"branch","line":10,"loc":{"start":{"line":10,"column":26},"end":{"line":84,"column":1}},"locations":[{"start":{"line":10,"column":26},"end":{"line":84,"column":1}}]},"1":{"type":"branch","line":17,"loc":{"start":{"line":17,"column":17},"end":{"line":23,"column":3}},"locations":[{"start":{"line":17,"column":17},"end":{"line":23,"column":3}}]},"2":{"type":"branch","line":23,"loc":{"start":{"line":23,"column":2},"end":{"line":25,"column":13}},"locations":[{"start":{"line":23,"column":2},"end":{"line":25,"column":13}}]},"3":{"type":"branch","line":25,"loc":{"start":{"line":25,"column":13},"end":{"line":31,"column":3}},"locations":[{"start":{"line":25,"column":13},"end":{"line":31,"column":3}}]},"4":{"type":"branch","line":31,"loc":{"start":{"line":31,"column":2},"end":{"line":47,"column":41}},"locations":[{"start":{"line":31,"column":2},"end":{"line":47,"column":41}}]},"5":{"type":"branch","line":47,"loc":{"start":{"line":47,"column":36},"end":{"line":53,"column":14}},"locations":[{"start":{"line":47,"column":36},"end":{"line":53,"column":14}}]},"6":{"type":"branch","line":53,"loc":{"start":{"line":53,"column":8},"end":{"line":80,"column":11}},"locations":[{"start":{"line":53,"column":8},"end":{"line":80,"column":11}}]},"7":{"type":"branch","line":75,"loc":{"start":{"line":75,"column":25},"end":{"line":75,"column":36}},"locations":[{"start":{"line":75,"column":25},"end":{"line":75,"column":36}}]},"8":{"type":"branch","line":57,"loc":{"start":{"line":57,"column":28},"end":{"line":70,"column":21}},"locations":[{"start":{"line":57,"column":28},"end":{"line":70,"column":21}}]},"9":{"type":"branch","line":63,"loc":{"start":{"line":63,"column":30},"end":{"line":63,"column":62}},"locations":[{"start":{"line":63,"column":30},"end":{"line":63,"column":62}}]},"10":{"type":"branch","line":66,"loc":{"start":{"line":66,"column":91},"end":{"line":66,"column":101}},"locations":[{"start":{"line":66,"column":91},"end":{"line":66,"column":101}}]},"11":{"type":"branch","line":66,"loc":{"start":{"line":66,"column":95},"end":{"line":66,"column":104}},"locations":[{"start":{"line":66,"column":95},"end":{"line":66,"column":104}}]}},"b":{"0":[20],"1":[1],"2":[18],"3":[1],"4":[17],"5":[3],"6":[14],"7":[0],"8":[80],"9":[62],"10":[79],"11":[1]},"fnMap":{"0":{"name":"RecipeList","decl":{"start":{"line":10,"column":26},"end":{"line":84,"column":1}},"loc":{"start":{"line":10,"column":26},"end":{"line":84,"column":1}},"line":10}},"f":{"0":20}}
}
