TN:
SF:.eslintrc.cjs
FN:1,(empty-report)
FNF:1
FNH:0
FNDA:0,(empty-report)
DA:1,0
DA:2,0
DA:3,0
DA:4,0
DA:5,0
DA:6,0
DA:7,0
DA:8,0
DA:9,0
DA:10,0
DA:11,0
DA:12,0
DA:13,0
DA:14,0
DA:15,0
DA:16,0
DA:17,0
DA:18,0
DA:19,0
DA:20,0
DA:21,0
DA:22,0
DA:23,0
DA:24,0
DA:25,0
DA:26,0
DA:27,0
DA:28,0
DA:29,0
DA:30,0
DA:31,0
DA:32,0
DA:33,0
DA:34,0
DA:35,0
DA:36,0
DA:37,0
DA:38,0
DA:39,0
LF:39
LH:0
BRDA:1,0,0,0
BRF:1
BRH:0
end_of_record
TN:
SF:vitest.polyfill.js
FN:1,(empty-report)
FNF:1
FNH:0
FNDA:0,(empty-report)
DA:1,0
DA:2,0
DA:3,0
DA:4,0
DA:5,0
LF:5
LH:0
BRDA:1,0,0,0
BRF:1
BRH:0
end_of_record
TN:
SF:src/App.test.tsx
FNF:0
FNH:0
DA:1,1
DA:2,1
DA:54,1
DA:55,1
DA:56,5
DA:57,1
DA:59,1
DA:60,1
DA:62,1
DA:63,1
DA:65,1
DA:66,1
DA:67,1
DA:68,1
DA:69,1
DA:71,1
DA:72,1
DA:74,1
DA:75,1
DA:77,1
DA:78,1
DA:80,1
DA:81,1
DA:83,1
DA:84,1
DA:86,1
DA:87,1
DA:88,1
LF:28
LH:28
BRDA:54,0,0,1
BRDA:55,1,0,5
BRDA:59,2,0,1
BRDA:65,3,0,1
BRDA:71,4,0,1
BRDA:77,5,0,1
BRDA:83,6,0,1
BRF:7
BRH:7
end_of_record
TN:
SF:src/App.tsx
FN:25,App
FNF:1
FNH:1
FNDA:5,App
DA:1,1
DA:2,1
DA:3,1
DA:4,1
DA:5,1
DA:6,1
DA:7,1
DA:8,1
DA:9,1
DA:10,1
DA:11,1
DA:12,1
DA:13,1
DA:14,1
DA:16,1
DA:17,1
DA:18,1
DA:19,1
DA:20,1
DA:21,1
DA:22,1
DA:23,1
DA:25,5
DA:26,5
DA:27,5
DA:28,5
DA:29,5
DA:30,5
DA:31,5
DA:32,5
DA:33,5
DA:34,5
DA:35,5
DA:36,5
DA:37,5
DA:38,5
DA:39,5
DA:41,5
DA:42,5
DA:43,5
DA:44,5
DA:45,5
DA:46,5
DA:47,5
DA:48,5
DA:49,5
DA:51,5
DA:52,5
DA:53,5
DA:54,5
DA:55,5
DA:56,5
DA:57,5
DA:58,5
DA:59,5
DA:61,5
DA:62,5
DA:63,5
DA:64,5
DA:65,5
DA:66,5
DA:67,5
DA:68,5
DA:69,5
DA:71,5
DA:72,5
DA:73,5
DA:74,5
DA:75,5
DA:76,5
DA:77,5
DA:78,5
DA:79,5
DA:81,5
DA:82,5
DA:83,5
DA:84,5
DA:85,5
DA:86,5
DA:87,5
DA:88,5
DA:89,5
DA:91,5
DA:92,5
DA:93,5
DA:94,5
DA:95,5
DA:96,5
DA:97,5
DA:98,5
DA:99,5
DA:101,5
DA:102,5
DA:103,5
DA:104,5
DA:105,5
DA:106,5
DA:107,5
DA:108,5
DA:109,5
DA:111,5
DA:112,5
DA:113,5
DA:114,5
DA:115,5
DA:116,5
DA:117,5
DA:118,5
DA:119,5
DA:121,5
DA:122,5
DA:123,5
DA:124,5
DA:125,5
DA:127,5
DA:129,1
LF:116
LH:116
BRDA:25,0,0,5
BRF:1
BRH:1
end_of_record
TN:
SF:src/main.tsx
FN:1,(empty-report)
FNF:1
FNH:0
FNDA:0,(empty-report)
DA:1,0
DA:2,0
DA:3,0
DA:4,0
DA:6,0
DA:7,0
DA:8,0
DA:9,0
DA:10,0
LF:9
LH:0
BRDA:1,0,0,0
BRF:1
BRH:0
end_of_record
TN:
SF:src/api/auth.test.ts
FNF:0
FNH:0
DA:1,1
DA:14,1
DA:15,1
DA:16,7
DA:17,1
DA:19,1
DA:20,1
DA:21,1
DA:22,1
DA:23,1
DA:24,1
DA:25,1
DA:26,1
DA:27,1
DA:28,1
DA:29,1
DA:30,1
DA:31,1
DA:32,1
DA:34,1
DA:36,1
DA:38,1
DA:39,1
DA:40,1
DA:41,1
DA:42,1
DA:43,1
DA:45,1
DA:46,1
DA:47,1
DA:49,1
DA:50,1
DA:51,1
DA:52,1
DA:53,1
DA:55,1
DA:56,1
DA:57,1
DA:58,1
DA:59,1
DA:60,1
DA:61,1
DA:62,1
DA:63,1
DA:64,1
DA:66,1
DA:68,1
DA:70,1
DA:71,1
DA:72,1
DA:73,1
DA:75,1
DA:76,1
DA:77,1
DA:78,1
DA:79,1
DA:80,1
DA:81,1
DA:82,1
DA:83,1
DA:84,1
DA:86,1
DA:88,1
DA:90,1
DA:91,1
DA:92,1
DA:93,1
DA:95,1
DA:96,1
DA:97,1
DA:98,1
DA:99,1
DA:100,1
DA:101,1
DA:102,1
DA:103,1
DA:104,1
DA:105,1
DA:107,1
DA:109,1
DA:111,1
DA:112,1
DA:113,1
DA:114,1
DA:116,1
DA:117,1
DA:118,1
DA:120,1
DA:122,1
DA:124,1
DA:125,1
DA:126,1
DA:127,1
DA:128,1
DA:129,1
DA:131,1
DA:132,1
DA:133,1
DA:135,1
DA:137,1
DA:139,1
DA:140,1
DA:141,1
DA:142,1
DA:143,1
LF:105
LH:105
BRDA:14,0,0,1
BRDA:15,1,0,7
BRDA:19,2,0,1
BRDA:20,3,0,1
BRDA:45,4,0,1
BRDA:55,5,0,1
BRDA:56,6,0,1
BRDA:75,7,0,1
BRDA:76,8,0,1
BRDA:95,9,0,1
BRDA:96,10,0,1
BRDA:116,11,0,1
BRDA:117,12,0,1
BRDA:131,13,0,1
BRDA:132,14,0,1
BRF:15
BRH:15
end_of_record
TN:
SF:src/api/auth.ts
FN:42,login
FN:45,me
FN:48,createGroup
FN:51,listGroups
FN:54,addMember
FN:57,removeMember
FNF:6
FNH:6
FNDA:2,login
FNDA:1,me
FNDA:1,createGroup
FNDA:1,listGroups
FNDA:1,addMember
FNDA:1,removeMember
DA:1,1
DA:41,1
DA:42,1
DA:43,2
DA:45,1
DA:46,1
DA:48,1
DA:49,1
DA:51,1
DA:52,1
DA:54,1
DA:55,1
DA:57,1
DA:58,1
DA:59,1
LF:15
LH:15
BRDA:42,0,0,2
BRDA:43,1,0,1
BRDA:45,2,0,1
BRDA:46,3,0,1
BRDA:48,4,0,1
BRDA:49,5,0,1
BRDA:51,6,0,1
BRDA:52,7,0,1
BRDA:54,8,0,1
BRDA:55,9,0,1
BRDA:57,10,0,1
BRDA:58,11,0,1
BRF:12
BRH:12
end_of_record
TN:
SF:src/api/catalog.test.ts
FNF:0
FNH:0
DA:1,1
DA:11,1
DA:12,1
DA:13,3
DA:14,1
DA:16,1
DA:17,1
DA:18,1
DA:19,1
DA:20,1
DA:21,1
DA:22,1
DA:23,1
DA:24,1
DA:25,1
DA:27,1
DA:29,1
DA:31,1
DA:32,1
DA:33,1
DA:35,1
DA:36,1
DA:37,1
DA:38,1
DA:39,1
DA:40,1
DA:41,1
DA:42,1
DA:43,1
DA:45,1
DA:47,1
DA:48,1
DA:49,1
DA:50,1
DA:51,1
DA:52,1
DA:54,1
DA:56,1
DA:57,1
DA:58,1
DA:60,1
DA:61,1
DA:62,1
DA:63,1
DA:64,1
DA:65,1
DA:66,1
DA:67,1
DA:68,1
DA:69,1
DA:70,1
DA:71,1
DA:72,1
DA:74,1
DA:76,1
DA:78,1
DA:79,1
DA:80,1
DA:81,1
DA:82,1
LF:60
LH:60
BRDA:11,0,0,1
BRDA:12,1,0,3
BRDA:16,2,0,1
BRDA:17,3,0,1
BRDA:35,4,0,1
BRDA:60,5,0,1
BRDA:61,6,0,1
BRF:7
BRH:7
end_of_record
TN:
SF:src/api/catalog.ts
FN:5,list
FN:8,get
FNF:2
FNH:2
FNDA:2,list
FNDA:1,get
DA:1,1
DA:4,1
DA:5,1
DA:6,2
DA:8,1
DA:9,1
DA:10,1
LF:7
LH:7
BRDA:5,0,0,2
BRDA:6,1,0,2
BRDA:8,2,0,1
BRDA:9,3,0,1
BRF:4
BRH:4
end_of_record
TN:
SF:src/api/client.test.ts
FNF:0
FNH:0
DA:1,1
DA:3,1
DA:4,1
DA:5,8
DA:7,8
DA:8,8
DA:9,1
DA:11,1
DA:12,1
DA:13,1
DA:14,1
DA:16,1
DA:17,1
DA:18,1
DA:19,1
DA:21,1
DA:22,1
DA:23,1
DA:25,1
DA:26,1
DA:27,1
DA:28,1
DA:30,1
DA:31,1
DA:33,1
DA:34,1
DA:35,1
DA:36,1
DA:37,1
DA:39,1
DA:40,1
DA:42,1
DA:43,1
DA:44,1
DA:45,1
DA:46,1
DA:48,1
DA:49,1
DA:51,1
DA:52,1
DA:53,1
DA:55,1
DA:56,1
DA:57,1
DA:58,1
DA:59,1
DA:60,1
DA:61,1
DA:63,1
DA:65,1
DA:67,1
DA:68,1
DA:69,1
DA:70,1
DA:72,1
DA:73,1
DA:74,1
DA:75,1
DA:76,1
DA:77,1
DA:78,1
DA:79,1
DA:81,1
DA:83,1
DA:84,1
DA:85,1
DA:87,1
DA:88,1
DA:89,1
DA:90,1
DA:91,1
DA:93,1
DA:95,1
DA:96,1
DA:97,1
LF:75
LH:75
BRDA:3,0,0,1
BRDA:4,1,0,8
BRDA:11,2,0,1
BRDA:16,3,0,1
BRDA:21,4,0,1
BRDA:33,5,0,1
BRDA:42,6,0,1
BRDA:51,7,0,1
BRDA:72,8,0,1
BRDA:87,9,0,1
BRF:10
BRH:10
end_of_record
TN:
SF:src/api/client.ts
FNF:0
FNH:0
DA:1,1
DA:3,1
DA:4,1
DA:5,1
DA:6,1
DA:7,1
DA:8,1
DA:11,1
DA:12,1
DA:13,2
DA:14,2
DA:15,1
DA:16,1
DA:17,2
DA:18,2
DA:19,1
DA:20,0
DA:21,0
DA:22,1
DA:25,1
DA:26,1
DA:27,1
DA:28,3
DA:31,3
DA:32,1
DA:33,1
DA:34,1
DA:35,1
DA:37,3
DA:38,3
DA:39,1
LF:31
LH:29
BRDA:12,0,0,2
BRDA:14,1,0,1
BRDA:26,2,0,1
BRDA:27,3,0,3
BRDA:28,4,0,2
BRDA:28,5,0,1
BRDA:31,6,0,2
BRDA:31,7,0,1
BRF:8
BRH:8
end_of_record
TN:
SF:src/api/mealPlans.test.ts
FNF:0
FNH:0
DA:1,1
DA:14,1
DA:15,1
DA:16,9
DA:17,1
DA:19,1
DA:20,1
DA:21,1
DA:22,1
DA:23,1
DA:24,1
DA:25,1
DA:26,1
DA:27,1
DA:28,1
DA:30,1
DA:32,1
DA:34,1
DA:35,1
DA:36,1
DA:38,1
DA:39,1
DA:40,1
DA:41,1
DA:42,1
DA:43,1
DA:44,1
DA:45,1
DA:46,1
DA:48,1
DA:50,1
DA:51,1
DA:52,1
DA:53,1
DA:55,1
DA:57,1
DA:58,1
DA:59,1
DA:61,1
DA:62,1
DA:63,1
DA:64,1
DA:65,1
DA:66,1
DA:67,1
DA:68,1
DA:69,1
DA:70,1
DA:71,1
DA:72,1
DA:74,1
DA:76,1
DA:78,1
DA:79,1
DA:80,1
DA:81,1
DA:83,1
DA:84,1
DA:85,1
DA:86,1
DA:87,1
DA:88,1
DA:89,1
DA:91,1
DA:92,1
DA:93,1
DA:94,1
DA:95,1
DA:96,1
DA:97,1
DA:98,1
DA:100,1
DA:102,1
DA:104,1
DA:105,1
DA:106,1
DA:107,1
DA:109,1
DA:110,1
DA:111,1
DA:112,1
DA:113,1
DA:115,1
DA:116,1
DA:117,1
DA:118,1
DA:119,1
DA:120,1
DA:121,1
DA:122,1
DA:123,1
DA:124,1
DA:126,1
DA:128,1
DA:130,1
DA:131,1
DA:132,1
DA:133,1
DA:135,1
DA:136,1
DA:137,1
DA:138,1
DA:139,1
DA:140,1
DA:141,1
DA:143,1
DA:145,1
DA:147,1
DA:148,1
DA:149,1
DA:150,1
DA:152,1
DA:153,1
DA:154,1
DA:155,1
DA:156,1
DA:157,1
DA:159,1
DA:160,1
DA:161,1
DA:162,1
DA:163,1
DA:164,1
DA:166,1
DA:168,1
DA:170,1
DA:171,1
DA:172,1
DA:173,1
DA:175,1
DA:176,1
DA:177,1
DA:178,1
DA:179,1
DA:180,1
DA:182,1
DA:183,1
DA:184,1
DA:185,1
DA:186,1
DA:187,1
DA:189,1
DA:191,1
DA:193,1
DA:194,1
DA:195,1
DA:196,1
DA:198,1
DA:199,1
DA:200,1
DA:201,1
DA:202,1
DA:203,1
DA:205,1
DA:206,1
DA:207,1
DA:208,1
DA:209,1
DA:210,1
DA:211,1
DA:212,1
DA:213,1
DA:214,1
DA:215,1
DA:216,1
DA:218,1
DA:220,1
DA:222,1
DA:223,1
DA:224,1
DA:225,1
DA:226,1
LF:172
LH:172
BRDA:14,0,0,1
BRDA:15,1,0,9
BRDA:19,2,0,1
BRDA:20,3,0,1
BRDA:38,4,0,1
BRDA:61,5,0,1
BRDA:62,6,0,1
BRDA:83,7,0,1
BRDA:84,8,0,1
BRDA:109,9,0,1
BRDA:110,10,0,1
BRDA:135,11,0,1
BRDA:136,12,0,1
BRDA:152,13,0,1
BRDA:153,14,0,1
BRDA:175,15,0,1
BRDA:176,16,0,1
BRDA:198,17,0,1
BRDA:199,18,0,1
BRF:19
BRH:19
end_of_record
TN:
SF:src/api/mealPlans.ts
FN:16,list
FN:19,get
FN:21,create
FN:24,update
FN:27,delete
FN:30,copyDay
FN:33,copyWeek
FN:36,generateShoppingList
FNF:8
FNH:8
FNDA:2,list
FNDA:1,get
FNDA:1,create
FNDA:1,update
FNDA:1,delete
FNDA:1,copyDay
FNDA:1,copyWeek
FNDA:1,generateShoppingList
DA:1,1
DA:15,1
DA:16,1
DA:17,2
DA:19,1
DA:21,1
DA:22,1
DA:24,1
DA:25,1
DA:27,1
DA:28,1
DA:30,1
DA:31,1
DA:33,1
DA:34,1
DA:36,1
DA:37,1
DA:38,1
DA:39,1
DA:40,1
LF:20
LH:20
BRDA:16,0,0,2
BRDA:17,1,0,2
BRDA:19,2,0,1
BRDA:19,3,0,1
BRDA:21,4,0,1
BRDA:22,5,0,1
BRDA:24,6,0,1
BRDA:25,7,0,1
BRDA:27,8,0,1
BRDA:28,9,0,1
BRDA:30,10,0,1
BRDA:31,11,0,1
BRDA:33,12,0,1
BRDA:34,13,0,1
BRDA:36,14,0,1
BRDA:39,15,0,1
BRF:16
BRH:16
end_of_record
TN:
SF:src/api/recipes.test.ts
FNF:0
FNH:0
DA:1,1
DA:14,1
DA:15,1
DA:16,6
DA:17,1
DA:19,1
DA:20,1
DA:21,1
DA:22,1
DA:23,1
DA:24,1
DA:25,1
DA:26,1
DA:27,1
DA:28,1
DA:30,1
DA:32,1
DA:34,1
DA:35,1
DA:36,1
DA:38,1
DA:39,1
DA:40,1
DA:42,1
DA:43,1
DA:44,1
DA:45,1
DA:46,1
DA:47,1
DA:48,1
DA:50,1
DA:52,1
DA:53,1
DA:54,1
DA:56,1
DA:57,1
DA:58,1
DA:59,1
DA:60,1
DA:61,1
DA:62,1
DA:63,1
DA:64,1
DA:65,1
DA:66,1
DA:67,1
DA:68,1
DA:70,1
DA:72,1
DA:74,1
DA:75,1
DA:76,1
DA:77,1
DA:79,1
DA:80,1
DA:81,1
DA:82,1
DA:83,1
DA:84,1
DA:85,1
DA:86,1
DA:88,1
DA:89,1
DA:90,1
DA:91,1
DA:92,1
DA:93,1
DA:94,1
DA:95,1
DA:97,1
DA:99,1
DA:101,1
DA:102,1
DA:103,1
DA:104,1
DA:106,1
DA:107,1
DA:108,1
DA:109,1
DA:110,1
DA:112,1
DA:113,1
DA:114,1
DA:115,1
DA:116,1
DA:117,1
DA:118,1
DA:119,1
DA:120,1
DA:121,1
DA:122,1
DA:124,1
DA:126,1
DA:128,1
DA:129,1
DA:130,1
DA:131,1
DA:133,1
DA:134,1
DA:135,1
DA:136,1
DA:137,1
DA:138,1
DA:139,1
DA:141,1
DA:143,1
DA:145,1
DA:146,1
DA:147,1
DA:148,1
DA:149,1
LF:111
LH:111
BRDA:14,0,0,1
BRDA:15,1,0,6
BRDA:19,2,0,1
BRDA:20,3,0,1
BRDA:38,4,0,1
BRDA:56,5,0,1
BRDA:57,6,0,1
BRDA:79,7,0,1
BRDA:80,8,0,1
BRDA:106,9,0,1
BRDA:107,10,0,1
BRDA:133,11,0,1
BRDA:134,12,0,1
BRF:13
BRH:13
end_of_record
TN:
SF:src/api/recipes.ts
FN:11,list
FN:19,get
FN:21,create
FN:24,update
FN:27,delete
FNF:5
FNH:5
FNDA:2,list
FNDA:1,get
FNDA:1,create
FNDA:1,update
FNDA:1,delete
DA:1,1
DA:10,1
DA:11,1
DA:17,2
DA:19,1
DA:21,1
DA:22,1
DA:24,1
DA:25,1
DA:27,1
DA:28,1
DA:29,1
LF:12
LH:12
BRDA:11,0,0,2
BRDA:17,1,0,2
BRDA:19,2,0,1
BRDA:19,3,0,1
BRDA:21,4,0,1
BRDA:22,5,0,1
BRDA:24,6,0,1
BRDA:25,7,0,1
BRDA:27,8,0,1
BRDA:28,9,0,1
BRF:10
BRH:10
end_of_record
TN:
SF:src/components/ProtectedRoute.test.tsx
FNF:0
FNH:0
DA:1,1
DA:8,1
DA:18,1
DA:30,1
DA:31,1
DA:32,4
DA:33,1
DA:35,1
DA:36,1
DA:37,1
DA:38,1
DA:39,1
DA:41,1
DA:42,1
DA:43,1
DA:44,1
DA:45,1
DA:46,1
DA:47,1
DA:49,1
DA:50,1
DA:51,1
DA:53,1
DA:54,1
DA:55,1
DA:56,1
DA:57,1
DA:59,1
DA:60,1
DA:61,1
DA:62,1
DA:63,1
DA:64,1
DA:65,1
DA:67,1
DA:68,1
DA:69,1
DA:71,1
DA:72,1
DA:73,1
DA:74,1
DA:75,1
DA:77,1
DA:78,1
DA:79,1
DA:80,1
DA:81,1
DA:82,1
DA:83,1
DA:85,1
DA:86,1
DA:87,1
DA:89,1
DA:90,1
DA:91,1
DA:92,1
DA:93,1
DA:95,1
DA:96,1
DA:97,1
DA:98,1
DA:99,1
DA:100,1
DA:101,1
DA:102,1
DA:103,1
DA:104,1
DA:105,1
DA:107,1
DA:108,1
DA:109,1
DA:110,1
DA:111,1
LF:73
LH:73
BRDA:30,0,0,1
BRDA:31,1,0,4
BRDA:35,2,0,1
BRDA:53,3,0,1
BRDA:71,4,0,1
BRDA:89,5,0,1
BRF:6
BRH:6
end_of_record
TN:
SF:src/components/ProtectedRoute.tsx
FN:9,ProtectedRoute
FNF:1
FNH:1
FNDA:5,ProtectedRoute
DA:1,1
DA:9,1
DA:10,5
DA:12,5
DA:13,1
DA:14,1
DA:15,1
DA:16,1
DA:17,1
DA:18,1
DA:19,1
DA:21,1
DA:23,5
DA:24,2
DA:25,2
DA:27,2
DA:28,2
LF:17
LH:17
BRDA:9,0,0,5
BRDA:12,1,0,1
BRDA:21,2,0,4
BRDA:23,3,0,2
BRF:4
BRH:4
end_of_record
TN:
SF:src/components/layout/AppLayout.test.tsx
FN:22,renderWithRouter
FNF:1
FNH:1
FNDA:5,renderWithRouter
DA:1,1
DA:3,1
DA:22,1
DA:23,5
DA:24,5
DA:26,1
DA:27,1
DA:28,1
DA:29,1
DA:30,1
DA:31,1
DA:32,1
DA:33,1
DA:34,1
DA:36,1
DA:37,1
DA:38,1
DA:39,1
DA:40,1
DA:41,1
DA:42,1
DA:43,1
DA:45,1
DA:46,1
DA:47,1
DA:48,1
DA:49,1
DA:50,1
DA:51,1
DA:52,1
DA:53,1
DA:54,1
DA:56,1
DA:57,1
DA:58,1
DA:59,1
DA:60,1
DA:61,1
DA:62,1
DA:63,1
DA:64,1
DA:65,1
DA:67,1
DA:68,1
DA:69,1
DA:70,1
DA:71,1
DA:72,1
DA:73,1
DA:74,1
DA:75,1
DA:76,1
DA:77,1
LF:53
LH:53
BRDA:22,0,0,5
BRDA:26,1,0,1
BRDA:27,2,0,1
BRDA:36,3,0,1
BRDA:45,4,0,1
BRDA:56,5,0,1
BRDA:67,6,0,1
BRF:7
BRH:7
end_of_record
TN:
SF:src/components/layout/AppLayout.tsx
FN:7,AppLayout
FNF:1
FNH:1
FNDA:5,AppLayout
DA:1,1
DA:7,1
DA:8,5
DA:9,5
DA:10,5
DA:11,5
DA:12,5
DA:14,5
LF:8
LH:8
BRDA:7,0,0,5
BRF:1
BRH:1
end_of_record
TN:
SF:src/components/layout/Navbar.test.tsx
FN:14,renderWithRouter
FNF:1
FNH:1
FNDA:17,renderWithRouter
DA:1,1
DA:4,1
DA:7,1
DA:8,1
DA:14,1
DA:15,17
DA:16,17
DA:17,17
DA:19,1
DA:20,1
DA:21,17
DA:22,1
DA:24,1
DA:25,1
DA:26,5
DA:27,5
DA:28,5
DA:29,5
DA:30,5
DA:31,5
DA:32,5
DA:33,1
DA:35,1
DA:36,1
DA:37,1
DA:38,1
DA:39,1
DA:41,1
DA:42,1
DA:43,1
DA:44,1
DA:45,1
DA:47,1
DA:48,1
DA:49,1
DA:50,1
DA:52,1
DA:53,1
DA:54,1
DA:55,1
DA:56,1
DA:57,1
DA:58,1
DA:60,1
DA:61,1
DA:62,1
DA:63,1
DA:64,1
DA:66,1
DA:67,1
DA:68,6
DA:69,6
DA:70,6
DA:71,6
DA:72,6
DA:73,6
DA:74,6
DA:75,1
DA:77,1
DA:78,1
DA:79,1
DA:80,1
DA:82,1
DA:83,1
DA:84,1
DA:85,1
DA:86,1
DA:87,1
DA:88,1
DA:90,1
DA:91,1
DA:92,1
DA:93,1
DA:95,1
DA:96,1
DA:97,1
DA:98,1
DA:100,1
DA:101,1
DA:102,1
DA:104,1
DA:105,1
DA:107,1
DA:108,1
DA:110,1
DA:111,1
DA:112,1
DA:113,1
DA:114,1
DA:115,1
DA:116,1
DA:118,1
DA:119,1
DA:120,1
DA:121,1
DA:122,1
DA:123,1
DA:124,1
DA:125,1
DA:126,1
DA:127,1
DA:129,1
DA:130,1
DA:131,1
DA:132,1
DA:133,1
DA:135,1
DA:136,1
DA:137,1
DA:138,1
DA:139,1
DA:140,1
DA:141,1
DA:142,1
DA:143,1
DA:144,1
DA:146,1
DA:147,1
DA:148,1
DA:149,1
DA:150,1
DA:151,1
DA:153,1
DA:154,1
DA:155,4
DA:156,4
DA:157,4
DA:158,4
DA:159,4
DA:160,4
DA:161,4
DA:162,1
DA:164,1
DA:165,1
DA:166,1
DA:167,1
DA:168,1
DA:170,1
DA:171,1
DA:172,1
DA:173,1
DA:174,1
DA:176,1
DA:177,1
DA:178,1
DA:179,1
DA:180,1
DA:182,1
DA:183,1
DA:184,1
DA:185,1
DA:186,1
DA:187,1
DA:188,1
LF:154
LH:154
BRDA:14,0,0,17
BRDA:19,1,0,1
BRDA:20,2,0,17
BRDA:24,3,0,1
BRDA:25,4,0,5
BRDA:35,5,0,1
BRDA:41,6,0,1
BRDA:47,7,0,1
BRDA:52,8,0,1
BRDA:60,9,0,1
BRDA:66,10,0,1
BRDA:67,11,0,6
BRDA:77,12,0,1
BRDA:82,13,0,1
BRDA:90,14,0,1
BRDA:95,15,0,1
BRDA:100,16,0,1
BRDA:110,17,0,1
BRDA:118,18,0,1
BRDA:119,19,0,1
BRDA:129,20,0,1
BRDA:135,21,0,1
BRDA:136,22,0,1
BRDA:146,23,0,1
BRDA:153,24,0,1
BRDA:154,25,0,4
BRDA:164,26,0,1
BRDA:170,27,0,1
BRDA:176,28,0,1
BRDA:182,29,0,1
BRF:30
BRH:30
end_of_record
TN:
SF:src/components/layout/Navbar.tsx
FN:5,Navbar
FNF:1
FNH:1
FNDA:18,Navbar
DA:1,1
DA:5,1
DA:6,18
DA:7,18
DA:10,18
DA:11,1
DA:12,1
DA:14,16
DA:15,16
DA:16,16
DA:17,16
DA:18,16
DA:19,16
DA:20,16
DA:21,16
DA:22,16
DA:24,16
DA:25,11
DA:26,11
DA:27,11
DA:29,11
DA:30,11
DA:32,11
DA:33,11
DA:35,11
DA:36,11
DA:38,11
DA:39,11
DA:41,11
DA:42,11
DA:43,11
DA:44,11
DA:45,11
DA:46,11
DA:47,11
DA:48,11
DA:49,11
DA:51,11
DA:52,11
DA:53,11
DA:55,5
DA:56,5
DA:57,5
DA:59,5
DA:60,5
DA:62,5
DA:63,5
DA:65,5
DA:66,5
DA:67,5
DA:68,5
DA:70,18
DA:71,18
DA:73,18
LF:54
LH:54
BRDA:5,0,0,18
BRDA:10,1,0,1
BRDA:12,2,0,16
BRDA:24,3,0,11
BRDA:53,4,0,5
BRF:5
BRH:5
end_of_record
TN:
SF:src/components/meal-plans/MealSlot.tsx
FN:1,(empty-report)
FNF:1
FNH:0
FNDA:0,(empty-report)
DA:1,0
DA:15,0
DA:16,0
DA:17,0
DA:18,0
DA:20,0
DA:21,0
DA:22,0
DA:23,0
DA:24,0
DA:25,0
DA:26,0
DA:27,0
DA:29,0
DA:30,0
DA:31,0
DA:32,0
DA:33,0
DA:35,0
DA:36,0
DA:37,0
DA:38,0
DA:40,0
DA:43,0
DA:45,0
DA:46,0
DA:47,0
DA:48,0
DA:49,0
DA:50,0
DA:51,0
DA:52,0
DA:53,0
DA:54,0
DA:55,0
DA:57,0
DA:58,0
DA:59,0
DA:61,0
DA:62,0
DA:63,0
DA:65,0
DA:67,0
DA:68,0
DA:69,0
DA:70,0
DA:71,0
DA:73,0
DA:75,0
LF:49
LH:0
BRDA:1,0,0,0
BRF:1
BRH:0
end_of_record
TN:
SF:src/components/meal-plans/RecipeSelectorModal.tsx
FN:1,(empty-report)
FNF:1
FNH:0
FNDA:0,(empty-report)
DA:1,0
DA:13,0
DA:14,0
DA:15,0
DA:17,0
DA:18,0
DA:19,0
DA:20,0
DA:21,0
DA:22,0
DA:23,0
DA:24,0
DA:25,0
DA:27,0
DA:29,0
DA:30,0
DA:31,0
DA:32,0
DA:33,0
DA:34,0
DA:36,0
DA:37,0
DA:38,0
DA:39,0
DA:41,0
DA:42,0
DA:43,0
DA:44,0
DA:45,0
DA:46,0
DA:48,0
LF:31
LH:0
BRDA:1,0,0,0
BRF:1
BRH:0
end_of_record
TN:
SF:src/components/meal-plans/ShoppingList.tsx
FN:1,(empty-report)
FNF:1
FNH:0
FNDA:0,(empty-report)
DA:1,0
DA:13,0
DA:14,0
DA:15,0
DA:17,0
DA:18,0
DA:19,0
DA:20,0
DA:21,0
DA:22,0
DA:23,0
DA:24,0
DA:25,0
DA:26,0
DA:27,0
DA:29,0
DA:31,0
DA:32,0
DA:33,0
DA:34,0
DA:35,0
DA:37,0
DA:39,0
DA:41,0
DA:43,0
DA:44,0
DA:45,0
DA:46,0
DA:47,0
DA:48,0
DA:49,0
DA:52,0
DA:53,0
DA:54,0
DA:55,0
DA:56,0
DA:57,0
DA:58,0
DA:59,0
DA:60,0
DA:61,0
DA:62,0
DA:63,0
DA:64,0
DA:65,0
DA:66,0
DA:67,0
DA:68,0
DA:69,0
DA:71,0
DA:73,0
LF:51
LH:0
BRDA:1,0,0,0
BRF:1
BRH:0
end_of_record
TN:
SF:src/components/meal-plans/WeeklyCalendar.tsx
FN:1,(empty-report)
FNF:1
FNH:0
FNDA:0,(empty-report)
DA:1,0
DA:9,0
DA:10,0
DA:11,0
DA:12,0
DA:14,0
DA:16,0
DA:17,0
DA:18,0
DA:19,0
DA:22,0
DA:23,0
DA:26,0
DA:27,0
DA:28,0
DA:29,0
DA:30,0
DA:32,0
DA:33,0
DA:35,0
DA:36,0
DA:37,0
DA:39,0
DA:40,0
DA:42,0
DA:43,0
DA:44,0
DA:45,0
DA:46,0
DA:47,0
DA:49,0
DA:50,0
DA:51,0
DA:52,0
DA:53,0
DA:54,0
DA:55,0
DA:56,0
DA:57,0
DA:58,0
DA:60,0
DA:61,0
DA:62,0
DA:65,0
DA:67,0
DA:68,0
DA:69,0
DA:70,0
DA:71,0
DA:72,0
DA:73,0
DA:76,0
DA:77,0
DA:78,0
DA:79,0
DA:80,0
DA:82,0
DA:83,0
DA:84,0
DA:85,0
DA:86,0
DA:87,0
DA:89,0
DA:90,0
DA:91,0
DA:92,0
DA:93,0
DA:94,0
DA:96,0
LF:69
LH:0
BRDA:1,0,0,0
BRF:1
BRH:0
end_of_record
TN:
SF:src/components/recipes/IngredientAutocomplete.tsx
FN:1,(empty-report)
FNF:1
FNH:0
FNDA:0,(empty-report)
DA:1,0
DA:15,0
DA:16,0
DA:17,0
DA:18,0
DA:19,0
DA:20,0
DA:21,0
DA:24,0
DA:25,0
DA:26,0
DA:27,0
DA:28,0
DA:29,0
DA:31,0
DA:32,0
DA:33,0
DA:34,0
DA:35,0
DA:37,0
DA:38,0
DA:39,0
DA:40,0
DA:41,0
DA:42,0
DA:43,0
DA:44,0
DA:45,0
DA:46,0
DA:47,0
DA:48,0
DA:49,0
DA:50,0
DA:51,0
DA:53,0
DA:54,0
DA:56,0
DA:57,0
DA:58,0
DA:59,0
DA:60,0
DA:61,0
DA:62,0
DA:63,0
DA:64,0
DA:65,0
DA:66,0
DA:68,0
DA:69,0
DA:70,0
DA:71,0
DA:72,0
DA:73,0
DA:74,0
DA:75,0
DA:77,0
DA:78,0
DA:80,0
DA:81,0
DA:82,0
DA:83,0
DA:84,0
DA:86,0
DA:87,0
DA:88,0
DA:89,0
DA:91,0
LF:67
LH:0
BRDA:1,0,0,0
BRF:1
BRH:0
end_of_record
TN:
SF:src/components/recipes/IngredientEditor.tsx
FN:1,(empty-report)
FNF:1
FNH:0
FNDA:0,(empty-report)
DA:1,0
DA:15,0
DA:16,0
DA:17,0
DA:19,0
DA:20,0
DA:21,0
DA:22,0
DA:23,0
DA:25,0
DA:26,0
DA:27,0
DA:28,0
DA:29,0
DA:30,0
DA:31,0
DA:32,0
DA:33,0
DA:34,0
DA:35,0
DA:37,0
DA:38,0
DA:39,0
DA:40,0
DA:41,0
DA:42,0
DA:43,0
DA:44,0
DA:45,0
DA:47,0
DA:48,0
DA:49,0
DA:51,0
DA:52,0
DA:54,0
DA:55,0
DA:56,0
DA:57,0
DA:58,0
DA:59,0
DA:60,0
DA:61,0
DA:62,0
DA:63,0
DA:64,0
DA:65,0
DA:67,0
DA:68,0
DA:69,0
DA:70,0
DA:71,0
DA:74,0
DA:75,0
DA:76,0
DA:77,0
DA:78,0
DA:79,0
DA:80,0
DA:81,0
DA:82,0
DA:83,0
DA:84,0
DA:86,0
DA:87,0
DA:88,0
DA:89,0
DA:90,0
DA:91,0
DA:92,0
DA:93,0
DA:94,0
DA:95,0
DA:97,0
DA:98,0
DA:100,0
DA:101,0
DA:102,0
DA:103,0
DA:105,0
DA:108,0
DA:109,0
DA:110,0
DA:112,0
DA:115,0
DA:116,0
DA:117,0
DA:118,0
DA:119,0
DA:120,0
DA:121,0
DA:122,0
DA:124,0
DA:125,0
DA:126,0
DA:127,0
DA:128,0
DA:129,0
DA:130,0
DA:131,0
DA:132,0
DA:133,0
DA:134,0
DA:135,0
DA:136,0
DA:137,0
DA:138,0
DA:139,0
DA:140,0
DA:142,0
DA:143,0
DA:144,0
DA:145,0
DA:146,0
DA:147,0
DA:148,0
DA:149,0
DA:150,0
DA:151,0
DA:152,0
DA:153,0
DA:154,0
DA:156,0
DA:157,0
DA:158,0
DA:159,0
DA:160,0
DA:161,0
DA:163,0
LF:128
LH:0
BRDA:1,0,0,0
BRF:1
BRH:0
end_of_record
TN:
SF:src/components/shared/Pagination.test.tsx
FNF:0
FNH:0
DA:1,1
DA:2,1
DA:3,1
DA:4,1
DA:6,1
DA:7,1
DA:8,1
DA:9,1
DA:10,1
DA:12,1
DA:13,1
DA:15,1
DA:16,1
DA:17,1
DA:20,1
DA:21,1
DA:23,1
DA:24,1
DA:25,1
DA:28,1
DA:29,1
DA:30,1
DA:32,1
DA:33,1
DA:34,1
DA:37,1
DA:38,1
DA:40,1
DA:41,1
DA:42,1
DA:44,1
DA:45,1
DA:46,1
DA:47,1
DA:49,1
DA:50,1
DA:51,1
DA:54,1
DA:56,1
DA:57,1
DA:59,1
DA:60,1
DA:63,1
DA:65,1
DA:66,1
DA:67,1
DA:69,1
DA:70,1
DA:71,1
DA:74,1
DA:76,1
DA:77,1
DA:79,1
DA:80,1
DA:83,1
DA:86,1
DA:87,1
DA:88,1
DA:89,1
DA:91,1
DA:92,1
DA:94,1
DA:96,1
DA:97,1
DA:98,1
DA:99,1
DA:101,1
DA:102,1
DA:103,1
DA:104,1
DA:106,1
DA:109,1
DA:110,1
DA:112,1
DA:113,1
DA:115,1
DA:116,1
DA:117,1
DA:119,1
DA:121,1
DA:122,1
DA:124,1
DA:126,1
DA:127,1
DA:129,1
DA:130,1
DA:131,1
DA:133,1
DA:135,1
DA:136,1
DA:138,1
DA:140,1
DA:141,1
DA:142,1
DA:144,1
DA:145,1
DA:146,1
DA:148,1
DA:150,1
DA:151,1
DA:153,1
DA:154,1
DA:156,1
DA:157,1
DA:159,1
DA:161,1
DA:162,1
DA:164,1
DA:165,1
DA:167,1
DA:168,1
DA:170,1
DA:172,1
DA:173,1
DA:175,1
DA:176,1
DA:178,1
DA:179,1
DA:181,1
DA:183,1
DA:184,1
DA:186,1
DA:187,1
DA:188,1
DA:190,1
DA:191,1
DA:192,1
DA:193,1
DA:195,1
DA:196,1
DA:198,1
DA:199,1
DA:200,1
DA:202,1
DA:203,1
DA:205,1
DA:206,1
DA:207,1
DA:209,1
DA:210,1
DA:212,1
DA:213,1
DA:214,1
DA:216,1
DA:217,1
DA:218,1
DA:220,1
DA:221,1
DA:222,1
DA:225,1
DA:227,1
DA:228,1
DA:229,1
DA:230,1
DA:232,1
DA:233,1
DA:234,1
DA:235,1
DA:239,1
DA:240,1
DA:241,1
DA:242,1
DA:244,1
DA:245,1
DA:246,1
DA:249,1
DA:250,1
DA:253,1
DA:254,1
DA:255,1
DA:256,1
LF:171
LH:171
BRDA:6,0,0,1
BRDA:7,1,0,1
BRDA:8,2,0,1
BRDA:15,3,0,1
BRDA:23,4,0,1
BRDA:32,5,0,1
BRDA:40,6,0,1
BRDA:49,7,0,1
BRDA:50,8,0,1
BRDA:59,9,0,1
BRDA:69,10,0,1
BRDA:70,11,0,1
BRDA:79,12,0,1
BRDA:91,13,0,1
BRDA:101,14,0,1
BRDA:102,15,0,1
BRDA:115,16,0,1
BRDA:129,17,0,1
BRDA:144,18,0,1
BRDA:145,19,0,1
BRDA:156,20,0,1
BRDA:167,21,0,1
BRDA:178,22,0,1
BRDA:190,23,0,1
BRDA:191,24,0,1
BRDA:198,25,0,1
BRDA:205,26,0,1
BRDA:212,27,0,1
BRDA:220,28,0,1
BRDA:232,29,0,1
BRDA:233,30,0,1
BRDA:244,31,0,1
BRF:32
BRH:32
end_of_record
TN:
SF:src/components/shared/Pagination.tsx
FN:11,Pagination
FN:34,onClick
FN:50,onClick
FN:65,onClick
FNF:4
FNH:4
FNDA:54,Pagination
FNDA:1,onClick
FNDA:3,onClick
FNDA:1,onClick
DA:1,1
DA:11,1
DA:12,54
DA:14,54
DA:16,26
DA:17,54
DA:18,1130
DA:19,1130
DA:20,1104
DA:21,1078
DA:22,1130
DA:23,87
DA:24,1130
DA:25,18
DA:26,18
DA:27,1130
DA:29,26
DA:30,26
DA:31,26
DA:32,26
DA:33,26
DA:34,26
DA:35,26
DA:36,26
DA:38,26
DA:39,26
DA:41,26
DA:42,105
DA:43,18
DA:45,18
DA:47,87
DA:48,87
DA:49,87
DA:50,87
DA:51,87
DA:52,87
DA:53,26
DA:54,61
DA:57,87
DA:58,87
DA:60,26
DA:62,26
DA:63,26
DA:64,26
DA:65,26
DA:66,26
DA:67,26
DA:69,26
DA:70,26
DA:71,26
DA:73,26
LF:51
LH:51
BRDA:11,0,0,54
BRDA:14,1,0,28
BRDA:14,2,0,26
BRDA:17,3,0,1130
BRDA:19,4,0,1104
BRDA:20,5,0,1078
BRDA:21,6,0,1070
BRDA:22,7,0,87
BRDA:24,8,0,1043
BRDA:24,9,0,18
BRDA:27,10,0,26
BRDA:34,11,0,1
BRDA:41,12,0,105
BRDA:42,13,0,18
BRDA:45,14,0,87
BRDA:52,15,0,26
BRDA:53,16,0,61
BRDA:50,17,0,3
BRDA:65,18,0,1
BRF:19
BRH:19
end_of_record
TN:
SF:src/components/shared/SearchBar.test.tsx
FN:77,__vite_ssr_import_2__.waitFor.timeout
FN:99,__vite_ssr_import_2__.waitFor.timeout
FN:119,__vite_ssr_import_2__.waitFor.timeout
FNF:3
FNH:3
FNDA:11,__vite_ssr_import_2__.waitFor.timeout
FNDA:7,__vite_ssr_import_2__.waitFor.timeout
FNDA:3,__vite_ssr_import_2__.waitFor.timeout
DA:1,1
DA:2,1
DA:3,1
DA:4,1
DA:6,1
DA:7,1
DA:8,15
DA:9,1
DA:11,1
DA:12,1
DA:13,1
DA:14,1
DA:16,1
DA:17,1
DA:19,1
DA:20,1
DA:21,1
DA:23,1
DA:24,1
DA:26,1
DA:27,1
DA:28,1
DA:30,1
DA:31,1
DA:33,1
DA:34,1
DA:35,1
DA:37,1
DA:38,1
DA:39,1
DA:41,1
DA:42,1
DA:43,1
DA:46,1
DA:47,1
DA:48,1
DA:49,1
DA:51,1
DA:52,1
DA:53,1
DA:54,1
DA:56,1
DA:58,1
DA:59,1
DA:61,1
DA:62,1
DA:64,1
DA:65,1
DA:66,1
DA:68,1
DA:70,1
DA:71,1
DA:74,1
DA:77,1
DA:78,11
DA:79,1
DA:80,1
DA:82,1
DA:83,1
DA:84,1
DA:86,1
DA:88,1
DA:91,1
DA:92,1
DA:93,1
DA:96,1
DA:99,1
DA:100,7
DA:101,1
DA:104,1
DA:105,1
DA:106,1
DA:107,1
DA:109,1
DA:110,1
DA:111,1
DA:113,1
DA:115,1
DA:116,1
DA:119,1
DA:120,3
DA:121,1
DA:122,1
DA:123,1
DA:125,1
DA:126,1
DA:127,1
DA:128,1
DA:130,1
DA:131,1
DA:134,1
DA:136,1
DA:137,1
DA:139,1
DA:140,1
DA:141,1
DA:143,1
DA:145,1
DA:146,1
DA:147,1
DA:148,1
DA:150,1
DA:151,1
DA:152,1
DA:153,1
DA:155,1
DA:157,1
DA:158,1
DA:161,1
DA:164,1
DA:167,1
DA:168,1
DA:169,1
DA:171,1
DA:172,1
DA:173,1
DA:174,1
DA:176,1
DA:178,1
DA:179,1
DA:181,1
DA:182,11
DA:183,1
DA:184,1
DA:186,1
DA:187,1
DA:188,1
DA:190,1
DA:192,1
DA:193,1
DA:195,1
DA:196,3
DA:197,1
DA:198,1
DA:200,1
DA:201,1
DA:202,1
DA:204,1
DA:206,1
DA:207,1
DA:209,1
DA:210,3
DA:211,1
DA:212,1
DA:213,1
DA:214,1
LF:146
LH:146
BRDA:6,0,0,1
BRDA:7,1,0,15
BRDA:11,2,0,1
BRDA:12,3,0,1
BRDA:19,4,0,1
BRDA:26,5,0,1
BRDA:33,6,0,1
BRDA:41,7,0,1
BRDA:51,8,0,1
BRDA:52,9,0,1
BRDA:64,10,0,1
BRDA:77,11,0,11
BRDA:82,12,0,1
BRDA:99,13,0,7
BRDA:104,14,0,1
BRDA:109,15,0,1
BRDA:119,16,0,3
BRDA:125,17,0,1
BRDA:126,18,0,1
BRDA:139,19,0,1
BRDA:150,20,0,1
BRDA:151,21,0,1
BRDA:164,22,0,1
BRDA:171,23,0,1
BRDA:172,24,0,1
BRDA:181,25,0,11
BRDA:186,26,0,1
BRDA:195,27,0,3
BRDA:200,28,0,1
BRDA:209,29,0,3
BRF:30
BRH:30
end_of_record
TN:
SF:src/components/shared/SearchBar.tsx
FN:12,SearchBar
FN:38,onChange
FNF:2
FNH:2
FNDA:103,SearchBar
FNDA:36,onChange
DA:1,1
DA:12,1
DA:13,103
DA:14,103
DA:15,103
DA:16,103
DA:17,103
DA:18,103
DA:20,103
DA:21,51
DA:22,103
DA:24,103
DA:25,85
DA:26,8
DA:27,85
DA:29,85
DA:30,103
DA:32,103
DA:33,103
DA:34,103
DA:35,103
DA:36,103
DA:37,103
DA:38,103
DA:39,103
DA:40,103
DA:41,103
DA:42,103
DA:44,103
LF:29
LH:29
BRDA:12,0,0,103
BRDA:20,1,0,51
BRDA:24,2,0,85
BRDA:25,3,0,8
BRDA:29,4,0,85
BRDA:38,5,0,36
BRF:6
BRH:6
end_of_record
TN:
SF:src/components/ui/alert.tsx
FNF:0
FNH:0
DA:1,1
DA:4,1
DA:9,1
DA:10,17
DA:11,17
DA:12,17
DA:13,17
DA:14,17
DA:15,17
DA:16,17
DA:17,17
DA:18,17
DA:19,17
DA:20,17
DA:21,17
DA:22,17
DA:23,17
DA:24,17
DA:25,1
DA:27,1
DA:30,1
DA:31,17
DA:32,17
DA:33,17
DA:34,17
DA:35,17
DA:36,17
DA:37,1
LF:28
LH:28
BRDA:9,0,0,17
BRDA:30,1,0,17
BRF:2
BRH:2
end_of_record
TN:
SF:src/components/ui/badge.test.tsx
FNF:0
FNH:0
DA:1,1
DA:2,1
DA:3,1
DA:5,1
DA:6,1
DA:7,1
DA:8,1
DA:9,1
DA:10,1
DA:12,1
DA:13,1
DA:14,1
DA:15,1
DA:16,1
DA:17,1
DA:18,1
DA:19,1
DA:20,1
DA:22,1
DA:23,1
DA:24,1
DA:25,1
DA:26,1
DA:27,1
DA:29,1
DA:30,1
DA:31,1
DA:32,1
DA:33,1
DA:35,1
DA:36,1
DA:37,1
DA:38,1
DA:39,1
DA:41,1
DA:42,1
DA:43,1
DA:44,1
DA:45,1
DA:46,1
DA:48,1
DA:49,1
DA:50,1
DA:51,1
DA:52,1
DA:53,1
DA:54,1
DA:55,1
DA:57,1
DA:58,1
DA:59,1
DA:60,1
DA:61,1
DA:62,1
DA:64,1
DA:65,1
DA:66,1
DA:67,1
DA:68,1
DA:69,1
DA:70,1
LF:61
LH:61
BRDA:5,0,0,1
BRDA:6,1,0,1
BRDA:7,2,0,1
BRDA:12,3,0,1
BRDA:22,4,0,1
BRDA:23,5,0,1
BRDA:29,6,0,1
BRDA:35,7,0,1
BRDA:41,8,0,1
BRDA:48,9,0,1
BRDA:49,10,0,1
BRDA:57,11,0,1
BRDA:58,12,0,1
BRDA:64,13,0,1
BRF:14
BRH:14
end_of_record
TN:
SF:src/components/ui/badge.tsx
FN:26,Badge
FNF:1
FNH:1
FNDA:227,Badge
DA:1,1
DA:5,1
DA:6,1
DA:7,1
DA:8,1
DA:9,1
DA:10,1
DA:11,1
DA:12,1
DA:13,1
DA:14,1
DA:15,1
DA:16,1
DA:17,1
DA:18,1
DA:19,1
DA:20,1
DA:26,227
DA:27,227
DA:28,227
LF:20
LH:20
BRDA:26,0,0,227
BRF:1
BRH:1
end_of_record
TN:
SF:src/components/ui/button.test.tsx
FNF:0
FNH:0
DA:1,1
DA:2,1
DA:3,1
DA:4,1
DA:6,1
DA:7,1
DA:8,1
DA:9,1
DA:10,1
DA:11,1
DA:13,1
DA:14,1
DA:15,1
DA:16,1
DA:17,1
DA:18,1
DA:19,1
DA:20,1
DA:21,1
DA:22,1
DA:23,1
DA:25,1
DA:26,1
DA:27,1
DA:28,1
DA:29,1
DA:30,1
DA:32,1
DA:33,1
DA:34,1
DA:35,1
DA:36,1
DA:38,1
DA:39,1
DA:40,1
DA:41,1
DA:42,1
DA:44,1
DA:45,1
DA:46,1
DA:47,1
DA:48,1
DA:50,1
DA:51,1
DA:52,1
DA:53,1
DA:54,1
DA:56,1
DA:57,1
DA:58,1
DA:59,1
DA:60,1
DA:61,1
DA:63,1
DA:64,1
DA:65,1
DA:66,1
DA:67,1
DA:68,1
DA:70,1
DA:71,1
DA:72,1
DA:73,1
DA:74,1
DA:76,1
DA:77,1
DA:78,1
DA:79,1
DA:80,1
DA:82,1
DA:83,1
DA:84,1
DA:85,1
DA:86,1
DA:87,1
DA:88,1
DA:90,1
DA:91,1
DA:92,1
DA:93,1
DA:95,1
DA:97,1
DA:99,1
DA:100,1
DA:102,1
DA:103,1
DA:104,1
DA:106,1
DA:108,1
DA:110,1
DA:111,1
DA:112,1
DA:113,1
DA:115,1
DA:116,1
DA:117,1
DA:118,1
DA:119,1
DA:120,1
DA:122,1
DA:123,1
DA:124,1
DA:125,1
DA:126,1
DA:127,1
DA:129,1
DA:130,1
DA:131,1
DA:132,1
DA:133,1
DA:134,1
DA:135,1
DA:136,1
DA:138,1
DA:139,1
DA:140,1
DA:141,1
DA:142,1
DA:143,1
DA:145,1
DA:146,1
DA:147,1
DA:148,1
DA:149,1
DA:151,1
DA:152,1
DA:153,1
DA:154,1
DA:155,1
DA:157,1
DA:158,1
DA:159,1
DA:160,1
DA:161,1
DA:162,1
DA:163,1
DA:164,1
LF:137
LH:137
BRDA:6,0,0,1
BRDA:7,1,0,1
BRDA:8,2,0,1
BRDA:13,3,0,1
BRDA:25,4,0,1
BRDA:26,5,0,1
BRDA:32,6,0,1
BRDA:38,7,0,1
BRDA:44,8,0,1
BRDA:50,9,0,1
BRDA:56,10,0,1
BRDA:63,11,0,1
BRDA:64,12,0,1
BRDA:70,13,0,1
BRDA:76,14,0,1
BRDA:82,15,0,1
BRDA:90,16,0,1
BRDA:91,17,0,1
BRDA:102,18,0,1
BRDA:115,19,0,1
BRDA:116,20,0,1
BRDA:122,21,0,1
BRDA:129,22,0,1
BRDA:130,23,0,1
BRDA:138,24,0,1
BRDA:139,25,0,1
BRDA:145,26,0,1
BRDA:151,27,0,1
BRDA:157,28,0,1
BRDA:158,29,0,1
BRF:30
BRH:30
end_of_record
TN:
SF:src/components/ui/button.tsx
FNF:0
FNH:0
DA:1,1
DA:5,1
DA:6,1
DA:7,1
DA:8,1
DA:9,1
DA:10,1
DA:11,1
DA:12,1
DA:13,1
DA:14,1
DA:15,1
DA:16,1
DA:17,1
DA:18,1
DA:19,1
DA:20,1
DA:21,1
DA:22,1
DA:23,1
DA:24,1
DA:25,1
DA:26,1
DA:27,1
DA:28,1
DA:29,1
DA:37,1
DA:38,1
DA:39,541
DA:40,541
DA:41,541
DA:42,541
DA:43,541
DA:44,541
DA:45,541
DA:47,541
DA:48,1
DA:49,1
LF:38
LH:38
BRDA:38,0,0,541
BRDA:39,1,0,167
BRDA:39,2,0,369
BRF:3
BRH:3
end_of_record
TN:
SF:src/components/ui/card.test.tsx
FNF:0
FNH:0
DA:1,1
DA:2,1
DA:10,1
DA:12,1
DA:13,1
DA:14,1
DA:15,1
DA:16,1
DA:17,1
DA:19,1
DA:20,1
DA:21,1
DA:22,1
DA:23,1
DA:24,1
DA:26,1
DA:27,1
DA:28,1
DA:29,1
DA:30,1
DA:31,1
DA:33,1
DA:34,1
DA:35,1
DA:36,1
DA:37,1
DA:39,1
DA:40,1
DA:41,1
DA:42,1
DA:43,1
DA:44,1
DA:46,1
DA:47,1
DA:48,1
DA:49,1
DA:50,1
DA:51,1
DA:53,1
DA:54,1
DA:55,1
DA:56,1
DA:57,1
DA:59,1
DA:60,1
DA:61,1
DA:62,1
DA:63,1
DA:65,1
DA:66,1
DA:67,1
DA:68,1
DA:69,1
DA:70,1
DA:72,1
DA:73,1
DA:74,1
DA:75,1
DA:76,1
DA:77,1
DA:79,1
DA:80,1
DA:81,1
DA:82,1
DA:83,1
DA:85,1
DA:86,1
DA:87,1
DA:88,1
DA:89,1
DA:91,1
DA:92,1
DA:93,1
DA:94,1
DA:95,1
DA:96,1
DA:97,1
DA:98,1
DA:100,1
DA:101,1
DA:102,1
DA:103,1
DA:104,1
DA:105,1
DA:107,1
DA:108,1
DA:109,1
DA:110,1
DA:111,1
DA:113,1
DA:114,1
DA:115,1
DA:116,1
DA:117,1
DA:118,1
DA:120,1
DA:121,1
DA:122,1
DA:123,1
DA:124,1
DA:125,1
DA:127,1
DA:128,1
DA:129,1
DA:130,1
DA:131,1
DA:133,1
DA:134,1
DA:135,1
DA:136,1
DA:137,1
DA:138,1
DA:140,1
DA:141,1
DA:142,1
DA:143,1
DA:144,1
DA:145,1
DA:147,1
DA:148,1
DA:149,1
DA:150,1
DA:151,1
DA:152,1
DA:153,1
DA:154,1
DA:155,1
DA:156,1
DA:157,1
DA:158,1
DA:160,1
DA:161,1
DA:162,1
DA:163,1
DA:164,1
DA:165,1
DA:166,1
LF:137
LH:137
BRDA:12,0,0,1
BRDA:13,1,0,1
BRDA:14,2,0,1
BRDA:19,3,0,1
BRDA:26,4,0,1
BRDA:33,5,0,1
BRDA:34,6,0,1
BRDA:39,7,0,1
BRDA:46,8,0,1
BRDA:53,9,0,1
BRDA:54,10,0,1
BRDA:59,11,0,1
BRDA:65,12,0,1
BRDA:72,13,0,1
BRDA:79,14,0,1
BRDA:80,15,0,1
BRDA:85,16,0,1
BRDA:91,17,0,1
BRDA:100,18,0,1
BRDA:107,19,0,1
BRDA:108,20,0,1
BRDA:113,21,0,1
BRDA:120,22,0,1
BRDA:127,23,0,1
BRDA:128,24,0,1
BRDA:133,25,0,1
BRDA:140,26,0,1
BRDA:147,27,0,1
BRDA:148,28,0,1
BRF:29
BRH:29
end_of_record
TN:
SF:src/components/ui/card.tsx
FNF:0
FNH:0
DA:1,1
DA:4,1
DA:5,1
DA:6,544
DA:7,544
DA:8,544
DA:9,544
DA:10,544
DA:11,544
DA:12,544
DA:13,544
DA:15,1
DA:16,1
DA:18,1
DA:19,1
DA:20,407
DA:22,1
DA:23,1
DA:25,1
DA:26,1
DA:27,408
DA:28,408
DA:29,408
DA:30,408
DA:31,408
DA:33,1
DA:34,1
DA:36,1
DA:39,1
DA:40,332
DA:41,1
DA:42,1
DA:44,1
DA:45,1
DA:46,380
DA:48,1
DA:49,1
DA:51,1
DA:52,1
DA:53,4
DA:55,1
DA:56,1
LF:42
LH:42
BRDA:5,0,0,544
BRDA:19,1,0,407
BRDA:26,2,0,408
BRDA:39,3,0,332
BRDA:45,4,0,380
BRDA:52,5,0,4
BRF:6
BRH:6
end_of_record
TN:
SF:src/components/ui/command.tsx
FN:1,(empty-report)
FNF:1
FNH:0
FNDA:0,(empty-report)
DA:1,0
DA:8,0
DA:11,0
DA:12,0
DA:13,0
DA:14,0
DA:15,0
DA:16,0
DA:17,0
DA:18,0
DA:19,0
DA:20,0
DA:21,0
DA:25,0
DA:26,0
DA:27,0
DA:28,0
DA:29,0
DA:30,0
DA:31,0
DA:32,0
DA:33,0
DA:35,0
DA:37,0
DA:40,0
DA:41,0
DA:42,0
DA:43,0
DA:44,0
DA:45,0
DA:46,0
DA:47,0
DA:48,0
DA:49,0
DA:50,0
DA:51,0
DA:52,0
DA:54,0
DA:56,0
DA:59,0
DA:60,0
DA:61,0
DA:62,0
DA:63,0
DA:64,0
DA:65,0
DA:67,0
DA:69,0
DA:72,0
DA:73,0
DA:74,0
DA:75,0
DA:76,0
DA:77,0
DA:78,0
DA:80,0
DA:82,0
DA:85,0
DA:86,0
DA:87,0
DA:88,0
DA:89,0
DA:90,0
DA:91,0
DA:92,0
DA:93,0
DA:94,0
DA:96,0
DA:98,0
DA:101,0
DA:102,0
DA:103,0
DA:104,0
DA:105,0
DA:106,0
DA:107,0
DA:108,0
DA:110,0
DA:113,0
DA:114,0
DA:115,0
DA:116,0
DA:117,0
DA:118,0
DA:119,0
DA:120,0
DA:121,0
DA:122,0
DA:124,0
DA:126,0
DA:127,0
DA:128,0
DA:129,0
DA:130,0
DA:131,0
DA:132,0
DA:133,0
DA:134,0
DA:135,0
DA:136,0
DA:137,0
DA:139,0
DA:140,0
LF:103
LH:0
BRDA:1,0,0,0
BRF:1
BRH:0
end_of_record
TN:
SF:src/components/ui/dialog.tsx
FN:1,(empty-report)
FNF:1
FNH:0
FNDA:0,(empty-report)
DA:1,0
DA:6,0
DA:8,0
DA:10,0
DA:12,0
DA:14,0
DA:17,0
DA:18,0
DA:19,0
DA:20,0
DA:21,0
DA:22,0
DA:23,0
DA:24,0
DA:25,0
DA:26,0
DA:27,0
DA:29,0
DA:32,0
DA:33,0
DA:34,0
DA:35,0
DA:36,0
DA:37,0
DA:38,0
DA:39,0
DA:40,0
DA:41,0
DA:43,0
DA:44,0
DA:45,0
DA:46,0
DA:47,0
DA:48,0
DA:49,0
DA:50,0
DA:51,0
DA:53,0
DA:54,0
DA:55,0
DA:56,0
DA:57,0
DA:58,0
DA:59,0
DA:60,0
DA:61,0
DA:62,0
DA:63,0
DA:65,0
DA:67,0
DA:68,0
DA:69,0
DA:70,0
DA:71,0
DA:72,0
DA:73,0
DA:74,0
DA:75,0
DA:76,0
DA:77,0
DA:79,0
DA:81,0
DA:84,0
DA:85,0
DA:86,0
DA:87,0
DA:88,0
DA:89,0
DA:90,0
DA:91,0
DA:92,0
DA:93,0
DA:94,0
DA:96,0
DA:99,0
DA:100,0
DA:101,0
DA:102,0
DA:103,0
DA:104,0
DA:105,0
DA:106,0
LF:82
LH:0
BRDA:1,0,0,0
BRF:1
BRH:0
end_of_record
TN:
SF:src/components/ui/input.test.tsx
FN:19,onChange
FNF:1
FNH:0
FNDA:0,onChange
DA:1,1
DA:2,1
DA:3,1
DA:4,1
DA:6,1
DA:7,1
DA:8,1
DA:9,1
DA:10,1
DA:11,1
DA:13,1
DA:14,1
DA:15,1
DA:16,1
DA:18,1
DA:19,1
DA:20,1
DA:21,1
DA:22,1
DA:23,1
DA:25,1
DA:26,1
DA:27,1
DA:28,1
DA:29,1
DA:30,1
DA:32,1
DA:33,1
DA:34,1
DA:35,1
DA:36,1
DA:37,1
DA:39,1
DA:40,1
DA:41,1
DA:42,1
DA:43,1
DA:44,1
DA:46,1
DA:47,1
DA:48,1
DA:49,1
DA:50,1
DA:51,1
DA:52,1
DA:54,1
DA:55,1
DA:56,1
DA:57,1
DA:59,1
DA:61,1
DA:62,1
DA:64,1
DA:65,1
DA:66,1
DA:68,1
DA:69,1
DA:71,1
DA:73,1
DA:74,1
DA:76,1
DA:77,1
DA:79,1
DA:80,1
DA:81,1
DA:83,1
DA:85,1
DA:86,1
DA:88,1
DA:89,1
DA:90,1
DA:92,1
DA:93,1
DA:94,1
DA:95,1
DA:96,1
DA:97,1
DA:99,1
DA:100,1
DA:101,1
DA:102,1
DA:103,1
DA:105,1
DA:106,1
DA:107,1
DA:108,1
DA:109,1
DA:110,1
DA:112,1
DA:113,1
DA:114,1
DA:115,1
DA:116,1
DA:117,1
DA:119,1
DA:120,1
DA:121,1
DA:122,1
DA:123,1
DA:125,1
DA:126,1
DA:127,1
DA:128,1
DA:129,1
DA:131,1
DA:132,1
DA:133,1
DA:134,1
DA:135,1
DA:137,1
DA:138,1
DA:139,1
DA:140,1
DA:142,1
DA:143,1
DA:144,1
DA:145,1
DA:146,1
DA:148,1
DA:149,1
DA:150,1
DA:151,1
DA:152,1
DA:153,1
DA:154,1
DA:155,1
DA:157,1
DA:158,1
DA:159,1
DA:160,1
DA:161,1
DA:162,1
DA:163,1
DA:165,1
DA:166,1
DA:167,1
DA:168,1
DA:169,1
DA:170,1
DA:171,1
DA:173,1
DA:174,1
DA:175,1
DA:176,1
DA:177,1
DA:179,1
DA:180,1
DA:181,1
DA:182,1
DA:183,1
DA:184,1
DA:185,1
LF:152
LH:152
BRDA:6,0,0,1
BRDA:7,1,0,1
BRDA:8,2,0,1
BRDA:13,3,0,1
BRDA:18,4,0,1
BRDA:25,5,0,1
BRDA:26,6,0,1
BRDA:32,7,0,1
BRDA:39,8,0,1
BRDA:46,9,0,1
BRDA:54,10,0,1
BRDA:55,11,0,1
BRDA:68,12,0,1
BRDA:79,13,0,1
BRDA:92,14,0,1
BRDA:93,15,0,1
BRDA:99,16,0,1
BRDA:105,17,0,1
BRDA:112,18,0,1
BRDA:113,19,0,1
BRDA:119,20,0,1
BRDA:125,21,0,1
BRDA:131,22,0,1
BRDA:137,23,0,1
BRDA:142,24,0,1
BRDA:148,25,0,1
BRDA:149,26,0,1
BRDA:157,27,0,1
BRDA:158,28,0,1
BRDA:165,29,0,1
BRDA:166,30,0,1
BRDA:173,31,0,1
BRDA:179,32,0,1
BRF:33
BRH:33
end_of_record
TN:
SF:src/components/ui/input.tsx
FNF:0
FNH:0
DA:1,1
DA:6,1
DA:7,1
DA:8,441
DA:9,441
DA:10,441
DA:11,441
DA:12,441
DA:13,441
DA:14,441
DA:15,441
DA:16,441
DA:17,441
DA:19,441
DA:20,1
DA:21,1
LF:16
LH:16
BRDA:7,0,0,441
BRF:1
BRH:1
end_of_record
TN:
SF:src/components/ui/label.test.tsx
FNF:0
FNH:0
DA:1,1
DA:2,1
DA:3,1
DA:5,1
DA:6,1
DA:7,1
DA:8,1
DA:9,1
DA:10,1
DA:12,1
DA:13,1
DA:14,1
DA:15,1
DA:16,1
DA:17,1
DA:18,1
DA:19,1
DA:20,1
DA:22,1
DA:23,1
DA:24,1
DA:25,1
DA:26,1
DA:27,1
DA:29,1
DA:30,1
DA:31,1
DA:32,1
DA:33,1
DA:35,1
DA:36,1
DA:37,1
DA:38,1
DA:39,1
DA:40,1
DA:42,1
DA:43,1
DA:44,1
DA:45,1
DA:46,1
DA:47,1
DA:48,1
DA:49,1
DA:50,1
DA:52,1
DA:53,1
DA:54,1
DA:55,1
DA:56,1
DA:57,1
DA:58,1
DA:60,1
DA:61,1
DA:62,1
DA:63,1
DA:64,1
DA:65,1
DA:66,1
DA:67,1
DA:68,1
DA:69,1
DA:70,1
DA:71,1
DA:72,1
DA:73,1
DA:74,1
LF:66
LH:66
BRDA:5,0,0,1
BRDA:6,1,0,1
BRDA:7,2,0,1
BRDA:12,3,0,1
BRDA:22,4,0,1
BRDA:23,5,0,1
BRDA:29,6,0,1
BRDA:35,7,0,1
BRDA:42,8,0,1
BRDA:43,9,0,1
BRDA:52,10,0,1
BRDA:53,11,0,1
BRDA:60,12,0,1
BRDA:61,13,0,1
BRF:14
BRH:14
end_of_record
TN:
SF:src/components/ui/label.tsx
FNF:0
FNH:0
DA:1,1
DA:5,1
DA:8,1
DA:9,334
DA:10,334
DA:11,334
DA:12,334
DA:13,334
DA:14,334
DA:15,334
DA:16,334
DA:17,334
DA:18,1
LF:13
LH:13
BRDA:8,0,0,334
BRF:1
BRH:1
end_of_record
TN:
SF:src/components/ui/popover.tsx
FN:1,(empty-report)
FNF:1
FNH:0
FNDA:0,(empty-report)
DA:1,0
DA:5,0
DA:7,0
DA:9,0
DA:12,0
DA:13,0
DA:14,0
DA:15,0
DA:16,0
DA:17,0
DA:18,0
DA:19,0
DA:20,0
DA:21,0
DA:22,0
DA:23,0
DA:24,0
DA:25,0
DA:26,0
LF:19
LH:0
BRDA:1,0,0,0
BRF:1
BRH:0
end_of_record
TN:
SF:src/components/ui/select.test.tsx
FNF:0
FNH:0
DA:1,1
DA:2,1
DA:3,1
DA:4,1
DA:6,1
DA:7,1
DA:8,1
DA:9,1
DA:10,1
DA:11,1
DA:12,1
DA:13,1
DA:14,1
DA:15,1
DA:16,1
DA:18,1
DA:19,1
DA:20,1
DA:21,1
DA:22,1
DA:23,1
DA:24,1
DA:25,1
DA:26,1
DA:27,1
DA:28,1
DA:29,1
DA:31,1
DA:32,1
DA:33,1
DA:34,1
DA:35,1
DA:36,1
DA:37,1
DA:38,1
DA:39,1
DA:40,1
DA:41,1
DA:43,1
DA:44,1
DA:45,1
DA:46,1
DA:47,1
DA:48,1
DA:49,1
DA:50,1
DA:51,1
DA:52,1
DA:54,1
DA:55,1
DA:57,1
DA:58,1
DA:60,1
DA:61,1
DA:62,1
DA:63,1
DA:64,1
DA:65,1
DA:66,1
DA:67,1
DA:69,1
DA:70,1
DA:72,1
DA:73,1
DA:75,1
DA:76,1
DA:77,1
DA:78,1
DA:79,1
DA:80,1
DA:81,1
DA:82,1
DA:83,1
DA:85,1
DA:86,1
DA:88,1
DA:89,1
DA:90,1
DA:92,1
DA:93,1
DA:94,1
DA:95,1
DA:96,1
DA:97,1
DA:98,1
DA:99,1
DA:100,1
DA:102,1
DA:103,1
DA:104,1
DA:105,1
DA:106,1
DA:107,1
DA:108,1
DA:109,1
DA:110,1
DA:112,1
DA:113,1
DA:114,1
DA:115,1
DA:116,1
DA:117,1
DA:118,1
DA:119,1
DA:120,1
DA:121,1
DA:123,1
DA:124,1
DA:125,1
DA:126,1
DA:127,1
DA:128,1
DA:129,1
DA:130,1
DA:131,1
DA:133,1
DA:134,1
DA:135,1
DA:136,1
DA:137,1
DA:138,1
DA:139,1
DA:140,1
DA:142,1
DA:143,1
DA:144,1
DA:145,1
DA:146,1
DA:147,1
DA:148,1
DA:149,1
DA:151,1
DA:152,1
DA:153,1
DA:154,1
DA:155,1
DA:156,1
DA:157,1
DA:158,1
DA:160,1
DA:161,1
DA:162,1
DA:163,1
DA:164,1
DA:165,1
DA:166,1
DA:167,1
DA:168,1
DA:170,1
DA:171,1
DA:172,1
DA:173,1
DA:174,1
DA:175,1
DA:176,1
DA:177,1
DA:178,1
DA:179,1
DA:180,1
DA:181,1
DA:182,1
DA:184,1
DA:185,1
DA:186,1
DA:187,1
DA:188,1
DA:189,1
DA:190,1
DA:191,1
DA:192,1
DA:193,1
DA:194,1
DA:196,1
DA:197,1
DA:198,1
DA:199,1
DA:200,1
DA:201,1
DA:202,1
DA:203,1
DA:204,1
DA:205,1
DA:206,1
DA:207,1
DA:208,1
DA:209,1
DA:210,1
DA:211,1
DA:212,1
LF:189
LH:189
BRDA:6,0,0,1
BRDA:7,1,0,1
BRDA:8,2,0,1
BRDA:18,3,0,1
BRDA:31,4,0,1
BRDA:43,5,0,1
BRDA:44,6,0,1
BRDA:60,7,0,1
BRDA:75,8,0,1
BRDA:92,9,0,1
BRDA:93,10,0,1
BRDA:102,11,0,1
BRDA:112,12,0,1
BRDA:123,13,0,1
BRDA:124,14,0,1
BRDA:133,15,0,1
BRDA:142,16,0,1
BRDA:151,17,0,1
BRDA:160,18,0,1
BRDA:170,19,0,1
BRDA:171,20,0,1
BRDA:184,21,0,1
BRDA:185,22,0,1
BRDA:196,23,0,1
BRDA:197,24,0,1
BRF:25
BRH:25
end_of_record
TN:
SF:src/components/ui/select.tsx
FNF:0
FNH:0
DA:1,1
DA:6,1
DA:7,1
DA:8,17
DA:9,17
DA:10,17
DA:11,17
DA:12,17
DA:13,17
DA:14,17
DA:15,17
DA:17,17
DA:18,17
DA:20,17
DA:21,1
DA:22,1
LF:16
LH:16
BRDA:7,0,0,17
BRF:1
BRH:1
end_of_record
TN:
SF:src/components/ui/textarea.test.tsx
FNF:0
FNH:0
DA:1,1
DA:2,1
DA:3,1
DA:4,1
DA:6,1
DA:7,1
DA:8,1
DA:9,1
DA:10,1
DA:11,1
DA:12,1
DA:14,1
DA:15,1
DA:16,1
DA:17,1
DA:19,1
DA:20,1
DA:21,1
DA:22,1
DA:23,1
DA:25,1
DA:26,1
DA:27,1
DA:28,1
DA:29,1
DA:31,1
DA:32,1
DA:34,1
DA:35,1
DA:37,1
DA:38,1
DA:39,1
DA:41,1
DA:42,1
DA:44,1
DA:45,1
DA:47,1
DA:48,1
DA:49,1
DA:50,1
DA:52,1
DA:53,1
DA:55,1
DA:56,1
DA:57,1
DA:59,1
DA:60,1
DA:61,1
DA:62,1
DA:63,1
DA:65,1
DA:66,1
DA:67,1
DA:68,1
DA:69,1
DA:71,1
DA:72,1
DA:73,1
DA:74,1
DA:75,1
DA:76,1
DA:78,1
DA:79,1
DA:80,1
DA:81,1
DA:82,1
DA:84,1
DA:85,1
DA:86,1
DA:87,1
DA:89,1
DA:90,1
DA:91,1
DA:92,1
DA:94,1
DA:95,1
DA:96,1
DA:97,1
DA:99,1
DA:100,1
DA:101,1
DA:102,1
DA:104,1
DA:105,1
DA:106,1
DA:107,1
DA:109,1
DA:110,1
DA:111,1
DA:112,1
DA:114,1
DA:115,1
DA:116,1
DA:117,1
DA:118,1
DA:120,1
DA:121,1
DA:122,1
DA:123,1
DA:124,1
DA:125,1
DA:126,1
DA:127,1
DA:128,1
DA:130,1
DA:131,1
DA:132,1
DA:133,1
DA:134,1
DA:135,1
DA:136,1
DA:137,1
LF:112
LH:112
BRDA:6,0,0,1
BRDA:7,1,0,1
BRDA:8,2,0,1
BRDA:14,3,0,1
BRDA:19,4,0,1
BRDA:25,5,0,1
BRDA:26,6,0,1
BRDA:37,7,0,1
BRDA:47,8,0,1
BRDA:59,9,0,1
BRDA:60,10,0,1
BRDA:65,11,0,1
BRDA:71,12,0,1
BRDA:78,13,0,1
BRDA:79,14,0,1
BRDA:84,15,0,1
BRDA:89,16,0,1
BRDA:94,17,0,1
BRDA:99,18,0,1
BRDA:104,19,0,1
BRDA:109,20,0,1
BRDA:114,21,0,1
BRDA:120,22,0,1
BRDA:121,23,0,1
BRDA:130,24,0,1
BRDA:131,25,0,1
BRF:26
BRH:26
end_of_record
TN:
SF:src/components/ui/textarea.tsx
FNF:0
FNH:0
DA:1,1
DA:6,1
DA:7,1
DA:8,19
DA:9,19
DA:10,19
DA:11,19
DA:12,19
DA:13,19
DA:14,19
DA:15,19
DA:16,19
DA:18,19
DA:19,1
DA:20,1
LF:15
LH:15
BRDA:7,0,0,19
BRF:1
BRH:1
end_of_record
TN:
SF:src/contexts/AuthContext.test.tsx
FN:25,TestComponent
FN:28,handleLogin
FNF:2
FNH:2
FNDA:23,TestComponent
FNDA:2,handleLogin
DA:1,1
DA:15,1
DA:25,1
DA:26,23
DA:28,23
DA:29,2
DA:30,2
DA:31,1
DA:33,1
DA:34,2
DA:36,23
DA:37,23
DA:38,23
DA:39,23
DA:40,23
DA:41,23
DA:42,23
DA:43,23
DA:44,23
DA:46,23
DA:48,1
DA:49,1
DA:50,9
DA:51,9
DA:52,9
DA:53,1
DA:55,1
DA:56,1
DA:58,1
DA:60,1
DA:61,1
DA:62,1
DA:64,1
DA:65,1
DA:66,1
DA:68,1
DA:69,1
DA:70,1
DA:71,1
DA:72,1
DA:73,1
DA:74,1
DA:75,1
DA:76,1
DA:78,1
DA:79,1
DA:80,1
DA:82,1
DA:83,1
DA:84,1
DA:85,1
DA:87,1
DA:88,1
DA:89,1
DA:90,1
DA:91,1
DA:92,1
DA:93,1
DA:94,1
DA:96,1
DA:97,1
DA:99,1
DA:100,1
DA:101,1
DA:102,1
DA:103,1
DA:104,1
DA:105,1
DA:107,1
DA:108,1
DA:109,1
DA:111,1
DA:112,1
DA:113,1
DA:114,1
DA:116,1
DA:117,1
DA:119,1
DA:120,1
DA:122,1
DA:123,1
DA:124,1
DA:125,1
DA:126,1
DA:127,1
DA:128,1
DA:130,1
DA:131,1
DA:132,1
DA:134,1
DA:135,1
DA:138,1
DA:139,1
DA:140,1
DA:141,1
DA:143,1
DA:144,1
DA:145,1
DA:146,1
DA:148,1
DA:149,1
DA:150,1
DA:152,1
DA:153,1
DA:154,1
DA:155,1
DA:156,1
DA:157,1
DA:158,1
DA:159,1
DA:160,1
DA:161,1
DA:162,1
DA:163,1
DA:165,1
DA:167,1
DA:168,1
DA:169,1
DA:170,1
DA:171,1
DA:172,1
DA:173,1
DA:175,1
DA:176,1
DA:177,1
DA:180,1
DA:181,1
DA:183,1
DA:184,2
DA:185,1
DA:187,1
DA:188,1
DA:189,1
DA:190,1
DA:191,1
DA:192,1
DA:194,1
DA:195,1
DA:196,1
DA:198,1
DA:200,1
DA:201,1
DA:202,1
DA:203,1
DA:204,1
DA:205,1
DA:206,1
DA:208,1
DA:209,1
DA:210,1
DA:212,1
DA:215,1
DA:218,1
DA:219,2
DA:220,1
DA:223,1
DA:224,1
DA:225,1
DA:226,1
DA:227,1
DA:229,1
DA:230,1
DA:231,1
DA:233,1
DA:234,1
DA:235,1
DA:236,1
DA:237,1
DA:238,1
DA:239,1
DA:240,1
DA:241,1
DA:243,1
DA:244,1
DA:246,1
DA:247,1
DA:248,1
DA:249,1
DA:250,1
DA:251,1
DA:252,1
DA:254,1
DA:255,1
DA:256,1
DA:259,1
DA:260,1
DA:263,1
DA:264,1
DA:266,1
DA:267,2
DA:268,1
DA:270,1
DA:271,1
DA:272,1
DA:273,1
DA:274,1
DA:275,1
DA:276,1
DA:278,1
DA:279,1
DA:280,1
DA:281,1
DA:283,1
DA:284,1
DA:285,1
DA:286,1
DA:287,1
DA:288,1
DA:289,1
DA:291,1
DA:292,1
DA:293,1
DA:294,1
DA:296,1
DA:297,1
DA:298,1
DA:299,1
DA:300,1
DA:301,1
DA:302,1
DA:303,1
DA:305,1
DA:306,1
DA:307,1
DA:308,1
DA:309,1
DA:310,1
LF:227
LH:227
BRDA:25,0,0,23
BRDA:38,1,0,4
BRDA:38,2,0,14
BRDA:39,3,0,14
BRDA:40,4,0,4
BRDA:40,5,0,14
BRDA:41,6,0,8
BRDA:41,7,0,10
BRDA:28,8,0,2
BRDA:30,9,0,1
BRDA:48,10,0,1
BRDA:49,11,0,9
BRDA:55,12,0,1
BRDA:56,13,0,1
BRDA:58,14,0,3
BRDA:60,15,0,1
BRDA:68,16,0,1
BRDA:69,17,0,1
BRDA:78,18,0,1
BRDA:87,19,0,1
BRDA:107,20,0,1
BRDA:116,21,0,1
BRDA:117,22,0,1
BRDA:130,23,0,1
BRDA:138,24,0,1
BRDA:152,25,0,1
BRDA:153,26,0,1
BRDA:175,27,0,1
BRDA:183,28,0,2
BRDA:194,29,0,1
BRDA:195,30,0,1
BRDA:208,31,0,1
BRDA:218,32,0,2
BRDA:223,33,0,1
BRDA:233,34,0,1
BRDA:234,35,0,1
BRDA:254,36,0,1
BRDA:266,37,0,2
BRDA:278,38,0,1
BRDA:279,39,0,1
BRDA:291,40,0,1
BRDA:296,41,0,1
BRDA:305,42,0,1
BRF:43
BRH:43
end_of_record
TN:
SF:src/contexts/AuthContext.tsx
FN:23,AuthProvider
FN:49,login
FN:63,logout
FN:87,useAuth
FNF:4
FNH:4
FNDA:19,AuthProvider
FNDA:2,login
FNDA:1,logout
FNDA:23,useAuth
DA:1,1
DA:21,1
DA:23,1
DA:24,19
DA:25,19
DA:26,19
DA:27,19
DA:30,19
DA:31,8
DA:32,8
DA:34,8
DA:35,4
DA:36,4
DA:37,4
DA:38,4
DA:39,4
DA:40,1
DA:41,1
DA:42,1
DA:43,1
DA:44,4
DA:46,8
DA:47,19
DA:49,19
DA:50,2
DA:51,2
DA:52,1
DA:53,1
DA:54,1
DA:55,1
DA:56,1
DA:57,1
DA:58,1
DA:59,1
DA:60,1
DA:61,2
DA:63,19
DA:64,1
DA:65,1
DA:66,1
DA:67,1
DA:68,1
DA:69,1
DA:71,19
DA:72,19
DA:73,19
DA:74,19
DA:75,19
DA:76,19
DA:77,19
DA:78,19
DA:79,19
DA:80,19
DA:82,19
DA:83,19
DA:85,19
DA:87,1
DA:88,23
DA:89,23
DA:90,4
DA:91,4
DA:92,18
DA:93,18
LF:63
LH:63
BRDA:23,0,0,19
BRDA:30,1,0,8
BRDA:34,2,0,4
BRDA:34,3,0,4
BRDA:39,4,0,1
BRDA:49,5,0,2
BRDA:51,6,0,1
BRDA:63,7,0,1
BRDA:87,8,0,23
BRDA:89,9,0,4
BRDA:91,10,0,18
BRF:11
BRH:11
end_of_record
TN:
SF:src/hooks/useCatalog.test.tsx
FN:10,createWrapper
FNF:1
FNH:1
FNDA:4,createWrapper
DA:1,1
DA:4,1
DA:10,1
DA:11,4
DA:12,4
DA:13,4
DA:14,4
DA:15,4
DA:16,4
DA:17,4
DA:18,4
DA:20,4
DA:22,1
DA:23,1
DA:24,2
DA:25,1
DA:27,1
DA:28,1
DA:29,1
DA:31,1
DA:33,1
DA:34,1
DA:35,1
DA:36,1
DA:38,1
DA:39,1
DA:40,1
DA:41,1
DA:43,1
DA:45,1
DA:46,1
DA:47,1
DA:48,1
DA:50,1
DA:51,1
DA:52,2
DA:53,1
DA:55,1
DA:56,1
DA:57,1
DA:58,1
DA:59,1
DA:60,1
DA:61,1
DA:62,1
DA:64,1
DA:66,1
DA:67,1
DA:68,1
DA:69,1
DA:71,1
DA:72,1
DA:74,1
DA:75,1
DA:76,1
DA:77,1
LF:56
LH:56
BRDA:10,0,0,4
BRDA:17,1,0,4
BRDA:22,2,0,1
BRDA:23,3,0,2
BRDA:27,4,0,1
BRDA:31,5,0,2
BRDA:33,6,0,2
BRDA:38,7,0,1
BRDA:43,8,0,2
BRDA:45,9,0,2
BRDA:50,10,0,1
BRDA:51,11,0,2
BRDA:55,12,0,1
BRDA:64,13,0,2
BRDA:66,14,0,2
BRDA:71,15,0,1
BRDA:72,16,0,1
BRF:17
BRH:17
end_of_record
TN:
SF:src/hooks/useCatalog.ts
FN:4,useCatalog
FN:12,queryFn
FN:17,useCatalogItem
FN:20,queryFn
FNF:4
FNH:4
FNDA:4,useCatalog
FNDA:2,queryFn
FNDA:3,useCatalogItem
FNDA:1,queryFn
DA:1,1
DA:4,1
DA:9,4
DA:10,4
DA:11,4
DA:12,4
DA:13,4
DA:14,4
DA:15,4
DA:17,1
DA:18,3
DA:19,3
DA:20,3
DA:21,3
DA:22,3
DA:23,3
LF:16
LH:16
BRDA:4,0,0,4
BRDA:12,1,0,2
BRDA:17,2,0,3
BRDA:20,3,0,1
BRF:4
BRH:4
end_of_record
TN:
SF:src/hooks/useMealPlans.test.tsx
FN:19,createWrapper
FNF:1
FNH:1
FNDA:10,createWrapper
DA:1,1
DA:4,1
DA:19,1
DA:20,10
DA:21,10
DA:22,10
DA:23,10
DA:24,10
DA:25,10
DA:26,10
DA:27,10
DA:29,10
DA:31,1
DA:32,1
DA:33,2
DA:34,1
DA:36,1
DA:37,1
DA:38,1
DA:40,1
DA:42,1
DA:43,1
DA:44,1
DA:45,1
DA:47,1
DA:48,1
DA:49,1
DA:50,1
DA:52,1
DA:54,1
DA:55,1
DA:56,1
DA:57,1
DA:59,1
DA:60,1
DA:61,2
DA:62,1
DA:64,1
DA:65,1
DA:66,1
DA:67,1
DA:68,1
DA:69,1
DA:70,1
DA:71,1
DA:73,1
DA:75,1
DA:76,1
DA:77,1
DA:78,1
DA:80,1
DA:81,1
DA:83,1
DA:84,1
DA:85,1
DA:86,1
DA:88,1
DA:89,1
DA:90,1
DA:91,1
DA:93,1
DA:94,1
DA:95,1
DA:96,1
DA:97,1
DA:98,1
DA:99,1
DA:100,1
DA:101,1
DA:103,1
DA:105,1
DA:107,1
DA:108,1
DA:109,1
DA:110,1
DA:111,1
DA:113,1
DA:114,1
DA:115,1
DA:116,1
DA:118,1
DA:119,1
DA:120,1
DA:121,1
DA:122,1
DA:123,1
DA:124,1
DA:125,1
DA:126,1
DA:128,1
DA:130,1
DA:132,1
DA:133,1
DA:134,1
DA:135,1
DA:136,1
DA:138,1
DA:139,1
DA:140,1
DA:141,1
DA:143,1
DA:144,1
DA:146,1
DA:148,1
DA:150,1
DA:151,1
DA:152,1
DA:153,1
DA:155,1
DA:156,1
DA:157,1
DA:158,1
DA:160,1
DA:161,1
DA:162,1
DA:164,1
DA:166,1
DA:168,1
DA:169,1
DA:170,1
DA:171,1
DA:173,1
DA:174,1
DA:175,1
DA:176,1
DA:178,1
DA:179,1
DA:180,1
DA:182,1
DA:184,1
DA:186,1
DA:187,1
DA:188,1
DA:189,1
DA:191,1
DA:192,1
DA:193,1
DA:194,1
DA:196,1
DA:197,1
DA:198,1
DA:199,1
DA:201,1
DA:202,1
DA:203,1
DA:205,1
DA:207,1
DA:208,1
DA:209,1
DA:210,1
DA:211,1
LF:151
LH:151
BRDA:19,0,0,10
BRDA:26,1,0,10
BRDA:31,2,0,1
BRDA:32,3,0,2
BRDA:36,4,0,1
BRDA:40,5,0,2
BRDA:42,6,0,2
BRDA:47,7,0,1
BRDA:52,8,0,2
BRDA:54,9,0,2
BRDA:59,10,0,1
BRDA:60,11,0,2
BRDA:64,12,0,1
BRDA:73,13,0,2
BRDA:75,14,0,2
BRDA:80,15,0,1
BRDA:81,16,0,1
BRDA:88,17,0,1
BRDA:89,18,0,1
BRDA:93,19,0,1
BRDA:103,20,0,2
BRDA:107,21,0,2
BRDA:113,22,0,1
BRDA:114,23,0,1
BRDA:118,24,0,1
BRDA:128,25,0,2
BRDA:132,26,0,2
BRDA:138,27,0,1
BRDA:139,28,0,1
BRDA:143,29,0,1
BRDA:146,30,0,2
BRDA:150,31,0,2
BRDA:155,32,0,1
BRDA:156,33,0,1
BRDA:160,34,0,1
BRDA:164,35,0,2
BRDA:168,36,0,2
BRDA:173,37,0,1
BRDA:174,38,0,1
BRDA:178,39,0,1
BRDA:182,40,0,2
BRDA:186,41,0,2
BRDA:191,42,0,1
BRDA:192,43,0,1
BRDA:196,44,0,1
BRDA:201,45,0,2
BRDA:207,46,0,2
BRF:47
BRH:47
end_of_record
TN:
SF:src/hooks/useMealPlans.ts
FN:11,useMealPlans
FN:14,queryFn
FN:19,useMealPlan
FN:22,queryFn
FN:27,useCreateMealPlan
FN:30,mutationFn
FN:31,onSuccess
FN:37,useUpdateMealPlan
FN:40,mutationFn
FN:42,onSuccess
FN:49,useDeleteMealPlan
FN:52,mutationFn
FN:53,onSuccess
FN:59,useCopyDay
FN:62,mutationFn
FN:63,onSuccess
FN:69,useCopyWeek
FN:72,mutationFn
FN:73,onSuccess
FN:79,useGenerateShoppingList
FN:81,mutationFn
FNF:21
FNH:21
FNDA:4,useMealPlans
FNDA:2,queryFn
FNDA:3,useMealPlan
FNDA:1,queryFn
FNDA:2,useCreateMealPlan
FNDA:1,mutationFn
FNDA:1,onSuccess
FNDA:2,useUpdateMealPlan
FNDA:1,mutationFn
FNDA:1,onSuccess
FNDA:2,useDeleteMealPlan
FNDA:1,mutationFn
FNDA:1,onSuccess
FNDA:2,useCopyDay
FNDA:1,mutationFn
FNDA:1,onSuccess
FNDA:2,useCopyWeek
FNDA:1,mutationFn
FNDA:1,onSuccess
FNDA:2,useGenerateShoppingList
FNDA:1,mutationFn
DA:1,1
DA:11,1
DA:12,4
DA:13,4
DA:14,4
DA:15,4
DA:16,4
DA:17,4
DA:19,1
DA:20,3
DA:21,3
DA:22,3
DA:23,3
DA:24,3
DA:25,3
DA:27,1
DA:28,2
DA:29,2
DA:30,2
DA:31,2
DA:32,1
DA:33,1
DA:34,2
DA:35,2
DA:37,1
DA:38,2
DA:39,2
DA:40,2
DA:41,1
DA:42,2
DA:43,1
DA:44,1
DA:45,1
DA:46,2
DA:47,2
DA:49,1
DA:50,2
DA:51,2
DA:52,2
DA:53,2
DA:54,1
DA:55,1
DA:56,2
DA:57,2
DA:59,1
DA:60,2
DA:61,2
DA:62,2
DA:63,2
DA:64,1
DA:65,1
DA:66,2
DA:67,2
DA:69,1
DA:70,2
DA:71,2
DA:72,2
DA:73,2
DA:74,1
DA:75,1
DA:76,2
DA:77,2
DA:79,1
DA:80,2
DA:81,2
DA:82,2
DA:83,2
LF:67
LH:67
BRDA:11,0,0,4
BRDA:14,1,0,2
BRDA:19,2,0,3
BRDA:22,3,0,1
BRDA:27,4,0,2
BRDA:30,5,0,1
BRDA:31,6,0,1
BRDA:37,7,0,2
BRDA:40,8,0,1
BRDA:42,9,0,1
BRDA:49,10,0,2
BRDA:52,11,0,1
BRDA:53,12,0,1
BRDA:59,13,0,2
BRDA:62,14,0,1
BRDA:63,15,0,1
BRDA:69,16,0,2
BRDA:72,17,0,1
BRDA:73,18,0,1
BRDA:79,19,0,2
BRDA:81,20,0,1
BRF:21
BRH:21
end_of_record
TN:
SF:src/hooks/useRecipes.test.tsx
FN:16,createWrapper
FNF:1
FNH:1
FNDA:7,createWrapper
DA:1,1
DA:4,1
DA:16,1
DA:17,7
DA:18,7
DA:19,7
DA:20,7
DA:21,7
DA:22,7
DA:23,7
DA:24,7
DA:26,7
DA:28,1
DA:29,1
DA:30,2
DA:31,1
DA:33,1
DA:34,1
DA:35,1
DA:37,1
DA:39,1
DA:40,1
DA:41,1
DA:42,1
DA:44,1
DA:45,1
DA:46,1
DA:47,1
DA:49,1
DA:51,1
DA:52,1
DA:53,1
DA:54,1
DA:56,1
DA:57,1
DA:58,2
DA:59,1
DA:61,1
DA:62,1
DA:63,1
DA:65,1
DA:67,1
DA:68,1
DA:69,1
DA:70,1
DA:72,1
DA:73,1
DA:75,1
DA:76,1
DA:77,1
DA:78,1
DA:80,1
DA:81,1
DA:82,1
DA:83,1
DA:85,1
DA:86,1
DA:87,1
DA:88,1
DA:90,1
DA:92,1
DA:94,1
DA:95,1
DA:96,1
DA:97,1
DA:98,1
DA:100,1
DA:101,1
DA:102,1
DA:103,1
DA:105,1
DA:106,1
DA:107,1
DA:108,1
DA:110,1
DA:112,1
DA:114,1
DA:115,1
DA:116,1
DA:117,1
DA:118,1
DA:120,1
DA:121,1
DA:122,1
DA:123,1
DA:125,1
DA:126,1
DA:128,1
DA:130,1
DA:132,1
DA:133,1
DA:134,1
DA:135,1
LF:93
LH:93
BRDA:16,0,0,7
BRDA:23,1,0,7
BRDA:28,2,0,1
BRDA:29,3,0,2
BRDA:33,4,0,1
BRDA:37,5,0,2
BRDA:39,6,0,2
BRDA:44,7,0,1
BRDA:49,8,0,2
BRDA:51,9,0,2
BRDA:56,10,0,1
BRDA:57,11,0,2
BRDA:61,12,0,1
BRDA:65,13,0,2
BRDA:67,14,0,2
BRDA:72,15,0,1
BRDA:73,16,0,1
BRDA:80,17,0,1
BRDA:81,18,0,1
BRDA:85,19,0,1
BRDA:90,20,0,2
BRDA:94,21,0,2
BRDA:100,22,0,1
BRDA:101,23,0,1
BRDA:105,24,0,1
BRDA:110,25,0,2
BRDA:114,26,0,2
BRDA:120,27,0,1
BRDA:121,28,0,1
BRDA:125,29,0,1
BRDA:128,30,0,2
BRDA:132,31,0,2
BRF:32
BRH:32
end_of_record
TN:
SF:src/hooks/useRecipes.ts
FN:5,useRecipes
FN:14,queryFn
FN:19,useRecipe
FN:22,queryFn
FN:27,useCreateRecipe
FN:30,mutationFn
FN:31,onSuccess
FN:37,useUpdateRecipe
FN:40,mutationFn
FN:42,onSuccess
FN:49,useDeleteRecipe
FN:52,mutationFn
FN:53,onSuccess
FNF:13
FNH:13
FNDA:4,useRecipes
FNDA:2,queryFn
FNDA:3,useRecipe
FNDA:1,queryFn
FNDA:2,useCreateRecipe
FNDA:1,mutationFn
FNDA:1,onSuccess
FNDA:2,useUpdateRecipe
FNDA:1,mutationFn
FNDA:1,onSuccess
FNDA:2,useDeleteRecipe
FNDA:1,mutationFn
FNDA:1,onSuccess
DA:1,1
DA:5,1
DA:11,4
DA:12,4
DA:13,4
DA:14,4
DA:15,4
DA:16,4
DA:17,4
DA:19,1
DA:20,3
DA:21,3
DA:22,3
DA:23,3
DA:24,3
DA:25,3
DA:27,1
DA:28,2
DA:29,2
DA:30,2
DA:31,2
DA:32,1
DA:33,1
DA:34,2
DA:35,2
DA:37,1
DA:38,2
DA:39,2
DA:40,2
DA:41,1
DA:42,2
DA:43,1
DA:44,1
DA:45,1
DA:46,2
DA:47,2
DA:49,1
DA:50,2
DA:51,2
DA:52,2
DA:53,2
DA:54,1
DA:55,1
DA:56,1
DA:57,2
DA:58,2
LF:46
LH:46
BRDA:5,0,0,4
BRDA:14,1,0,2
BRDA:19,2,0,3
BRDA:22,3,0,1
BRDA:27,4,0,2
BRDA:30,5,0,1
BRDA:31,6,0,1
BRDA:37,7,0,2
BRDA:40,8,0,1
BRDA:42,9,0,1
BRDA:49,10,0,2
BRDA:52,11,0,1
BRDA:53,12,0,1
BRF:13
BRH:13
end_of_record
TN:
SF:src/lib/types.ts
FN:1,(empty-report)
FNF:1
FNH:1
FNDA:1,(empty-report)
DA:2,0
DA:3,0
DA:4,0
DA:5,0
DA:6,0
DA:7,0
DA:8,0
DA:9,0
DA:10,0
DA:11,0
DA:122,0
DA:123,0
DA:124,0
DA:125,0
LF:14
LH:0
BRDA:1,0,0,1
BRF:1
BRH:1
end_of_record
TN:
SF:src/lib/utils.test.ts
FNF:0
FNH:0
DA:1,1
DA:2,1
DA:4,1
DA:5,1
DA:6,1
DA:7,1
DA:8,1
DA:9,1
DA:11,1
DA:12,1
DA:13,1
DA:14,1
DA:15,1
DA:16,1
DA:18,1
DA:19,1
DA:20,1
DA:21,1
DA:22,1
DA:23,1
DA:25,1
DA:27,1
DA:28,1
DA:29,1
DA:31,1
DA:32,1
DA:33,1
DA:34,1
DA:35,1
DA:37,1
DA:38,1
DA:39,1
DA:40,1
DA:42,1
DA:43,1
DA:44,1
DA:45,1
DA:46,1
DA:47,1
LF:39
LH:39
BRDA:4,0,0,1
BRDA:5,1,0,1
BRDA:11,2,0,1
BRDA:18,3,0,1
BRDA:20,4,0,0
BRDA:25,5,0,1
BRDA:31,6,0,1
BRDA:37,7,0,1
BRDA:42,8,0,1
BRF:9
BRH:8
end_of_record
TN:
SF:src/lib/utils.ts
FN:4,cn
FNF:1
FNH:1
FNDA:3688,cn
DA:1,1
DA:4,1
DA:5,3688
DA:6,3688
LF:4
LH:4
BRDA:4,0,0,3688
BRF:1
BRH:1
end_of_record
TN:
SF:src/pages/CatalogDetail.test.tsx
FN:12,createWrapper
FNF:1
FNH:1
FNDA:37,createWrapper
DA:1,1
DA:2,1
DA:3,1
DA:4,1
DA:5,1
DA:6,1
DA:8,1
DA:10,1
DA:12,1
DA:13,37
DA:14,37
DA:15,37
DA:16,37
DA:17,37
DA:18,37
DA:19,37
DA:20,37
DA:21,73
DA:22,73
DA:23,73
DA:24,73
DA:25,73
DA:26,73
DA:27,73
DA:29,37
DA:31,1
DA:32,1
DA:33,37
DA:34,1
DA:36,1
DA:37,1
DA:38,1
DA:39,1
DA:40,1
DA:41,1
DA:42,1
DA:44,1
DA:45,1
DA:46,1
DA:47,1
DA:49,1
DA:50,1
DA:51,1
DA:52,1
DA:53,1
DA:54,1
DA:55,1
DA:57,1
DA:58,1
DA:59,1
DA:60,1
DA:62,1
DA:63,1
DA:64,1
DA:65,1
DA:66,1
DA:67,1
DA:69,1
DA:70,1
DA:71,1
DA:72,1
DA:74,1
DA:75,1
DA:76,1
DA:77,1
DA:78,1
DA:79,1
DA:80,1
DA:81,1
DA:82,1
DA:83,1
DA:84,1
DA:85,1
DA:86,1
DA:87,1
DA:88,1
DA:89,1
DA:90,1
DA:92,1
DA:93,21
DA:94,21
DA:95,21
DA:96,21
DA:97,21
DA:98,1
DA:100,1
DA:101,1
DA:103,1
DA:104,1
DA:106,1
DA:107,1
DA:108,1
DA:109,1
DA:110,1
DA:111,1
DA:113,1
DA:114,1
DA:115,1
DA:117,1
DA:118,1
DA:119,1
DA:120,1
DA:122,1
DA:123,1
DA:124,1
DA:125,1
DA:127,1
DA:128,1
DA:129,1
DA:130,1
DA:131,1
DA:132,1
DA:134,1
DA:135,1
DA:136,1
DA:138,1
DA:139,1
DA:140,1
DA:141,1
DA:143,1
DA:144,1
DA:145,1
DA:146,1
DA:147,1
DA:148,1
DA:150,1
DA:151,1
DA:152,1
DA:154,1
DA:155,1
DA:156,1
DA:157,1
DA:159,1
DA:160,1
DA:161,1
DA:162,1
DA:163,1
DA:164,1
DA:166,1
DA:167,1
DA:168,1
DA:170,1
DA:171,1
DA:172,1
DA:173,1
DA:175,1
DA:176,1
DA:177,1
DA:178,1
DA:179,1
DA:181,1
DA:182,1
DA:183,1
DA:184,1
DA:185,1
DA:187,1
DA:188,1
DA:189,1
DA:190,1
DA:191,1
DA:192,1
DA:194,1
DA:195,1
DA:196,1
DA:198,1
DA:199,1
DA:200,1
DA:201,1
DA:202,1
DA:204,1
DA:205,1
DA:206,1
DA:207,1
DA:208,1
DA:209,1
DA:211,1
DA:212,1
DA:213,1
DA:215,1
DA:216,1
DA:217,1
DA:218,1
DA:219,1
DA:221,1
DA:222,1
DA:223,1
DA:224,1
DA:225,1
DA:226,1
DA:228,1
DA:229,1
DA:230,1
DA:232,1
DA:233,1
DA:234,1
DA:235,1
DA:236,1
DA:237,1
DA:238,1
DA:240,1
DA:241,1
DA:242,1
DA:243,1
DA:245,1
DA:246,1
DA:247,1
DA:248,1
DA:250,1
DA:251,1
DA:252,1
DA:253,1
DA:254,1
DA:255,1
DA:257,1
DA:258,1
DA:259,1
DA:260,1
DA:261,1
DA:262,1
DA:263,1
DA:264,1
DA:265,1
DA:266,1
DA:267,1
DA:268,1
DA:269,1
DA:270,1
DA:271,1
DA:272,1
DA:273,1
DA:274,1
DA:275,1
DA:276,1
DA:277,1
DA:278,1
DA:280,1
DA:281,13
DA:282,13
DA:283,13
DA:284,13
DA:285,13
DA:286,1
DA:288,1
DA:289,1
DA:290,1
DA:291,1
DA:293,1
DA:294,1
DA:295,1
DA:296,1
DA:297,1
DA:299,1
DA:300,1
DA:301,1
DA:302,1
DA:303,1
DA:305,1
DA:306,1
DA:307,1
DA:308,1
DA:309,1
DA:311,1
DA:312,1
DA:313,1
DA:314,1
DA:315,1
DA:317,1
DA:318,1
DA:319,1
DA:320,1
DA:321,1
DA:323,1
DA:324,1
DA:325,1
DA:326,1
DA:327,1
DA:329,1
DA:330,1
DA:332,1
DA:333,1
DA:335,1
DA:336,1
DA:337,1
DA:338,1
DA:339,1
DA:340,1
DA:341,1
DA:342,1
DA:343,1
DA:345,1
DA:346,1
DA:347,1
DA:348,1
DA:350,1
DA:351,1
DA:352,1
DA:353,1
DA:354,1
DA:356,1
DA:357,1
DA:358,1
DA:359,1
DA:361,1
DA:362,1
DA:363,1
DA:364,1
DA:365,1
DA:366,1
DA:368,1
DA:369,1
DA:370,1
DA:372,1
DA:373,1
DA:374,1
DA:375,1
DA:376,1
DA:377,1
DA:378,1
DA:379,1
DA:380,1
DA:382,1
DA:383,1
DA:384,1
DA:385,1
DA:386,1
LF:325
LH:325
BRDA:12,0,0,37
BRDA:20,1,0,73
BRDA:31,2,0,1
BRDA:32,3,0,37
BRDA:36,4,0,1
BRDA:37,5,0,1
BRDA:49,6,0,1
BRDA:50,7,0,1
BRDA:62,8,0,1
BRDA:74,9,0,1
BRDA:92,10,0,21
BRDA:100,11,0,1
BRDA:106,12,0,1
BRDA:117,13,0,1
BRDA:122,14,0,1
BRDA:127,15,0,1
BRDA:138,16,0,1
BRDA:143,17,0,1
BRDA:154,18,0,1
BRDA:159,19,0,1
BRDA:170,20,0,1
BRDA:175,21,0,1
BRDA:181,22,0,1
BRDA:187,23,0,1
BRDA:198,24,0,1
BRDA:204,25,0,1
BRDA:215,26,0,1
BRDA:221,27,0,1
BRDA:232,28,0,1
BRDA:240,29,0,1
BRDA:245,30,0,1
BRDA:250,31,0,1
BRDA:257,32,0,1
BRDA:280,33,0,13
BRDA:288,34,0,1
BRDA:293,35,0,1
BRDA:299,36,0,1
BRDA:305,37,0,1
BRDA:311,38,0,1
BRDA:317,39,0,1
BRDA:323,40,0,1
BRDA:329,41,0,1
BRDA:335,42,0,1
BRDA:350,43,0,1
BRDA:356,44,0,1
BRDA:361,45,0,1
BRDA:372,46,0,1
BRF:47
BRH:47
end_of_record
TN:
SF:src/pages/CatalogDetail.tsx
FN:8,CatalogDetail
FNF:1
FNH:1
FNDA:38,CatalogDetail
DA:1,1
DA:8,1
DA:9,38
DA:10,38
DA:12,38
DA:13,1
DA:14,1
DA:15,1
DA:16,1
DA:18,1
DA:20,38
DA:21,2
DA:22,2
DA:23,2
DA:24,2
DA:25,2
DA:26,2
DA:28,2
DA:29,2
DA:30,2
DA:32,2
DA:34,34
DA:35,34
DA:36,34
DA:37,34
DA:38,34
DA:40,34
DA:41,34
DA:43,34
DA:44,34
DA:45,38
DA:46,38
DA:47,38
DA:48,38
DA:49,38
DA:50,38
DA:51,38
DA:52,38
DA:53,38
DA:54,38
DA:55,38
DA:56,38
DA:57,20
DA:59,38
DA:60,38
DA:62,38
DA:63,38
DA:64,38
DA:65,38
DA:66,38
DA:67,38
DA:68,38
DA:69,38
DA:70,38
DA:72,38
DA:73,32
DA:74,32
DA:75,32
DA:76,32
DA:79,38
DA:80,20
DA:81,20
DA:82,20
DA:83,20
DA:86,38
DA:87,20
DA:88,20
DA:89,20
DA:90,20
DA:91,20
DA:92,20
DA:95,38
DA:96,38
DA:97,38
DA:98,38
DA:100,38
DA:101,38
DA:102,38
DA:103,38
DA:104,38
DA:105,38
DA:107,38
DA:108,12
DA:109,12
DA:110,12
DA:111,12
DA:112,12
DA:113,12
DA:114,12
DA:115,12
DA:116,12
DA:117,12
DA:118,12
DA:120,12
DA:121,12
DA:122,12
DA:123,12
DA:124,12
DA:126,12
DA:127,12
DA:128,12
DA:129,12
DA:130,12
DA:132,12
DA:133,12
DA:134,12
DA:135,12
DA:136,12
DA:138,12
DA:139,12
DA:140,12
DA:141,12
DA:142,12
DA:144,12
DA:145,12
DA:146,12
DA:147,12
DA:148,12
DA:150,12
DA:151,1
DA:152,1
DA:153,1
DA:154,1
DA:156,12
DA:157,12
DA:158,12
DA:159,12
DA:160,12
DA:162,12
DA:163,12
DA:164,11
DA:165,11
DA:166,11
DA:168,12
DA:169,12
DA:172,38
DA:173,38
DA:174,38
DA:175,38
DA:176,38
DA:178,38
LF:141
LH:141
BRDA:8,0,0,38
BRDA:12,1,0,1
BRDA:18,2,0,36
BRDA:20,3,0,35
BRDA:20,4,0,2
BRDA:32,5,0,34
BRDA:45,6,0,33
BRDA:45,7,0,1
BRDA:46,8,0,33
BRDA:46,9,0,1
BRDA:48,10,0,20
BRDA:49,11,0,21
BRDA:52,12,0,2
BRDA:56,13,0,20
BRDA:72,14,0,32
BRDA:79,15,0,20
BRDA:86,16,0,20
BRDA:86,17,0,20
BRDA:107,18,0,12
BRDA:150,19,0,1
BRDA:163,20,0,11
BRF:21
BRH:21
end_of_record
TN:
SF:src/pages/CatalogList.test.tsx
FN:13,createWrapper
FN:247,__vite_ssr_import_1__.waitFor.timeout
FNF:2
FNH:2
FNDA:19,createWrapper
FNDA:11,__vite_ssr_import_1__.waitFor.timeout
DA:1,1
DA:2,1
DA:3,1
DA:4,1
DA:5,1
DA:6,1
DA:7,1
DA:9,1
DA:11,1
DA:13,1
DA:14,19
DA:15,19
DA:16,19
DA:17,19
DA:18,19
DA:19,19
DA:20,19
DA:21,21
DA:22,21
DA:23,21
DA:25,19
DA:27,1
DA:28,1
DA:29,19
DA:30,1
DA:32,1
DA:33,1
DA:34,1
DA:35,1
DA:36,1
DA:37,1
DA:38,1
DA:40,1
DA:41,1
DA:42,1
DA:43,1
DA:45,1
DA:46,1
DA:47,1
DA:48,1
DA:49,1
DA:50,1
DA:51,1
DA:53,1
DA:54,1
DA:55,1
DA:56,1
DA:58,1
DA:59,1
DA:60,1
DA:61,1
DA:62,1
DA:63,1
DA:64,1
DA:66,1
DA:67,1
DA:68,1
DA:69,1
DA:71,1
DA:72,1
DA:73,1
DA:74,1
DA:75,1
DA:76,1
DA:77,1
DA:78,1
DA:79,1
DA:80,1
DA:81,1
DA:82,1
DA:83,1
DA:84,1
DA:85,1
DA:86,1
DA:87,1
DA:88,1
DA:89,1
DA:90,1
DA:91,1
DA:92,1
DA:93,1
DA:94,1
DA:95,1
DA:96,1
DA:97,1
DA:98,1
DA:99,1
DA:100,1
DA:102,1
DA:103,14
DA:104,14
DA:105,14
DA:106,14
DA:107,14
DA:108,1
DA:110,1
DA:111,1
DA:112,1
DA:113,1
DA:115,1
DA:116,1
DA:117,1
DA:118,1
DA:120,1
DA:121,1
DA:122,1
DA:123,1
DA:124,1
DA:126,1
DA:127,1
DA:128,1
DA:129,1
DA:130,1
DA:132,1
DA:133,1
DA:134,1
DA:135,1
DA:136,1
DA:138,1
DA:139,1
DA:140,1
DA:141,1
DA:142,1
DA:143,1
DA:144,1
DA:145,1
DA:146,1
DA:147,1
DA:148,1
DA:149,1
DA:150,1
DA:151,1
DA:152,1
DA:153,1
DA:155,1
DA:156,1
DA:157,1
DA:159,1
DA:160,1
DA:161,1
DA:162,1
DA:164,1
DA:165,1
DA:166,1
DA:167,1
DA:168,1
DA:170,1
DA:171,1
DA:172,1
DA:173,1
DA:175,1
DA:176,1
DA:177,1
DA:178,1
DA:180,1
DA:181,1
DA:182,1
DA:183,1
DA:184,1
DA:185,1
DA:186,1
DA:188,1
DA:189,1
DA:190,1
DA:191,1
DA:192,1
DA:193,1
DA:194,1
DA:195,1
DA:196,1
DA:197,1
DA:198,1
DA:199,1
DA:200,1
DA:201,1
DA:202,1
DA:203,1
DA:204,1
DA:206,1
DA:207,1
DA:208,1
DA:210,1
DA:211,1
DA:213,1
DA:214,1
DA:216,1
DA:217,1
DA:218,1
DA:219,1
DA:220,1
DA:221,1
DA:222,1
DA:223,1
DA:224,1
DA:226,1
DA:227,1
DA:228,1
DA:229,1
DA:230,1
DA:232,1
DA:233,1
DA:234,1
DA:235,1
DA:236,1
DA:237,1
DA:238,1
DA:239,1
DA:241,1
DA:243,1
DA:244,1
DA:246,1
DA:247,1
DA:248,11
DA:249,11
DA:250,11
DA:251,11
DA:252,1
DA:253,1
DA:254,1
DA:255,1
DA:257,1
DA:258,1
DA:259,1
DA:260,1
DA:261,1
DA:262,1
DA:263,1
DA:264,1
DA:265,1
DA:266,1
DA:267,1
DA:269,1
DA:271,1
DA:272,1
DA:274,1
DA:275,1
DA:276,1
DA:277,1
DA:278,1
DA:279,1
DA:280,1
DA:281,1
LF:242
LH:242
BRDA:13,0,0,19
BRDA:20,1,0,21
BRDA:27,2,0,1
BRDA:28,3,0,19
BRDA:32,4,0,1
BRDA:33,5,0,1
BRDA:45,6,0,1
BRDA:46,7,0,1
BRDA:58,8,0,1
BRDA:59,9,0,1
BRDA:71,10,0,1
BRDA:102,11,0,14
BRDA:110,12,0,1
BRDA:115,13,0,1
BRDA:120,14,0,1
BRDA:126,15,0,1
BRDA:132,16,0,1
BRDA:138,17,0,1
BRDA:159,18,0,1
BRDA:164,19,0,1
BRDA:170,20,0,1
BRDA:175,21,0,1
BRDA:180,22,0,1
BRDA:188,23,0,1
BRDA:210,24,0,1
BRDA:216,25,0,1
BRDA:232,26,0,1
BRDA:233,27,0,1
BRDA:247,28,0,11
BRDA:257,29,0,1
BRDA:258,30,0,1
BRDA:274,31,0,1
BRF:32
BRH:32
end_of_record
TN:
SF:src/pages/CatalogList.tsx
FN:10,CatalogList
FNF:1
FNH:1
FNDA:22,CatalogList
DA:1,1
DA:10,1
DA:11,22
DA:12,22
DA:13,22
DA:15,22
DA:17,22
DA:18,1
DA:19,1
DA:20,1
DA:21,1
DA:23,1
DA:25,22
DA:26,1
DA:27,1
DA:28,1
DA:29,1
DA:31,1
DA:33,19
DA:34,19
DA:35,19
DA:36,19
DA:37,19
DA:39,19
DA:41,19
DA:42,3
DA:43,3
DA:44,3
DA:46,16
DA:47,16
DA:48,16
DA:49,84
DA:50,84
DA:51,84
DA:52,84
DA:53,84
DA:54,84
DA:55,84
DA:56,84
DA:57,84
DA:58,84
DA:59,84
DA:60,84
DA:61,84
DA:62,84
DA:63,84
DA:64,84
DA:65,84
DA:66,84
DA:67,84
DA:68,11
DA:69,11
DA:70,11
DA:71,11
DA:73,84
DA:74,11
DA:75,11
DA:76,11
DA:78,84
DA:79,84
DA:80,84
DA:81,84
DA:82,16
DA:83,16
DA:85,16
DA:86,16
DA:87,16
DA:88,16
DA:89,16
DA:90,16
DA:91,16
DA:93,22
DA:95,22
LF:73
LH:73
BRDA:10,0,0,22
BRDA:17,1,0,1
BRDA:23,2,0,20
BRDA:25,3,0,1
BRDA:31,4,0,19
BRDA:41,5,0,3
BRDA:44,6,0,16
BRDA:86,7,0,0
BRDA:48,8,0,84
BRDA:54,9,0,1
BRDA:59,10,0,23
BRDA:59,11,0,61
BRDA:60,12,0,23
BRDA:60,13,0,61
BRDA:62,14,0,11
BRDA:63,15,0,22
BRDA:67,16,0,11
BRDA:67,17,0,11
BRDA:73,18,0,11
BRF:19
BRH:18
end_of_record
TN:
SF:src/pages/Groups.tsx
FN:1,(empty-report)
FNF:1
FNH:0
FNDA:0,(empty-report)
DA:1,0
DA:19,0
DA:20,0
DA:21,0
DA:22,0
DA:23,0
DA:24,0
DA:25,0
DA:26,0
DA:28,0
DA:29,0
DA:30,0
DA:31,0
DA:33,0
DA:34,0
DA:35,0
DA:36,0
DA:37,0
DA:38,0
DA:39,0
DA:40,0
DA:41,0
DA:42,0
DA:43,0
DA:44,0
DA:46,0
DA:47,0
DA:48,0
DA:49,0
DA:50,0
DA:51,0
DA:52,0
DA:53,0
DA:54,0
DA:55,0
DA:56,0
DA:57,0
DA:59,0
DA:60,0
DA:61,0
DA:62,0
DA:63,0
DA:64,0
DA:65,0
DA:66,0
DA:67,0
DA:68,0
DA:69,0
DA:71,0
DA:72,0
DA:73,0
DA:74,0
DA:75,0
DA:76,0
DA:78,0
DA:79,0
DA:80,0
DA:81,0
DA:82,0
DA:84,0
DA:85,0
DA:86,0
DA:87,0
DA:88,0
DA:90,0
DA:92,0
DA:93,0
DA:94,0
DA:95,0
DA:96,0
DA:97,0
DA:99,0
DA:100,0
DA:102,0
DA:103,0
DA:104,0
DA:106,0
DA:107,0
DA:108,0
DA:109,0
DA:110,0
DA:111,0
DA:113,0
DA:114,0
DA:115,0
DA:116,0
DA:117,0
DA:118,0
DA:119,0
DA:120,0
DA:121,0
DA:122,0
DA:123,0
DA:124,0
DA:125,0
DA:126,0
DA:127,0
DA:128,0
DA:129,0
DA:131,0
DA:132,0
DA:133,0
DA:134,0
DA:136,0
DA:137,0
DA:138,0
DA:139,0
DA:140,0
DA:141,0
DA:143,0
DA:144,0
DA:145,0
DA:146,0
DA:149,0
DA:150,0
DA:151,0
DA:152,0
DA:153,0
DA:154,0
DA:155,0
DA:156,0
DA:157,0
DA:158,0
DA:159,0
DA:160,0
DA:161,0
DA:162,0
DA:163,0
DA:164,0
DA:165,0
DA:166,0
DA:167,0
DA:168,0
DA:169,0
DA:170,0
DA:171,0
DA:172,0
DA:173,0
DA:174,0
DA:175,0
DA:176,0
DA:177,0
DA:179,0
DA:180,0
DA:182,0
DA:183,0
DA:184,0
DA:186,0
DA:187,0
DA:188,0
DA:189,0
DA:191,0
DA:192,0
DA:193,0
DA:194,0
DA:196,0
DA:197,0
DA:198,0
DA:199,0
DA:200,0
DA:202,0
DA:203,0
DA:204,0
DA:206,0
DA:208,0
LF:165
LH:0
BRDA:1,0,0,0
BRF:1
BRH:0
end_of_record
TN:
SF:src/pages/Landing.test.tsx
FN:6,renderWithRouter
FNF:1
FNH:1
FNDA:17,renderWithRouter
DA:1,1
DA:2,1
DA:3,1
DA:4,1
DA:6,1
DA:7,17
DA:8,17
DA:10,1
DA:11,1
DA:12,1
DA:13,1
DA:14,1
DA:15,1
DA:16,1
DA:18,1
DA:19,1
DA:20,1
DA:21,1
DA:22,1
DA:23,1
DA:25,1
DA:26,1
DA:27,1
DA:28,1
DA:29,1
DA:31,1
DA:32,1
DA:33,1
DA:34,1
DA:35,1
DA:37,1
DA:38,1
DA:39,1
DA:40,1
DA:41,1
DA:42,1
DA:43,1
DA:44,1
DA:46,1
DA:47,1
DA:48,1
DA:49,1
DA:50,1
DA:51,1
DA:52,1
DA:54,1
DA:55,1
DA:56,1
DA:57,1
DA:58,1
DA:59,1
DA:60,1
DA:62,1
DA:63,1
DA:64,1
DA:65,1
DA:66,1
DA:67,1
DA:68,1
DA:69,1
DA:71,1
DA:72,1
DA:73,1
DA:74,1
DA:75,1
DA:76,1
DA:78,1
DA:79,1
DA:80,1
DA:81,1
DA:82,1
DA:83,1
DA:84,1
DA:86,1
DA:87,1
DA:88,1
DA:89,1
DA:90,1
DA:91,1
DA:92,1
DA:94,1
DA:95,1
DA:96,1
DA:97,1
DA:98,1
DA:99,1
DA:100,1
DA:102,1
DA:103,1
DA:104,1
DA:105,1
DA:106,1
DA:107,1
DA:108,1
DA:109,1
DA:111,1
DA:112,1
DA:113,1
DA:114,1
DA:115,1
DA:116,1
DA:118,1
DA:119,1
DA:120,1
DA:121,1
DA:122,1
DA:123,1
DA:124,1
DA:126,1
DA:127,1
DA:128,1
DA:129,1
DA:130,1
DA:131,2
DA:132,2
DA:133,1
DA:134,1
DA:135,1
DA:137,1
DA:138,1
DA:139,1
DA:140,1
DA:141,1
DA:142,1
DA:143,1
DA:144,1
DA:145,1
LF:127
LH:127
BRDA:6,0,0,17
BRDA:10,1,0,1
BRDA:11,2,0,1
BRDA:12,3,0,1
BRDA:18,4,0,1
BRDA:25,5,0,1
BRDA:31,6,0,1
BRDA:37,7,0,1
BRDA:38,8,0,1
BRDA:46,9,0,1
BRDA:54,10,0,1
BRDA:62,11,0,1
BRDA:71,12,0,1
BRDA:72,13,0,1
BRDA:78,14,0,1
BRDA:86,15,0,1
BRDA:94,16,0,1
BRDA:102,17,0,1
BRDA:111,18,0,1
BRDA:112,19,0,1
BRDA:118,20,0,1
BRDA:126,21,0,1
BRDA:127,22,0,1
BRDA:130,23,0,2
BRDA:137,24,0,1
BRDA:138,25,0,1
BRF:26
BRH:26
end_of_record
TN:
SF:src/pages/Landing.tsx
FN:6,Landing
FNF:1
FNH:1
FNDA:18,Landing
DA:1,1
DA:6,1
DA:7,18
DA:8,18
DA:10,18
DA:11,18
DA:12,18
DA:13,18
DA:14,18
DA:15,18
DA:16,18
DA:18,18
DA:19,18
DA:20,18
DA:21,18
DA:22,18
DA:23,18
DA:25,18
DA:26,18
DA:27,18
DA:29,18
DA:30,18
DA:31,18
DA:32,18
DA:33,18
DA:34,18
DA:35,18
DA:36,18
DA:37,18
DA:38,18
DA:39,18
DA:42,18
DA:43,18
DA:44,18
DA:45,18
DA:46,18
DA:47,18
DA:48,18
DA:49,18
DA:50,18
DA:52,18
DA:53,18
DA:54,18
DA:56,18
DA:57,18
DA:58,18
DA:59,18
DA:60,18
DA:61,18
DA:62,18
DA:64,18
DA:65,18
DA:66,18
DA:68,18
DA:69,18
DA:70,18
DA:71,18
DA:72,18
DA:73,18
DA:74,18
DA:76,18
DA:77,18
DA:78,18
DA:80,18
DA:81,18
DA:82,18
DA:83,18
DA:84,18
DA:85,18
DA:86,18
DA:88,18
DA:89,18
DA:90,18
DA:91,18
DA:92,18
DA:95,18
DA:96,18
DA:97,18
DA:98,18
DA:99,18
DA:100,18
DA:102,18
DA:103,18
DA:104,18
DA:105,18
DA:106,18
DA:107,18
DA:108,18
DA:109,18
DA:110,18
DA:111,18
DA:113,18
DA:114,18
DA:115,18
DA:116,18
DA:117,18
DA:118,18
DA:119,18
DA:120,18
DA:121,18
DA:123,18
DA:124,18
DA:125,18
DA:126,18
DA:127,18
DA:128,18
DA:129,18
DA:130,18
DA:131,18
DA:133,18
DA:134,18
DA:135,18
DA:136,18
DA:137,18
DA:138,18
DA:139,18
DA:140,18
DA:141,18
DA:142,18
DA:143,18
DA:146,18
DA:147,18
DA:148,18
DA:149,18
DA:150,18
DA:151,18
DA:153,18
DA:154,18
DA:155,18
DA:156,18
DA:157,18
DA:158,18
DA:159,18
DA:161,18
LF:134
LH:134
BRDA:6,0,0,18
BRF:1
BRH:1
end_of_record
TN:
SF:src/pages/Login.test.tsx
FNF:0
FNH:0
DA:1,1
DA:7,1
DA:14,1
DA:15,1
DA:16,17
DA:17,1
DA:19,1
DA:20,1
DA:21,1
DA:23,1
DA:24,1
DA:25,1
DA:26,1
DA:27,1
DA:28,1
DA:30,1
DA:31,1
DA:33,1
DA:34,1
DA:36,1
DA:37,1
DA:39,1
DA:40,1
DA:42,1
DA:43,1
DA:44,1
DA:46,1
DA:47,1
DA:49,1
DA:50,1
DA:52,1
DA:53,1
DA:54,1
DA:56,1
DA:57,1
DA:59,1
DA:60,1
DA:62,1
DA:63,1
DA:64,1
DA:65,1
DA:67,1
DA:68,1
DA:69,1
DA:70,1
DA:72,1
DA:74,1
DA:76,1
DA:77,1
DA:79,1
DA:80,1
DA:81,1
DA:83,1
DA:85,1
DA:87,1
DA:88,1
DA:90,1
DA:91,1
DA:92,1
DA:94,1
DA:96,1
DA:97,1
DA:98,1
DA:100,1
DA:101,1
DA:102,1
DA:104,1
DA:105,1
DA:106,1
DA:107,1
DA:109,1
DA:110,1
DA:111,1
DA:113,1
DA:114,1
DA:116,1
DA:117,1
DA:119,1
DA:120,1
DA:122,1
DA:123,1
DA:124,1
DA:126,1
DA:127,1
DA:128,1
DA:130,1
DA:131,1
DA:132,1
DA:133,1
DA:134,1
DA:136,1
DA:138,1
DA:139,1
DA:140,1
DA:142,1
DA:143,1
DA:144,1
DA:146,1
DA:147,1
DA:148,1
DA:151,1
DA:152,1
DA:154,1
DA:155,1
DA:156,1
DA:157,1
DA:159,1
DA:161,1
DA:162,1
DA:163,1
DA:165,1
DA:166,1
DA:167,1
DA:169,1
DA:170,1
DA:171,1
DA:172,1
DA:173,1
DA:176,1
DA:177,1
DA:179,1
DA:180,1
DA:181,1
DA:183,1
DA:185,1
DA:186,1
DA:187,1
DA:189,1
DA:190,1
DA:191,1
DA:193,1
DA:194,1
DA:195,1
DA:197,1
DA:198,1
DA:199,1
DA:200,1
DA:201,1
DA:202,1
DA:203,1
DA:205,1
DA:206,1
DA:207,1
DA:208,1
DA:210,1
DA:211,1
DA:212,1
DA:213,1
DA:214,1
DA:215,1
DA:216,1
DA:217,1
DA:219,1
DA:221,1
DA:222,1
DA:223,1
DA:225,1
DA:226,1
DA:227,1
DA:229,1
DA:230,1
DA:231,1
DA:233,1
DA:234,1
DA:236,1
DA:237,1
DA:238,1
DA:240,1
DA:241,1
DA:243,1
DA:245,1
DA:246,1
DA:247,1
DA:249,1
DA:250,1
DA:251,1
DA:253,1
DA:254,1
DA:255,1
DA:257,1
DA:258,1
DA:260,1
DA:261,1
DA:262,1
DA:265,1
DA:266,1
DA:267,1
DA:268,1
DA:269,1
DA:270,1
DA:271,1
DA:272,1
DA:274,1
DA:276,1
DA:277,1
DA:278,1
DA:281,1
DA:282,1
DA:283,1
DA:285,1
DA:286,1
DA:287,1
DA:290,1
DA:292,1
DA:293,1
DA:294,1
DA:295,1
DA:296,1
DA:298,1
DA:299,1
DA:300,1
DA:302,1
DA:303,1
DA:305,1
DA:306,1
DA:307,1
DA:309,1
DA:310,1
DA:312,1
DA:314,1
DA:315,1
DA:316,1
DA:318,1
DA:319,1
DA:320,1
DA:322,1
DA:323,1
DA:324,1
DA:326,1
DA:327,1
DA:328,1
DA:330,1
DA:331,1
DA:332,1
DA:334,1
DA:335,1
DA:337,1
DA:338,1
DA:339,1
DA:340,1
DA:341,1
LF:241
LH:241
BRDA:14,0,0,1
BRDA:15,1,0,17
BRDA:19,2,0,1
BRDA:20,3,0,1
BRDA:30,4,0,1
BRDA:36,5,0,1
BRDA:46,6,0,1
BRDA:56,7,0,1
BRDA:67,8,0,1
BRDA:68,9,0,1
BRDA:79,10,0,1
BRDA:90,11,0,1
BRDA:104,12,0,1
BRDA:109,13,0,1
BRDA:116,14,0,1
BRDA:130,15,0,1
BRDA:131,16,0,1
BRDA:134,17,0,1
BRDA:146,18,0,1
BRDA:154,19,0,1
BRDA:157,20,0,1
BRDA:169,21,0,1
BRDA:179,22,0,1
BRDA:193,23,0,1
BRDA:197,24,0,1
BRDA:205,25,0,1
BRDA:206,26,0,1
BRDA:208,27,0,1
BRDA:229,28,0,1
BRDA:236,29,0,1
BRDA:238,30,0,1
BRDA:253,31,0,1
BRDA:260,32,0,1
BRDA:262,33,0,1
BRDA:285,34,0,1
BRDA:298,35,0,1
BRDA:305,36,0,1
BRDA:307,37,0,1
BRDA:322,38,0,1
BRDA:330,39,0,1
BRDA:331,40,0,1
BRF:41
BRH:41
end_of_record
TN:
SF:src/pages/Login.tsx
FN:9,Login
FN:16,handleSubmit
FN:49,onChange
FN:62,onChange
FNF:4
FNH:4
FNDA:164,Login
FNDA:10,handleSubmit
FNDA:58,onChange
FNDA:68,onChange
DA:1,1
DA:9,1
DA:10,164
DA:11,164
DA:12,164
DA:13,164
DA:14,164
DA:16,164
DA:17,10
DA:18,10
DA:19,10
DA:21,10
DA:22,10
DA:23,10
DA:24,4
DA:25,4
DA:26,10
DA:27,10
DA:28,10
DA:29,10
DA:31,164
DA:32,164
DA:33,164
DA:34,164
DA:35,164
DA:36,164
DA:38,164
DA:39,164
DA:40,164
DA:41,164
DA:42,164
DA:43,164
DA:44,164
DA:45,164
DA:46,164
DA:47,164
DA:48,164
DA:49,164
DA:50,164
DA:51,164
DA:52,164
DA:53,164
DA:54,164
DA:55,164
DA:56,164
DA:57,164
DA:58,164
DA:59,164
DA:60,164
DA:61,164
DA:62,164
DA:63,164
DA:64,164
DA:65,164
DA:66,164
DA:67,164
DA:68,164
DA:69,17
DA:70,17
DA:71,17
DA:73,164
DA:74,164
DA:75,164
DA:76,164
DA:77,164
DA:78,164
DA:79,164
DA:80,164
DA:81,164
DA:82,164
DA:84,164
LF:71
LH:71
BRDA:9,0,0,164
BRDA:68,1,0,17
BRDA:74,2,0,10
BRDA:74,3,0,153
BRDA:16,4,0,10
BRDA:22,5,0,6
BRDA:23,6,0,4
BRDA:25,7,0,2
BRDA:25,8,0,2
BRDA:49,9,0,58
BRDA:62,10,0,68
BRF:11
BRH:11
end_of_record
TN:
SF:src/pages/MealPlansPage.test.tsx
FN:20,createWrapper
FNF:1
FNH:1
FNDA:6,createWrapper
DA:1,1
DA:4,1
DA:20,1
DA:21,6
DA:22,6
DA:23,6
DA:24,6
DA:25,6
DA:26,6
DA:27,6
DA:28,6
DA:29,6
DA:30,6
DA:32,6
DA:34,1
DA:35,1
DA:36,1
DA:37,1
DA:38,1
DA:39,1
DA:41,1
DA:42,1
DA:43,1
DA:44,1
DA:45,1
DA:47,1
DA:48,1
DA:49,1
DA:50,1
DA:52,1
DA:53,1
DA:54,1
DA:55,1
DA:56,1
DA:57,1
DA:58,1
DA:60,1
DA:61,1
DA:62,1
DA:63,1
DA:64,1
DA:65,1
DA:66,1
DA:68,1
DA:69,1
DA:70,1
DA:71,1
DA:72,1
DA:73,1
DA:74,1
LF:50
LH:50
BRDA:20,0,0,6
BRDA:27,1,0,6
BRDA:34,2,0,1
BRDA:35,3,0,1
BRDA:36,4,0,1
BRDA:41,5,0,1
BRDA:47,6,0,1
BRDA:52,7,0,1
BRDA:60,8,0,1
BRDA:61,9,0,1
BRDA:68,10,0,1
BRF:11
BRH:11
end_of_record
TN:
SF:src/pages/MealPlansPage.tsx
FN:6,MealPlansPage
FNF:1
FNH:1
FNDA:6,MealPlansPage
DA:1,1
DA:6,1
DA:7,6
DA:8,6
DA:10,6
DA:11,6
DA:12,6
DA:14,6
DA:16,6
DA:17,6
DA:19,6
LF:11
LH:11
BRDA:6,0,0,6
BRF:1
BRH:1
end_of_record
TN:
SF:src/pages/RecipeDetail.test.tsx
FN:29,createWrapper
FNF:1
FNH:1
FNDA:21,createWrapper
DA:1,1
DA:5,1
DA:9,1
DA:10,1
DA:11,1
DA:12,1
DA:13,1
DA:15,1
DA:16,1
DA:26,1
DA:27,1
DA:29,1
DA:30,21
DA:31,21
DA:32,21
DA:33,21
DA:34,21
DA:35,21
DA:36,21
DA:37,21
DA:38,41
DA:39,41
DA:40,41
DA:41,41
DA:42,41
DA:43,41
DA:44,41
DA:46,21
DA:48,1
DA:49,1
DA:50,21
DA:51,21
DA:52,21
DA:53,21
DA:54,21
DA:55,1
DA:57,1
DA:58,1
DA:59,1
DA:60,1
DA:61,1
DA:62,1
DA:63,1
DA:65,1
DA:66,1
DA:67,1
DA:68,1
DA:70,1
DA:71,1
DA:72,1
DA:73,1
DA:74,1
DA:75,1
DA:76,1
DA:78,1
DA:79,1
DA:80,1
DA:81,1
DA:83,1
DA:84,1
DA:85,1
DA:86,1
DA:87,1
DA:88,1
DA:90,1
DA:91,1
DA:92,1
DA:93,1
DA:95,1
DA:96,1
DA:97,1
DA:98,1
DA:99,1
DA:100,1
DA:101,1
DA:102,1
DA:103,1
DA:104,1
DA:105,1
DA:106,1
DA:107,1
DA:109,1
DA:110,13
DA:111,13
DA:112,13
DA:113,13
DA:114,13
DA:115,1
DA:117,1
DA:118,1
DA:119,1
DA:120,1
DA:122,1
DA:123,1
DA:124,1
DA:125,1
DA:127,1
DA:128,1
DA:129,1
DA:130,1
DA:131,1
DA:132,1
DA:134,1
DA:135,1
DA:136,1
DA:137,1
DA:139,1
DA:140,1
DA:141,1
DA:142,1
DA:143,1
DA:144,1
DA:145,1
DA:146,1
DA:148,1
DA:149,1
DA:150,1
DA:151,1
DA:152,1
DA:153,1
DA:154,1
DA:156,1
DA:157,1
DA:158,1
DA:159,1
DA:160,1
DA:161,1
DA:163,1
DA:164,1
DA:165,1
DA:167,1
DA:168,1
DA:169,1
DA:170,1
DA:172,1
DA:173,1
DA:174,1
DA:175,1
DA:177,1
DA:178,1
DA:179,1
DA:180,1
DA:181,1
DA:183,1
DA:184,1
DA:185,1
DA:186,1
DA:188,1
DA:189,1
DA:190,1
DA:191,1
DA:193,1
DA:194,1
DA:195,1
DA:196,1
DA:197,1
DA:199,1
DA:200,1
DA:201,1
DA:202,1
DA:203,1
DA:205,1
DA:206,1
DA:207,1
DA:208,1
DA:209,1
DA:211,1
DA:212,1
DA:213,1
DA:214,1
DA:215,1
DA:216,1
DA:217,1
DA:218,1
DA:220,1
DA:221,5
DA:222,5
DA:223,5
DA:224,5
DA:225,5
DA:226,1
DA:228,1
DA:229,1
DA:230,1
DA:232,1
DA:234,1
DA:235,1
DA:237,1
DA:238,1
DA:240,1
DA:241,1
DA:242,1
DA:243,1
DA:244,1
DA:245,1
DA:246,1
DA:247,1
DA:249,1
DA:251,1
DA:252,1
DA:254,1
DA:255,1
DA:257,1
DA:258,1
DA:259,1
DA:260,1
DA:261,1
DA:262,1
DA:263,1
DA:264,1
DA:265,1
DA:266,1
DA:268,1
DA:270,1
DA:271,1
DA:273,1
DA:274,1
DA:276,1
DA:277,1
DA:278,1
DA:279,1
DA:280,1
DA:281,1
DA:282,1
DA:283,1
DA:284,1
DA:285,1
DA:287,1
DA:289,1
DA:290,1
DA:292,1
DA:293,1
DA:294,1
DA:295,1
DA:297,1
DA:298,1
DA:299,1
DA:300,1
DA:301,1
DA:302,1
DA:303,1
DA:304,1
DA:305,1
DA:306,1
DA:308,1
DA:310,1
DA:311,1
DA:313,1
DA:314,1
DA:315,1
DA:316,1
DA:317,1
DA:318,1
LF:253
LH:253
BRDA:29,0,0,21
BRDA:37,1,0,41
BRDA:48,2,0,1
BRDA:49,3,0,21
BRDA:57,4,0,1
BRDA:58,5,0,1
BRDA:70,6,0,1
BRDA:71,7,0,1
BRDA:83,8,0,1
BRDA:95,9,0,1
BRDA:109,10,0,13
BRDA:117,11,0,1
BRDA:122,12,0,1
BRDA:127,13,0,1
BRDA:139,14,0,1
BRDA:148,15,0,1
BRDA:156,16,0,1
BRDA:167,17,0,1
BRDA:172,18,0,1
BRDA:177,19,0,1
BRDA:183,20,0,1
BRDA:188,21,0,1
BRDA:193,22,0,1
BRDA:199,23,0,1
BRDA:211,24,0,1
BRDA:220,25,0,5
BRDA:228,26,0,1
BRDA:240,27,0,1
BRDA:257,28,0,1
BRDA:259,29,0,1
BRDA:276,30,0,1
BRDA:278,31,0,1
BRDA:292,32,0,1
BRDA:297,33,0,1
BRDA:299,34,0,1
BRDA:313,35,0,1
BRF:36
BRH:36
end_of_record
TN:
SF:src/pages/RecipeDetail.tsx
FN:8,RecipeDetail
FN:14,handleDelete
FN:18,onSuccess
FN:19,onError
FNF:4
FNH:4
FNDA:22,RecipeDetail
FNDA:5,handleDelete
FNDA:2,onSuccess
FNDA:1,onError
DA:1,1
DA:8,1
DA:9,22
DA:10,22
DA:11,22
DA:12,22
DA:14,22
DA:15,5
DA:17,3
DA:18,3
DA:19,3
DA:20,3
DA:21,5
DA:23,22
DA:24,1
DA:25,1
DA:26,1
DA:27,1
DA:29,1
DA:31,22
DA:32,2
DA:33,2
DA:34,2
DA:35,2
DA:36,2
DA:37,2
DA:39,2
DA:40,2
DA:41,2
DA:43,2
DA:45,18
DA:46,18
DA:47,18
DA:48,18
DA:49,18
DA:50,18
DA:52,18
DA:53,18
DA:54,18
DA:55,18
DA:56,18
DA:57,18
DA:59,18
DA:60,18
DA:61,18
DA:62,18
DA:64,18
DA:65,18
DA:66,18
DA:68,18
DA:69,18
DA:70,18
DA:71,12
DA:73,22
DA:75,22
DA:76,22
DA:77,22
DA:78,22
DA:79,22
DA:80,22
DA:81,22
DA:82,26
DA:83,26
DA:84,26
DA:85,26
DA:86,26
DA:87,26
DA:88,22
DA:89,22
DA:90,22
DA:91,22
DA:93,22
DA:94,12
DA:95,12
DA:96,12
DA:97,12
DA:98,12
DA:99,12
DA:100,12
DA:101,36
DA:102,36
DA:103,36
DA:104,12
DA:105,12
DA:106,12
DA:107,12
DA:110,22
DA:111,22
DA:112,22
DA:113,22
DA:114,22
DA:116,22
LF:92
LH:92
BRDA:8,0,0,22
BRDA:23,1,0,1
BRDA:29,2,0,20
BRDA:31,3,0,19
BRDA:31,4,0,2
BRDA:43,5,0,18
BRDA:70,6,0,12
BRDA:93,7,0,13
BRDA:93,8,0,12
BRDA:14,9,0,5
BRDA:15,10,0,2
BRDA:15,11,0,3
BRDA:18,12,0,2
BRDA:19,13,0,1
BRDA:81,14,0,26
BRDA:100,15,0,36
BRF:16
BRH:16
end_of_record
TN:
SF:src/pages/RecipeForm.tsx
FN:1,(empty-report)
FNF:1
FNH:0
FNDA:0,(empty-report)
DA:1,0
DA:11,0
DA:12,0
DA:13,0
DA:15,0
DA:16,0
DA:17,0
DA:18,0
DA:20,0
DA:21,0
DA:22,0
DA:23,0
DA:26,0
DA:27,0
DA:28,0
DA:29,0
DA:31,0
DA:32,0
DA:33,0
DA:34,0
DA:35,0
DA:36,0
DA:37,0
DA:38,0
DA:39,0
DA:40,0
DA:41,0
DA:42,0
DA:43,0
DA:44,0
DA:45,0
DA:47,0
DA:48,0
DA:50,0
DA:51,0
DA:52,0
DA:53,0
DA:55,0
DA:56,0
DA:57,0
DA:58,0
DA:61,0
DA:62,0
DA:63,0
DA:64,0
DA:65,0
DA:67,0
DA:68,0
DA:69,0
DA:70,0
DA:71,0
DA:72,0
DA:74,0
DA:75,0
DA:76,0
DA:77,0
DA:78,0
DA:79,0
DA:80,0
DA:81,0
DA:82,0
DA:83,0
DA:84,0
DA:85,0
DA:86,0
DA:87,0
DA:88,0
DA:89,0
DA:90,0
DA:91,0
DA:92,0
DA:93,0
DA:94,0
DA:96,0
DA:97,0
DA:98,0
DA:99,0
DA:100,0
DA:102,0
DA:104,0
DA:105,0
DA:106,0
DA:108,0
DA:109,0
DA:110,0
DA:111,0
DA:112,0
DA:113,0
DA:114,0
DA:115,0
DA:117,0
DA:118,0
DA:119,0
DA:120,0
DA:121,0
DA:122,0
DA:123,0
DA:124,0
DA:125,0
DA:126,0
DA:127,0
DA:128,0
DA:130,0
DA:131,0
DA:133,0
DA:134,0
DA:135,0
DA:136,0
DA:137,0
DA:138,0
DA:139,0
DA:140,0
DA:141,0
DA:142,0
DA:143,0
DA:144,0
DA:146,0
DA:147,0
DA:148,0
DA:149,0
DA:150,0
DA:151,0
DA:152,0
DA:153,0
DA:155,0
DA:156,0
DA:157,0
DA:158,0
DA:159,0
DA:160,0
DA:161,0
DA:162,0
DA:163,0
DA:164,0
DA:165,0
DA:166,0
DA:167,0
DA:169,0
DA:170,0
DA:171,0
DA:173,0
DA:174,0
DA:175,0
DA:176,0
DA:177,0
DA:178,0
DA:179,0
DA:180,0
DA:181,0
DA:182,0
DA:183,0
DA:184,0
DA:185,0
DA:186,0
DA:187,0
DA:188,0
DA:190,0
DA:191,0
DA:192,0
DA:193,0
DA:195,0
LF:161
LH:0
BRDA:1,0,0,0
BRF:1
BRH:0
end_of_record
TN:
SF:src/pages/RecipeList.test.tsx
FN:13,createWrapper
FN:225,__vite_ssr_import_1__.waitFor.timeout
FNF:2
FNH:2
FNDA:17,createWrapper
FNDA:11,__vite_ssr_import_1__.waitFor.timeout
DA:1,1
DA:2,1
DA:3,1
DA:4,1
DA:5,1
DA:6,1
DA:7,1
DA:9,1
DA:11,1
DA:13,1
DA:14,17
DA:15,17
DA:16,17
DA:17,17
DA:18,17
DA:19,17
DA:20,17
DA:21,32
DA:22,32
DA:23,32
DA:25,17
DA:27,1
DA:28,1
DA:29,17
DA:30,1
DA:32,1
DA:33,1
DA:34,1
DA:35,1
DA:36,1
DA:37,1
DA:38,1
DA:40,1
DA:41,1
DA:42,1
DA:43,1
DA:45,1
DA:46,1
DA:47,1
DA:48,1
DA:49,1
DA:50,1
DA:51,1
DA:53,1
DA:54,1
DA:55,1
DA:56,1
DA:58,1
DA:59,1
DA:60,1
DA:61,1
DA:62,1
DA:63,1
DA:64,1
DA:66,1
DA:67,1
DA:68,1
DA:69,1
DA:70,1
DA:72,1
DA:73,1
DA:74,1
DA:75,1
DA:76,1
DA:77,1
DA:78,1
DA:79,1
DA:80,1
DA:81,1
DA:82,1
DA:83,1
DA:84,1
DA:85,1
DA:86,1
DA:87,1
DA:88,1
DA:89,1
DA:91,1
DA:92,12
DA:93,12
DA:94,12
DA:95,12
DA:96,12
DA:97,1
DA:99,1
DA:100,1
DA:101,1
DA:102,1
DA:104,1
DA:105,1
DA:106,1
DA:107,1
DA:109,1
DA:110,1
DA:111,1
DA:112,1
DA:114,1
DA:115,1
DA:116,1
DA:117,1
DA:118,1
DA:120,1
DA:121,1
DA:122,1
DA:123,1
DA:124,1
DA:126,1
DA:127,1
DA:128,1
DA:129,1
DA:130,1
DA:132,1
DA:133,1
DA:134,1
DA:135,1
DA:136,1
DA:137,1
DA:138,1
DA:139,1
DA:140,1
DA:141,1
DA:142,1
DA:143,1
DA:144,1
DA:145,1
DA:146,1
DA:148,1
DA:149,1
DA:150,1
DA:152,1
DA:153,1
DA:154,1
DA:155,1
DA:156,1
DA:157,1
DA:158,1
DA:159,1
DA:160,1
DA:161,1
DA:162,1
DA:163,1
DA:164,1
DA:165,1
DA:166,1
DA:167,1
DA:169,1
DA:170,1
DA:171,1
DA:173,1
DA:174,1
DA:175,1
DA:176,1
DA:177,1
DA:178,1
DA:179,1
DA:181,1
DA:182,1
DA:183,1
DA:184,1
DA:185,1
DA:187,1
DA:188,1
DA:190,1
DA:191,1
DA:193,1
DA:194,1
DA:195,1
DA:196,1
DA:197,1
DA:198,1
DA:199,1
DA:200,1
DA:201,1
DA:203,1
DA:204,1
DA:205,1
DA:206,1
DA:207,1
DA:209,1
DA:210,1
DA:211,1
DA:212,1
DA:213,1
DA:214,1
DA:215,1
DA:216,1
DA:218,1
DA:220,1
DA:221,1
DA:224,1
DA:225,1
DA:226,11
DA:227,11
DA:228,11
DA:229,11
DA:230,1
DA:231,1
DA:232,1
DA:233,1
DA:235,1
DA:236,1
DA:237,1
DA:238,1
DA:239,1
DA:240,1
DA:241,1
DA:242,1
DA:243,1
DA:244,1
DA:245,1
DA:247,1
DA:250,1
DA:251,1
DA:253,1
DA:254,1
DA:255,1
DA:256,1
DA:257,1
DA:258,1
DA:259,1
DA:260,1
LF:221
LH:221
BRDA:13,0,0,17
BRDA:20,1,0,32
BRDA:27,2,0,1
BRDA:28,3,0,17
BRDA:32,4,0,1
BRDA:33,5,0,1
BRDA:45,6,0,1
BRDA:46,7,0,1
BRDA:58,8,0,1
BRDA:59,9,0,1
BRDA:72,10,0,1
BRDA:91,11,0,12
BRDA:99,12,0,1
BRDA:104,13,0,1
BRDA:109,14,0,1
BRDA:114,15,0,1
BRDA:120,16,0,1
BRDA:126,17,0,1
BRDA:132,18,0,1
BRDA:152,19,0,1
BRDA:173,20,0,1
BRDA:181,21,0,1
BRDA:187,22,0,1
BRDA:193,23,0,1
BRDA:209,24,0,1
BRDA:210,25,0,1
BRDA:225,26,0,11
BRDA:235,27,0,1
BRDA:236,28,0,1
BRDA:253,29,0,1
BRF:30
BRH:30
end_of_record
TN:
SF:src/pages/RecipeList.tsx
FN:10,RecipeList
FNF:1
FNH:1
FNDA:20,RecipeList
DA:1,1
DA:10,1
DA:11,20
DA:12,20
DA:13,20
DA:15,20
DA:17,20
DA:18,1
DA:19,1
DA:20,1
DA:21,1
DA:23,1
DA:25,20
DA:26,1
DA:27,1
DA:28,1
DA:29,1
DA:31,1
DA:33,17
DA:34,17
DA:35,17
DA:36,17
DA:37,17
DA:38,17
DA:39,17
DA:41,17
DA:42,17
DA:43,17
DA:45,17
DA:47,17
DA:48,3
DA:49,3
DA:50,3
DA:51,3
DA:52,3
DA:53,3
DA:55,14
DA:56,14
DA:57,14
DA:58,80
DA:59,80
DA:60,80
DA:61,80
DA:62,80
DA:63,80
DA:64,80
DA:65,80
DA:66,80
DA:67,80
DA:68,80
DA:69,80
DA:70,80
DA:71,14
DA:72,14
DA:74,14
DA:75,14
DA:76,14
DA:77,14
DA:78,14
DA:79,14
DA:80,14
DA:82,20
DA:84,20
LF:63
LH:63
BRDA:10,0,0,20
BRDA:17,1,0,1
BRDA:23,2,0,18
BRDA:25,3,0,1
BRDA:31,4,0,17
BRDA:47,5,0,3
BRDA:53,6,0,14
BRDA:75,7,0,0
BRDA:57,8,0,80
BRDA:63,9,0,62
BRDA:66,10,0,79
BRDA:66,11,0,1
BRF:12
BRH:11
end_of_record
